<?xml version="1.0" encoding="UTF-8" standalone="yes"?>
<ExperimentResults><ExperimentInfo Name="Experiment_1"><ExpDescription></ExpDescription><RTDVersion>2.0</RTDVersion><RunID>ADD89F71-78E5-44DB-A4BE-8AC57E322F2C</RunID><ExperimentType>KINETICS</ExperimentType><ExperimentSubType>KBASIC</ExperimentSubType><StartDateTime>2021-07-23T13:43:32</StartDateTime><MachineName>910SDZ1</MachineName><UserName>Labuser</UserName><LotNumber></LotNumber><PlateName>210723</PlateName><PlateName2></PlateName2><SensorName>D8</SensorName><SensorPlate>1</SensorPlate><SensorType>SA (Streptavidin)</SensorType><SensorRole>LIGAND</SensorRole><SensorInfo></SensorInfo><WritingSW>DataAcquisition.exe 8.2.0.9</WritingSW><InstrumentType>OctetRED96</InstrumentType><InstrumentFW></InstrumentFW><IntegrationTime>2.4</IntegrationTime><DSPType>CPF</DSPType><DSPStitching>1</DSPStitching><InfoHash>-1024233417</InfoHash></ExperimentInfo><AssayParamsInfo/><KineticsData><Step><CommonData><SampleLocation>1</SampleLocation><SampleID></SampleID><SampleGroup></SampleGroup><SampleInfo></SampleInfo><SampleRow>D</SampleRow><SamplePlate>1</SamplePlate><WellType>BUFFER</WellType><Concentration>-1</Concentration><ConcentrationUnits>µg/ml</ConcentrationUnits><MolarConcentration>-1</MolarConcentration><MolarConcUnits>µM</MolarConcUnits><MolecularWeight>-1</MolecularWeight><Temperature>28</Temperature><StartTime>0</StartTime><AssayTime>60</AssayTime></CommonData><FlowRate>1000</FlowRate><StepType>BASELINE</StepType><StepName>Baseline</StepName><StepStatus>OK</StepStatus><ActualTime>59.995</ActualTime><CycleTime>0.2</CycleTime><AssayXData Points="300">AAAAADvfTz4nMcg+2c4XP7KdTz93vn8/2c6XP0a2sz+oxss/y6HlP/7UAEDNzAxAwcoZQFK4
JkCDwDJAd74/QAisTED8qVlAy6FlQGq8dEDsUYBA002GQK5HjUCWQ5NArkeZQHe+n0BxPaZA
arysQGQ7s0BeurlARra/QA4txkAIrMxAAivTQPyp2UD2KOBA3STmQNej7ECynfNAmpn5QLKd
/0DHSwNBukkGQTeJCUG0yAxBMQgQQSUGE0GJQRZBBoEZQYPAHEEAACBBfT8jQXE9JkFeuilB
arwsQc/3L0FMNzNByXY2Qbx0OUHD9TxBJzFAQRsvQ0EnMUZBFK5JQQisTEGF609Bc2hTQX9q
VkH8qVlBYOVcQVTjX0HRImNB16NmQcuhaUG+n2xBxSBwQbgec0E1XnZBmpl5QRfZfEEK139B
RIuBQQIrg0HByoRBc2iGQTEIiEErh4lBrkeLQajGjEFmZo5BYOWPQR+FkUHdJJNBj8KUQU5i
lkEMAphBBoGZQcUgm0GDwJxBQmCeQfT9n0GynaFBuB6jQS/dpEEpXKZB5/unQaabqUFYOatB
XrqsQdV4rkHP969BjZexQYcWs0FGtrRBBFa2QXsUuEF1k7lBMzO7QfLSvEHsUb5BqvG/QWiR
wUGJQcNB2c7EQd9PxkGR7cdBUI3JQQ4ty0HNzMxBi2zOQYXrz0H8qdFB9ijTQbTI1EFzaNZB
MQjYQSuH2UGiRdtBqMbcQVpk3kEZBOBBEoPhQdEi40GPwuRBTmLmQQwC6EEGgelBxSDrQXe+
7EH6fu5B9P3vQbKd8UG4HvNBI9v0QSlc9kHb+fdBmpn5QVg5+0FSuPxB1Xj+Qc/3/0HBygBC
oJoBQn9qAkL8KQNCPQoEQrrJBEKamQVCeWkGQvYoB0KHFghCrscIQo2XCUJtZwpCTDcLQsn2
C0KoxgxCgZUNQmBlDkJMNw9CHwUQQpzEEEJ7lBFCtnMSQjk0E0ISAxRCj8IUQm+SFUJOYhZC
LTIXQgwCGELl0BhCaJEZQqRwGkIhMBtCAAAcQt/PHEJcjx1CO18eQnc+H0L0/R9C080gQrKd
IUIvXSJCDi0jQkoMJELNzCRCSowlQoVrJkICKydC4fonQsHKKEKgmilCNV4qQlg5K0Lb+StC
tMgsQpOYLUJzaC5C8CcvQs/3L0KuxzBCjZcxQmZmMkJGNjNCw/UzQqLFNELjpTVCYGU2Qj81
N0IZBDhCnMQ4QnWTOUK2czpCMzM7QrDyO0Ly0jxCb5I9Qk5iPkKJQT9CBgFAQoPAQEJikEFC
QmBCQiEwQ0JcD0RC389EQlyPRUKYbkZCFC5HQvT9R0LTzUhCrJxJQi9dSkIOLUtCSgxMQsfL
TEJEi01ChWtOQgIrT0Lh+k9CHdpQQpqZUUIdWlJCWDlTQtX4U0K0yFRC8KdVQnNoVkLwJ1dC
KwdYQqjGWEKHlllCZmZaQkY2W0LD9VtCosVcQnuUXUJaZF5C3SRfQhkEYEKWw2BCdZNhQlRj
YkIzM2NCsPJjQuzRZEJokWVCSGFmQolBZ0IGAWhCg8BoQr6faUJCYGpCGy9rQvr+a0LZzmxC
Vo5tQphubkIULm9C</AssayXData><AssayYData Points="300">AAAAAP0JQTs0t4C5A/XAuSCtF7ogSro6n1VHuW6pOzsdd5i7+ZaIOlsVjjrMLpg691SnuhMv
TDu7kHc79V/GOnPebLr8+yG5P4OQO+CS9zpAHL062Dw0OjtrTjum/Cw7d1teOy73njsGFpM7
pAJmO+Ue9zru+x4719OIO5QPoTvHIhO6/9GQO7JJazvDUWQ7mYlCO2pH7jviUM62Cd6+OzBA
vzo4ELs6BjmFO++qQjuMTBg7sRKEO/UtOTtgwrk67pVWOzthUjv+X6w7hXOIOztizDsh94s7
HkF8O6gQ0TsLLkA7aUjHOxYoojuqUQ48bFL2OzQ/uTsMvus7/WPmOlunBzzZyko7Vg/WO7ug
oDvQy7c7EpGeOw0whzv8pJk7AgwhOwTWOTtnfng778rdOw1bCDytXeU7MugsO7+FjDtlQaA7
om3PO0fByTt57N87F0/OO5YGmDtk45c7QL8CPDrqiTuWFXY70Eg0O7boUzs2K9Y7wc6FO9ua
lzuj1es7TTsBPEihGTuNQl87fLXOOxr4wjt0f307jCEPPD3saztGod878aQDPKtpwTsuRDk8
4MWYO8lrFDxkGOU7v8anO6+GyDt1oso7j4K3Oz27bzv+ofE7DX4nPE3wJDxI5Qc8NPARPPK7
tDtuDec7TDiKO/QPGjywBOA7yv67O4GfFTyQetI7384RPJVVPjxO13c7F0omPGZSBTx4qxE8
hr4bOx4UDDyzd587iw7KO515HTwUYa077TbcO9P/CzynUyU8110VPKky8jspdCw8umkLPNgF
zTvmfbE72anXO97XkzuW9uc75ce3O5MUOjyLcxQ8TfZbO1T0BDzu4wc8qtxTPCwSLzx6XPg7
pMLiOxuTGjyPXB08+SnHO+O5LzzzMAQ8hhn/O7KlFjxN4/k7T8upO34//jtOh/s7KYXkO4Hz
FDxrSPs7R4rFO3baBzxPtx48PlIGPHU5BTyhfPg7j1HUO791gDvR+ig85eA2PD8rDDzQGQU8
02yCO+DD3zvVjxY8/Xg3PLGtBTwjiyk8TQMhPHBD4js7evM7tpL6O8hjHzx+tlA8SMQIPLPb
3DtwdTU82QQrPMldGTywnOI7jc2/Oz8mHzx07Og7AV4GPE645DsAvUw85UJjPL9d+Tv48Ck8
u5/3O/wD1TuDpSk8E58lPAvLUTyCTyM8ihfQOyqSCDysBUc8tx8cPGIbNTxEhOU7hNAWPDlW
WDzTlOc71braO4yyIjzBKi88jWdNPLpFUDwWbkM8zdc5PN2ZETzjGks8kLP0O7BkxDuVXEM8
c31dPHWu7DvAKA48RjoAPBsUITyDBRM8ytogPAWp9DuuLxs8agY0PMmSljv0WTY8FtZEPBpq
KDxGjT08uWIDPAg1JTxKGgY8DjgxPFIRRDyVwiA8cuRGPFfV/juUbb87WR3tO498yDtZxhM8
FCwvPF189jsA0UY8K+BUPAxc7juBlS88jyEBPCh8HTygBQM8r41uPDf6SDxELlA85CQzPNwk
VzyxtDU8pQcfPFMlBDxOohI862sqPGNyGjyE6hg8NfpCPLl+VzxJ9xE86SxQPCVT3Du7wy48
4HFqPJgeJTygtBQ8</AssayYData></Step><Step><CommonData><SampleLocation>2</SampleLocation><SampleID></SampleID><SampleGroup></SampleGroup><SampleInfo></SampleInfo><SampleRow>D</SampleRow><SamplePlate>1</SamplePlate><WellType>KLOAD</WellType><Concentration>-1</Concentration><ConcentrationUnits>µg/ml</ConcentrationUnits><MolarConcentration>-1</MolarConcentration><MolarConcUnits>µM</MolarConcUnits><MolecularWeight>-1</MolecularWeight><Temperature>27.8</Temperature><StartTime>87718</StartTime><AssayTime>60</AssayTime></CommonData><FlowRate>1000</FlowRate><StepType>LOADING</StepType><StepName>Loading</StepName><StepStatus>OK</StepStatus><ActualTime>37.593</ActualTime><CycleTime>0.2</CycleTime><AssayXData Points="188">4fpvQrrJcEI9inFCHFpyQlg5c0LV+HNCtMh0QpOYdUIQWHZC7yd3QisHeEKoxnhCh5Z5QgRW
ekLjJXtCwvV7Qv7UfEKBlX1CWmR+Qjk0f0K2839Cy2GAQrrJgEKqMYFCaJGBQgYBgkL2aIJC
tMiCQqQwg0KTmINCUviDQkFghEIxyIRCni+FQo2XhUJ9/4VCO1+GQivHhkLJNodCCpeHQnf+
h0JmZohCJcaIQhQuiUI1nolC9P2JQrJdikJQzYpCkS2LQv6Ui0IfBYxC3WSMQpzEjEI5NI1C
e5SNQmr8jULXY45CxsuOQoUrj0J1k49CZPuPQlRjkEISw5BCsDKRQvKSkULh+pFCf2qSQj3K
kkL8KZNCHJqTQtv5k0JIYZRCaNGUQicxlULlkJVCBgGWQsRglkK0yJZCpDCXQhCYl0JS+JdC
8GeYQq7HmEKeL5lCjZeZQn3/mUI7X5pCK8eaQpgum0KHlptCRvabQmZmnEIlxpxCFC6dQgSW
nUJw/Z1CL12eQlDNnkIOLZ9C/pSfQpwEoEJaZKBCnMSgQjk0oUL4k6FC5/uhQtdjokLGy6JC
hSujQiObo0Lh+qNC0WKkQhLDpEKwMqVCbpKlQo8CpkJOYqZCPcqmQvwpp0KamadCWPmnQkhh
qEI3yahCJzGpQuWQqULV+KlCQmCqQjHIqkIhMKtCEJirQs/3q0JsZ6xCrsesQp4vrUIKl61C
+v6tQrherkLZzq5CmC6vQoeWr0L0/a9C42WwQqLFsEKRLbFCgZWxQnD9sUJgZbJCzcyyQg4t
s0KsnLNCavyzQlpktEIYxLRCCCy1QviTtULn+7VCVGO2QkTLtkICK7dCI5u3QuH6t0LRYrhC
Psq4Qi0yuUJukrlCDAK6QsphukK6ybpCqjG7QpqZu0JY+btC9mi8QrTIvEKkML1CYpC9QlL4
vUJCYL5C38++Qp4vv0KNl79Cff+/QjxfwEIrx8BCGi/BQgqXwUL6/sFCuF7CQqjGwkI=</AssayXData><AssayYData Points="188">f30DPBN0IDzlZ688xwaSPF11oTxm1L48twbdPKvL7jw/IwY97Y3wPCgHDz3SeyI9R7sxPVep
ND0alkk9d0tSPZAmZz3M5Go9xMZ7PaHehj0554Y9WKePPVZKlz0LOaE9UhKlPfLrrz3Q0bU9
SXS1Pc7Qvz1nQsQ93wfGPXxd0D04l949gZjiPbRS7j22j/E9j4/wPU4W/j2OpgE+kUwGPsqi
Bz6qbQs+168OPsSVFT61oBY+imsYPmeRHD6TvB0+1RglPm8qKT7MrCw+n5stPjG/Lz7pGzQ+
F8k5Pq6aPD7m4D0+9ZtAPv20Rj4AUkQ+mO1OPpjDTj5qzFM+sfhTPhVyWT5wUVw+Lx1jPvrF
Yj5Qvmc+uSBrPkAwcT4vym8+6ox5Poykej5FSX4+dhZ+PiP3fT6HvYI+fMCCPnt9hT5yvIY+
YbuGPuyBij5AAow+zC6NPtUHkD4p8I8+IHeRPmQllT7CmpU+DTmXPqvYmD6clps+pWSbPpiD
nD4t+Js+xlifPnuWoj6TcqI+ttmkPt3epj5d3qc+DIeoPvFBqz6XRqw+nOiuPsqMrz4GybE+
RUawPmGpsz5VCbQ+W+63Pi09uD5+q7k+uyO7Po9rvD6qO74+M0W8PsRJwD5EkcE+x2jEPp/1
wz4F8MU+W1/IPvXmxz6n9Mk+JH7LPrONzD5OC84+CYLPPoNN0T54pNE+Z1fRPm390z7GcdY+
2gzXPp1D2T5Ll9k+dtTbPs6s3D4nMt4+N3LePsy43z4BJeE+HOLhPvWr4z4kXuc+BIHnPlHD
6T72Sek+y4noPlSg6T6g6ew+4Q3tPg4E7T4n4vE+BIfxPoTh8z6RIfM+vYn1Ps8j9D5dJ/Y+
4az4PjRN+D7vK/s+oY77Pjb4/D48aP4+GZ//PubGAD/EAgA/XVQBP819AD/pXQI/YgkDP0Yc
Az98sgM/miMEPzsKBT94xgU/iFsFP8KIBj91dAY/vu4HP6PpBz9rDQg/lf0IPw4eCj8=</AssayYData></Step><Step><CommonData><SampleLocation>1</SampleLocation><SampleID></SampleID><SampleGroup></SampleGroup><SampleInfo></SampleInfo><SampleRow>D</SampleRow><SamplePlate>1</SamplePlate><WellType>BUFFER</WellType><Concentration>-1</Concentration><ConcentrationUnits>µg/ml</ConcentrationUnits><MolarConcentration>-1</MolarConcentration><MolarConcUnits>µM</MolarConcUnits><MolecularWeight>-1</MolecularWeight><Temperature>27.6</Temperature><StartTime>133989</StartTime><AssayTime>60</AssayTime></CommonData><FlowRate>1000</FlowRate><StepType>BASELINE</StepType><StepName>Baseline</StepName><StepStatus>OK</StepStatus><ActualTime>59.994</ActualTime><CycleTime>0.2</CycleTime><AssayXData Points="300">Di3DQnuUw0I59MNCWmTEQhjExEIILMVC95PFQuf7xUKmW8ZCEsPGQgIrx0LxksdCsPLHQtFi
yEKPwshCfyrJQhyayULb+clCmVnKQrrJykJ4KctCaJHLQgYBzELEYMxCBsHMQqQwzUJikM1C
UvjNQu9nzkIxyM5C7yfPQt+Pz0J9/89CO1/QQivH0EIaL9FC2Y7RQnb+0UJmZtJCJMbSQmYm
00IEltNCwvXTQrJd1EJQzdRCDi3VQlCN1ULt/NVCrFzWQpvE1kKLLNdCepTXQjn010LXY9hC
GMTYQoUr2UJ0k9lCZPvZQiJb2kJDy9pCAivbQvGS20Je+ttCTmLcQgzC3EL8Kd1C65HdQtv5
3ULKYd5CN8neQngp30LlkN9C1fjfQsRg4EKDwOBCcijhQmKQ4UJS+OFC72fiQq7H4kJsJ+NC
jZfjQkz340I7X+RCqMbkQpcu5ULZjuVCdv7lQjVe5kIkxuZC4yXnQgSW50LC9edCYGXoQh7F
6EIOLelCzIzpQrz06UKsXOpCSszqQggs60L4k+tCtvPrQqZb7EKVw+xChSvtQnST7UJk++1C
IlvuQsDK7kJ/Ku9CbpLvQl7670JOYvBCDMLwQqox8UJokfFCWPnxQkdh8kI3yfJC9ijzQhaZ
80LV+PNCQWD0QjHI9ELvJ/VC34/1Qs739UK+X/ZCrsf2Qp0v90Jcj/dCyPb3Qulm+EKoxvhC
ly75QlaO+UJF9vlCNV76QiTG+kKRLftCUI37Qj/1+0JgZfxCHsX8Qg4t/UL+lP1CvPT9Qihc
/kJKzP5CCCz/QviT/0K28/9C0y0AQ8thAEOZmQBDeckAQ3D9AENoMQFDSGEBQz+VAUM3yQFD
7vwBQw4tAkPdZAJD1ZgCQ7TIAkOs/AJDpDADQ1pkA0M5lANDMcgDQyn8A0MgMARDGGQEQ/iT
BEPwxwRDvv8EQ54vBUOVYwVDjZcFQ2zHBUNk+wVDMzMGQxJjBkMzkwZDAssGQ+H6BkPZLgdD
6WYHQ8iWB0PAygdDoPoHQ5guCENOYghDRpYIQz3KCEMc+ghDLTIJQ+NlCUMElglDuskJQ7L9
CUORLQpDiWEKQ1iZCkN5yQpDcP0KQycxC0MGYQtD/pQLQw7NC0Pu/AtD5TAMQ5xkDEO8lAxD
tMgMQ2r8DENiMA1DQWANQ1KYDUMxyA1DKfwNQ/gzDkPXYw5D+JMOQ67HDkOm+w5Dni8PQ5Vj
D0ONlw9DbMcPQyP7D0MaLxBDEmMQQ/KSEEMCyxBD4foQQ9kuEUOoZhFDh5YRQ6jGEUN2/hFD
Vi4SQ05iEkMcmhJD/MkSQxz6EkPrMRNDymETQ8KVE0O6yRNDsv0TQ5EtFENgZRRDgZUUQzfJ
FEMv/RRDJzEVQwZhFUP+lBVD9sgVQ6z8FUPNLBZDnGQWQ3uUFkNyyBZDQQAXQ2IwF0NBYBdD
EJgXQzHIF0Pn+xdD+DMYQ9djGEO2kxhDxssYQ6b7GENcLxlDVGMZQ0yXGUMrxxlDO/8ZQxov
GkMSYxpDCpcaQ8DKGkOg+hpDsDIbQ49iG0OHlhtDZsYbQ3b+G0NWLhxDDGIcQxyaHEP8yRxD
2/kcQ+sxHUPKYR1D</AssayXData><AssayYData Points="300">NZUWPy9lFz8olRU/gUYXP3o6Fj/ZkhY/FY8WPwz/Fj9wPhc/Xp8WP9YmFz9wQhY/3UkWPwsr
Fj+a7xU/cFIXP4joFT8z8RU/3OAWP3QNFj88ShY/+/wVPwbQFT/KvBY/NjEXP3G6Fj9BlhY/
afEUP2fYFT+XsRY/x9QVPwDPFj9knBU/2dcVP5FfFj+XTRU/meMVP0QjFT9WGRY/9KgVP8cS
FT8I8xQ/3YgWPxDTFT9GIRY/9LYVP3M0Fj+WeRU/S7UUP1yFFD9DcBU/XJUUP0k4FT8SHBQ/
cZ8TP0MYFj+0zxQ/0PIUP4CxFD/AIhU/5T4VP0qRFT8hZBQ/jGEUP3GPFD+e0BM/YgkUP7SR
FD/1SBQ/dWIUP/93FT+pJxQ/7+AUP0tzFT9eLhQ/BG4UPxI+FD/RaRM/efITPzmeFD/cbBQ/
v/ETP+RzFD/B4hQ/ofQTP64LFT9tJxQ/ocoTP03HEz/khxQ/z4cSP+5eEz95+xM/qOkTPwr9
Ez+4mhM/OeMTP280Ez8kYRM/S38TP42ZFD8LzxM/Te0SP8vOEz+YjRM/pw4UP9tUEz/FmhM/
jDQTP0RhFD8eQxQ/6oITP5+LEz+TjBM/Ax8TPx5SEz9CgBM/gu4SP3oqEz+f4xI/Y90SP9cb
Ez95whI//VcTP/1LEz+IdBM/mIsSP8WuEj+/kRI/BbUSPwuTEj86MBM/y3USPwPyEj94LBM/
yJYSP4FvEj+nvhM/uyQTP9GcEj/XeRI/U1ATP4qWET9G3BI/udwSP+vbEj8ZvBI/J0MSPwfP
ET9JoRI/86gSP3pZEj8f1BE/9LETP70fEj+UlhI/GaoSPy/kEj+ETBM/zdYSPyxCEj+hHxM/
2VATP1xNEz+LfBI/538SP5LwET9lzxE/2o8SP4uKEj/ujBI/KbESP0SQET/SERI/Sm4RPzqy
Ej+3XhE/Ws0RP8koEj8flxI/XsISPy8OEj+VKxI/8U8SPxlTET/xphE/sFISP2DjED+4ABI/
alQSP94pEj8eZhM/Mk8RP/H9ET/v4xE/TgoSPyflET//cBE/WkkSP67dET+96BE/XEARP3Ou
Ej90NxI/uY8RPxSVEj+ilxA/7PURP9QdET8mLBI/HbgQP1OTET8fxBE/bRERP9V7ED/X2xE/
P2ISPzbtDz/V/xE/7RASP8F3ET/9QBI/PAIRPym4ET96oxE/0QYSP00wET+TghE/DTIRP+io
ED9SPRE/OIERP0eFEj92eRA/Ue4QPz7VED8aExE/p14QP9yQED9fNxA/hPoRP7EuEj/pExE/
jeIPP5e/ED/s3xA/IZURPyh6ED89MBE/LfEQP9/2ED9Y6hA/c14RP9j4ET8fVxE/ne8QP3Ve
ED/nPBA/lIgQP8PDED9bIhI/phcRP2i8ED9u2hA/kX8RPxjXED8UAhE/imUQP4DqED8aXhA/
t3kQPwkHED+y9BE/7kkQPxfSED+nORA/asoQP7w/ED9n1RA/VwcPP0stET+dbhE/wVwPPzCi
Dz8S4hE/GlsQP55WET9c/Q8/c6UQP721ED/TxQ8/Q7gQP0PNED/XkxA/lXIRP1jjED/rdRA/
BPoPP9sCED/jFxA/</AssayYData></Step><Step><CommonData><SampleLocation>5</SampleLocation><SampleID></SampleID><SampleGroup></SampleGroup><SampleInfo></SampleInfo><SampleRow>D</SampleRow><SamplePlate>1</SamplePlate><WellType>KSAMPLE</WellType><Concentration>-1</Concentration><ConcentrationUnits>µg/ml</ConcentrationUnits><MolarConcentration>3.125</MolarConcentration><MolarConcUnits>µM</MolarConcUnits><MolecularWeight>-1</MolecularWeight><Temperature>27.4</Temperature><StartTime>200771</StartTime><AssayTime>60</AssayTime></CommonData><FlowRate>1000</FlowRate><StepType>ASSOC</StepType><StepName>Association</StepName><StepStatus>OK</StepStatus><ActualTime>59.994</ActualTime><CycleTime>0.2</CycleTime><AssayXData Points="300">P5UdQ/XIHUPt/B1DzCweQ9xkHkO7lB5Dm8QeQ6v8HkOKLB9DQWAfQ1GYH0MwyB9DD/gfQyAw
IEP/XyBD95MgQ63HIEOl+yBDhCshQ5VjIUN0kyFDbMchQ2P7IUMaLyJDOl8iQzKTIkPpxiJD
4PoiQ8AqI0PQYiNDr5IjQ6fGI0Nd+iNDVS4kQ01iJENFliRDJMYkQxz6JEMULiVDymElQ+uR
JUO5ySVDmfklQ5AtJkNfZSZDgJUmQ1/FJkNX+SZDDS0nQwVhJ0P9lCdD9cgnQ+38J0PMLChD
xGAoQ7uUKENyyChDavwoQ0ksKUNZZClDD5gpQzDIKUMP+ClD3i8qQ75fKkO1kypDxssqQ6X7
KkOEKytDU2MrQ3STK0MqxytDIvsrQxovLEP5XixDCZcsQ+jGLEPg+ixDly4tQ45iLUNuki1D
fsotQ136LUNVLi5DNF4uQwOWLkMkxi5D8/0uQ9ItL0PKYS9DqZEvQ3jJL0OZ+S9DkC0wQ19l
MEM+lTBDHsUwQxb5MEMNLTFDBWExQ9SYMUOzyDFD1PgxQ6MwMkOCYDJDepQyQ3LIMkNq/DJD
SSwzQxhkM0P3kzND78czQ873M0PeLzRDvl80Q86XNEOtxzRDY/s0Q1svNUM6XzVDMpM1QyrH
NUMi+zVD2C42Q/leNkPxkjZDp8Y2Q5/6NkOXLjdDjmI3Q26SN0M8yjdDXfo3QxQuOEMLYjhD
A5Y4Q+LFOEPz/ThD0i05Q4hhOUOAlTlDocU5Q1f5OUNPLTpDR2E6Qz6VOkM2yTpD7fw6Q8ws
O0PEYDtDvJQ7Q7PIO0OS+DtDiiw8Q4JgPEN6lDxDMMg8Qyj8PEMHLD1DGGQ9Q/eTPUPvxz1D
pfs9Q8YrPkO+Xz5DjJc+Q2zHPkNk+z5DWy8/QxJjP0Mykz9DAcs/Q+D6P0PYLkBD0GJAQ6+S
QEOnxkBDn/pAQ1UuQUNNYkFDRZZBQyTGQUMc+kFD6jFCQwtiQkPClUJD4sVCQ5n5QkOQLUND
iGFDQ4CVQ0NfxUNDV/lDQyYxREMFYURD/ZREQ/XIREPU+ERDzCxFQ5tkRUN6lEVDcshFQ2r8
RUNJLEZDQGBGQ1GYRkMwyEZDEPhGQ94vR0P/X0dDtZNHQ63HR0Ol+0dDhCtIQ5RjSEN0k0hD
KsdIQyL7SEMaL0lD+V5JQ/GSSUPAyklD4PpJQ9guSkOOYkpDr5JKQ2bGSkN2/kpDVS5LQ01i
S0MDlktDJMZLQxz6S0PqMUxDymFMQ6mRTEO6yUxDmflMQ5AtTUNfZU1DPpVNQ1/FTUMW+U1D
Di1OQwVhTkPUmE5D9chOQ9T4TkOjME9DgmBPQ3qUT0NyyE9DavxPQ0ksUENAYFBDEJhQQ+/H
UEPO91BD3i9RQ75fUUO1k1FDhMtRQ6X7UUOEK1JDU2NSQzKTUkMqx1JDIvtSQxovU0P5XlND
yJZTQ+jGU0Of+lNDli5UQ45iVENuklRDZsZUQ136VEMULlVDC2JVQwOWVUPixVVD2vlVQ9It
VkPKYVZDqZFWQ3jJVkNX+VZDTy1XQ19lV0M+lVdDHsVXQ+z8V0MOLVhDxGBYQ9SYWEOzyFhD
kvhYQ6MwWUOCYFlD</AssayXData><AssayYData Points="300">Xf1AP08oST/CoEw/8zZNPyuLTj9Rb00/UlFOP2U4Tj9rZU4/XVVOP8I7Tj+znU4/4cJOP15W
Tj8fPE4/VBROP2BRTj/Pj04/CWZOP445Tj8cQ04/IqpOP6O6Tj8Zy04/yExOPzI8Tz8L1k4/
OqNPPzvCTj8PVE8/fepOPy/ZTz+oeE4/AJBOP9jUTj+3OVA/YE1PPy/UTj9KfU4/FdtOP9p8
UD+YZk8/VahPP+lATz8zCE8/DUxPP7PoTj+xRE8/iPROP7oOTz8/rE8/aXBPP9RTTz8bwk4/
ohxPPyrITz+0LE8/wMNOP2dcTj9H7U4/KTZPP9QTTj8F5k4/VUpPPylyTj8/5E4/j79OP0NF
Tj9mB04/naJOPzw4Tz/q004/KZxOPyAuUD+T2k4/B0FPP2+UTz+fgU4/GA5PP/W5Tz/bBlA/
BLVOP6vZTj8bsU4/stROP18XTz//K08/JP1OP1VrTz9jS08/4XlPP98gTz/csE4/pFFOP5V1
Tz+7aU8/oD5PP8icTz+mW04/67VPP1sfTz+m7U4/1J1PP6ffTj/Yk04/57ZPP8oqUD+XQ04/
vNxPP4wcTz8Du08/NRdPPw5zTz8fjE8/kjpPP/5jTz/FRU4/u5pOP+nSTj8zZ08/m1xPP4yo
Tj8PW1A/5zJPP6LHTj8ELk4/8v9OP5I/UD+1Pk8/8u9PP44lTz8xVk8/batOP+DUTz849k4/
+v1OP3SCTz9F4E4/t0BPPzdwTT/NVU8/57NOP4gOUD/mGU8/lRROP4NHUD8Cq04/VtJPPxDM
Tj9n9U4/taZPP6l3Tz/6pU8/9lZPP8w0Tz9XbE8/cqVOPyvVTz+PFlA/MfdNP4z0Tj/QgE8/
L71OP2UATz/Ya08/BthPPz88Tz/tDE8/GkJPP3WiTj+uRk8/y6tOPwLaTj+DaU4/bFlOPx0H
Tz8V7E4/IzZPP28PTz+h3E8/9StPP67jUD+WX08/NUlPP9uKTz/yV08/yc1PP86XTj8oYU4/
lXhPP1LmTz+Ksk8/WeVPPzE8Tz/dL08/vd9PPwFbTz+jtE8/vw5PP8FDTj8ctU4/AONPP8p+
Tz9xxU0/STBPP63STj+AGE8/lg1PP+kBTz9dbU8/8RBPPxNRTz94PlA/dfNOP/3UTj8Gd08/
xm5PP/FvTz+uqk4/o91OP5CqTj84PU8/r8dOP0aITz/Hhk4//bROP/0vTz9aOk8/ogZPP/xV
Tz8/r04/LntPP4VBTz9dU08/gdpPP9UcTz/5CE8/GGtOPxYzTz99A04/Z8BPP19jTz/DaU8/
OL9OPwXgTj+OrE4/7d5OP5HcTj/JrU4/Ay1OP0LVTj8vqU4/dLZOP0nLTj+2w04/9W9OP6fa
Tj8GPU8/v4lPPzVjTz9cOk8/v5tOP5gwTj9zu04/UDFPP1hOTz9OtU8/hTZPP5aBTj+KW08/
/YJOP564Tj/PkE8/cENPP0joTj++aE8/FDZPPzgaTj8L9U8/6qZOP152Tj+maU8/OExPP0P1
Tj++Xk4/J19OP4hMTz/2108/m91OP5RVTz/by04/A4tPPyw5Tz9n204/x05PP2XKTj8bZ04/
Wc5OP7W/Tj+C2k4/</AssayYData></Step><Step><CommonData><SampleLocation>1</SampleLocation><SampleID></SampleID><SampleGroup></SampleGroup><SampleInfo></SampleInfo><SampleRow>D</SampleRow><SamplePlate>1</SamplePlate><WellType>BUFFER</WellType><Concentration>-1</Concentration><ConcentrationUnits>µg/ml</ConcentrationUnits><MolarConcentration>-1</MolarConcentration><MolarConcUnits>µM</MolarConcUnits><MolecularWeight>-1</MolecularWeight><Temperature>27.2</Temperature><StartTime>267586</StartTime><AssayTime>60</AssayTime></CommonData><FlowRate>1000</FlowRate><StepType>DISASSOC</StepType><StepName>Dissociation</StepName><StepStatus>OK</StepStatus><ActualTime>60.01</ActualTime><CycleTime>0.2</CycleTime><AssayXData Points="300">tZNZQ2vHWUOM91lDhCtaQzpfWkMyk1pDKsdaQwn3WkMBK1tD+V5bQ6+SW0OnxltDnvpbQ34q
XEOOYlxDbZJcQ2XGXEMb+lxDEy5dQzReXUMDll1D4sVdQ9r5XUPSLV5DyWFeQ6mRXkNfxV5D
V/leQ08tX0MuXV9DJpFfQx3FX0MV+V9DDS1gQ8NgYEOjkGBDmsRgQ5L4YEOKLGFDgmBhQziU
YUNZxGFDKPxhQwcsYkP/X2JD95NiQ+7HYkPO92JDnC9jQ3xfY0Nzk2NDa8djQ2P7Y0NCK2RD
U2NkQzKTZEPoxmRDCfdkQ78qZUO3XmVDr5JlQ6fGZUOe+mVDVS5mQ3ZeZkMskmZDPMpmQxv6
ZkMTLmdD8l1nQ+qRZ0PixWdDmPlnQ5AtaENvXWhDZ5FoQ3jJaENX+WhDTy1pQwVhaUMmkWlD
3MRpQ+z8aUPMLGpDw2BqQ7uUakOaxGpDkvhqQ2Ewa0NAYGtDOJRrQxfEa0MP+GtDByxsQ9Zj
bEO1k2xDlMNsQ6X7bEOEK21DfF9tQ3STbUNrx21DSvdtQ0IrbkP5Xm5D8JJuQ+jGbkPg+m5D
vypvQ7deb0OGlm9DZcZvQ136b0NVLnBDNF5wQyyScEP7yXBDG/pwQ/spcUPKYXFDqZFxQ6DF
cUNv/XFDkC1yQ29dckNnkXJDHsVyQxX5ckMmMXNDBWFzQ+SQc0OzyHND1PhzQ8wsdEOCYHRD
epR0Q1nEdENR+HRDYTB1Q0BgdUMgkHVD7sd1Qw/4dUPFK3ZD1mN2Q7WTdkOUw3ZDY/t2Q4Qr
d0N8X3dDSpd3QyrHd0MJ93dDGS94Q/leeEPwknhDp8Z4Q576eEO/KnlDt155Q22SeUNlxnlD
Xfp5QxMuekM0XnpD6pF6Q+LFekPa+XpD0i17Q8phe0OpkXtDoMV7Q2/9e0NOLXxDLl18Qz6V
fEMexXxDFfl8Q+QwfUPDYH1D5JB9Q7PIfUOS+H1Diix+Q4JgfkN6lH5DWcR+Qyj8fkNILH9D
/19/Q/aTf0Pux39Dzvd/Q84XgEPKMYBDukmAQ8phgEOyfYBDoZWAQ52vgEOZyYBDleOAQ4T7
gENsF4FDXC+BQ1dJgUNTY4FDT32BQz+VgUMmsYFDN8mBQxLjgUMO/YFDCheCQ/kugkMBS4JD
8WKCQ8x8gkPIloJDxLCCQ7TIgkOw4oJDq/yCQ6cWg0OjMINDn0qDQ25ig0N2foNDZpaDQ2Kw
g0NRyINDTeKDQ0n8g0NFFoRDLDKEQxxKhEMMYoRDFH6EQwSWhEP/r4RD+8mEQ9bjhEPn+4RD
zheFQ74vhUO6SYVDqWGFQ5F9hUOhlYVDibGFQ3jJhUN044VDcP2FQ2AVhkNcL4ZDV0mGQzNj
hkMufYZDP5WGQxqvhkMWyYZDEuOGQw79hkMKF4dD+S6HQ+FKh0PQYodDzHyHQ8iWh0PEsIdD
tMiHQ5vkh0Or/IdDhhaIQ4IwiEN+SohDbmKIQ2p8iENmlohDYrCIQ1HIiENN4ohDKPyIQzAY
iUMgMIlDHEqJQwxiiUMIfIlDBJaJQ9+viUPayYlD1uOJQ8b7iUPOF4pDvi+KQ5lJikOVY4pD
hHuKQ4CVikOJsYpD</AssayXData><AssayYData Points="300">NuIvP6HsJD9xPh4/JKkYP/tQFj++CRQ/6zkRPwQYET9v+Q8/iYQQPxZfDz/NQw8/I4oPP94h
ED8YGA8/v+YPP0rrDj+b4Q8/YVwPP1R3Dz8UXxA/Go8QP138Dz/lHA8/XX0PP6U9Dz8gEg8/
SRIQP8hzDz+abw8/Q78PP0byDz+flQ8/++0PP4KlED89OBA/EFAPP83BDz/yCg8/JgMQP7XC
Dz8weg8/UOYPP7phDz+aTA8/VRsPP1dAED8e7g4/tXUOPyBGDz80Qg8/Ho8OP4zmDj+M4g4/
2YIPPzBLDz/S2A4/8LgPP/qzDz9c+w4/ug0PP61MDj9PQRA/T14PP0UIED+HJQ8/ECEPP1M5
Dz/n9g4/jPYPP6YKDz83Zw8/4mMPP7LSDj88Jg4/tmYPP4fhDj8gjQ8/raAOP7weDz8rYg4/
IjsOPxDvDj8FPw4/jjMPP7DUDj8i5A4/rTIPP+Q9Dj86NQ4/SsIOP9yoDj9grA8/8nUPP2i1
Dj9ukA4/5h0PP8iYDj+u9g4/NbUOP6qSDj+OKw4/VIoOP4fjDj9Zxw4/Wd4PPyG3Dj9RTBA/
rjkPP68JDz9ckQ8/ccQOP7kvDj9vlA8/VnwPP/JvDj86vg4/AbIOP3xODj8P1A0/3x0PPzDT
DT+VJg8/RyMOP0f3DT+hxw0/ZQoQP8n3Dj9a6g4/FnAPPzfxDT8IuA4/2KUPPxbFDj8RBw4/
W48OP3c8Dj94KQ4/+ncOP5/PDj+N/w0/+8UOPyeNDj/4CQ4/w6cOP/h1DT/OVw4/0LAOP9V+
DT/G3w4/HC0OP4UpDj+njQ4/az0PP7ogDz/JAw4/0y0PPxVXDj+uzg0/6Z0OP02NDj/E3Q0/
AkEOP+PMDT8clA0/H+kOP+CpDT82kg4/LbsOP5VTDj/qkg4/6LoOP/j1DT+YwA4/vqQOPzpa
Dj+2mA0/J74NPzKZDT//WA4/aVENP1zTDT8f1w0/sAYOP0VNDj8T+Q0/loANPxuzDT9GXQ4/
pQAOPxyRDT+5+w0/OY0OP++mDT8z0g0/8pANPxLcDT/R+Qw/Jv8OP/VsDT9TOw4/ibsNP13d
DT9MnA0/m4cNPwTCDT9Fpw0/nn0NP4sXDj8GAw4/BM4NPw3WDj//6Q0/jzQNPylLDT9DqA0/
HBUOP4h0DD/AEw4/q+wNPw37Cz/UYA0/OXkNP2ynDT/8eQ0/SFgOP038DT/X7gw/7fENP2Vb
DT/d/Aw/+VkNP9LYDT+brw0/FVAOP5TnDj+RXg4/0BoNP2wlDj/afg0/lxAOP1SXDT/IQw4/
gOANP5FBDT+2VQ0/OkANP0kEDD8vjAw/NvgMPyZiDT/qrg0/vR8OP66jDD9u0ww/9f8NP2Qn
DT8qUA0/pD0NP4ezDD9ocAw/QWcNP1WHDD99Gw0/1IoMP4//DD8y8Aw/VhoNP4tODT9yQg0/
qJQMP9GGDT8aEA0/KsYNP7KkDD9fWw0/wGQNP7fyDD9LGA4/TeQMP0bnDD/Qtgw/TAINP0cO
DD/CwA0/9XkNP9wNDT9sbw0/oLgNP6lCDD9OKQ0/iU8NP4UjDT8MTA0/dPwMPx+lCz8TLQw/
5n8NPwezDD+rrQw/</AssayYData></Step><Step><CommonData><SampleLocation>6</SampleLocation><SampleID></SampleID><SampleGroup></SampleGroup><SampleInfo></SampleInfo><SampleRow>D</SampleRow><SamplePlate>1</SamplePlate><WellType>KSAMPLE</WellType><Concentration>-1</Concentration><ConcentrationUnits>µg/ml</ConcentrationUnits><MolarConcentration>6.25</MolarConcentration><MolarConcUnits>µM</MolarConcUnits><MolecularWeight>-1</MolecularWeight><Temperature>27.1</Temperature><StartTime>335086</StartTime><AssayTime>60</AssayTime></CommonData><FlowRate>1000</FlowRate><StepType>ASSOC</StepType><StepName>Association</StepName><StepStatus>OK</StepStatus><ActualTime>59.994</ActualTime><CycleTime>0.2</CycleTime><AssayXData Points="300">RMuKQx/likMP/YpDFxmLQwYxi0MCS4tD8mKLQ9l+i0PqlotD0bKLQ8HKi0O95ItDrPyLQ6gW
jEOkMIxDoEqMQ3tkjEN3foxDZ5aMQ2KwjENeyoxDWuSMQ1b+jEMxGI1DQjCNQylMjUMZZI1D
FX6NQxGYjUPssY1D/MmNQ+TljUPT/Y1DzxeOQ8sxjkPHS45DtmOOQ7J9jkOOl45DibGOQ4XL
jkOB5Y5Dcf2OQ20Xj0NpMY9DZUuPQ1Rjj0MvfY9DK5ePQyexj0Mjy49DH+WPQw/9j0MKF5BD
BjGQQ+FKkEPdZJBDzXyQQ8mWkEOwspBDwcqQQ73kkEOY/pBDlBiRQ4MwkUOLTJFDe2SRQ3d+
kUNnlpFDYrCRQ17KkUM65JFDNf6RQzEYkkMtMpJDHUqSQxlkkkMAgJJD8JeSQ9+vkkPbyZJD
1+OSQ9P9kkPPF5NDyzGTQ6ZLk0OWY5NDnn+TQ46Xk0OJsZNDhcuTQ3Xjk0Nx/ZNDWBmUQ0gx
lENES5RDQGWUQy99lEMrl5RDE7OUQwLLlEP+5JRD7vyUQ+oWlUPmMJVD4UqVQ91klUPNfJVD
tJiVQ6SwlUOgypVDnOSVQ5j+lUOHFpZDgzCWQ2tMlkNaZJZDVn6WQ1KYlkNCsJZDPsqWQyXm
lkM1/pZDMRiXQwwyl0P8SZdD+GOXQwCAl0Pwl5dDy7GXQ8fLl0PX45dDsv2XQ7sZmEOqMZhD
mkmYQ5ZjmEOSfZhDjpeYQ3WzmENly5hDVOOYQ1D9mENMF5lDSDGZQ0RLmUMfZZlDDn2ZQwqX
mUMTs5lDAsuZQ/LimUP6/plD6haaQ+YwmkPNTJpDvWSaQ6x8mkO0mJpDpLCaQ6DKmkOH5ppD
d/6aQ2cWm0NvMptDXkqbQ1pkm0NWfptDMZibQ0Kwm0MpzJtDGeSbQxX+m0MRGJxDDDKcQ/xJ
nEP4Y5xD032cQ8+XnEO/r5xDx8ucQ7bjnEOy/ZxDmhmdQ6oxnUOaSZ1DgWWdQ3F9nUNtl51D
VLOdQ2TLnUNU451DPP+dQ0wXnkMnMZ5DI0ueQx9lnkMOfZ5D9pieQwaxnkPiyp5D8uKeQ9n+
nkPJFp9D0TKfQ81Mn0O9ZJ9DrHyfQ5SYn0OksJ9Df8qfQ4fmn0N3/p9DZxagQ04yoENeSqBD
OmSgQ0KAoEMxmKBDIbCgQynMoEMZ5KBDFf6gQ/wZoUPsMaFD20mhQ+RloUPTfaFDz5ehQ6qx
oUOmy6FDtuOhQ5L9oUOOF6JDiTGiQ4VLokOBZaJDcX2iQ1iZokNIsaJDRMuiQzPjokMv/aJD
KxejQycxo0MjS6ND/mSjQw59o0P2mKND5rCjQ+LKo0Pd5KND2f6jQ8kWpEOwMqRDoEqkQ5xk
pEOYfqRDlJikQ4OwpEN/yqRDe+SkQ1b+pENGFqVDQjClQz5KpUNGZqVDIYClQxGYpUMhsKVD
HcqlQxnkpUP0/aVD8BemQ+wxpkPbSaZDw2WmQ7J9pkOul6ZDqrGmQ6bLpkOW46ZDff+mQ44X
p0OJMadDZEunQ1Rjp0NQfadDWJmnQ0ixp0NEy6dDQOWnQy/9p0MKF6hDEzOoQwJLqEP+ZKhD
7nyoQ+qWqEPmsKhD</AssayXData><AssayYData Points="300">erhRP7ceXz932GM/jv9lP5wuZj/sjWY/+k9nP3uSZz/72WY/T2RnP6ZCZz+9IWg/73doP9Vd
Zz8k+2c/eX9oPz5IZz/IBmg/aWVoP2B7aD8QpGc/5utnP0KXaD/bX2g/hBRoP29oaD//emc/
Z3ZoP9D+Zj/rm2c/K3toP6hAaD9qmmg/uNloP5RVaD/hBmg/MC5oPzHnZz89YWg/R7xpP632
aD/a0Wg/9UNoP26LaT+J0mc/oEpoPz8YaT+7+2g/hm1nP3ZTaD8QSmk/4gtoPwzbaD8lQ2k/
g2doPxX9aD+fLGk/trtoP2syaD/UAmk/CEdpP29yaD+1hGk/bMhpP9PlZz/fQ2o/mR5oPxhq
aD+/JWk/tVdoPxLNaD+WiGo/2QVpP9D5aD9Osmg/WVZoPwidaD8SPWk/MQtpP3PgaT/L9Gg/
4chpP/sXaT+9oWk/97JoP9BfaT9xDGk/669oPwXWaT/6EGk/lgNpP9SSaT+aBGk/cN5oP/Lc
aD9tj2c/gG9oP9xmaT9gyGg/sR9pP/UaaD+Wqmg/l/toPybMaT+chmk/BH5pPzaUaT9yfWg/
U8BpP8KIaT8hiGk/AE5pP9lCaD8sS2o/TFlqP1yUaD+fy2g/u0dpP7NqaT9e/Gg/mddoP1bY
aT9+nWk/j+loP8FAaT9Q5Wk/TBJoP7bxaD/87Wg/5MBpP5pBaT/jgmk/r5lpP9qeaT9Bf2o/
+SFqPy6taT/Skmk/HYpqP7c9aT9xrmk/hl5pP97JaD8RG2o/s09qPwCGaT9tfWk/4R1pP4xT
aj/qRWo/iRZpP0Zhaj+pKWo/PhlqP9bIaD+cGGo/VwtqP329aT/Qfmk/VKdqP31oaj9pEWk/
+aVpP+ImaT9eCGk/CAtrPwmbaT94FWo/KlZpP7w8aj9NFGk/RYtpP4ZeaT8HU2o/c/xpP0oU
aj/1B2o/Y/hpPxTpaj/9hGo/i9xqP8b9aT9nd2k/sFFpP6DUaT/JlGk/7FlqP0r4aT8d5Wg/
lw1qP5y9aT90Ymo/mSxqP1rvaT90jmk/qZhpP0r4aj+3LWo/S8FpP6f6aT8lG2o/Vk9qP8df
aT8WaGo/I/BoP3bAaT/48Wk/meNpP4skaj+3PGo/mLdqP8RfaT+1K2k/TnNqPwzYaT8Lymk/
UO1pP3Araj904mk/IIhpPzSHaj+qJWo/4FFqP/OkaT+ZMWo/XOBqPyJhaT+yV2k/h+dqPz2i
aT/R52k/xIlpPwK2aj+bomk//GZqPyxfaj+cXmk/OilpPyFGaT8YnWk/u3hqP3Bnaz8Xamk/
cgtqP56haj+6fWo/TPZpPw9eaj8pMWo/slpqP0AvaT8DRGo/KwxqP8EmaT/0y2k/EaRpP+4F
aj/8M2k/ia9pP34Maj8Jwmg/tF9pP68Kaj8jQGk/rypqP5HSaj9HQmo/YVtqP1BTaz8HZWs/
cCBpP+Iraj/mO2o/EkxpP4M2aT8uhmo/6MFpPyXtaD8pXWo/ghtqP1Xjaj90kWo/pJZpPyyh
aj9A62k/mV1qP0kPaj+Z9Wk/UTNqP+Q1aj/DIWo/cfJpP6pIaj9G7Wk/1IppP7LfaT/4wGo/
YLtqP99saj+kDGo/</AssayYData></Step><Step><CommonData><SampleLocation>1</SampleLocation><SampleID></SampleID><SampleGroup></SampleGroup><SampleInfo></SampleInfo><SampleRow>D</SampleRow><SamplePlate>1</SamplePlate><WellType>BUFFER</WellType><Concentration>-1</Concentration><ConcentrationUnits>µg/ml</ConcentrationUnits><MolarConcentration>-1</MolarConcentration><MolarConcUnits>µM</MolarConcUnits><MolecularWeight>-1</MolecularWeight><Temperature>27</Temperature><StartTime>402213</StartTime><AssayTime>60</AssayTime></CommonData><FlowRate>1000</FlowRate><StepType>DISASSOC</StepType><StepName>Dissociation</StepName><StepStatus>OK</StepStatus><ActualTime>59.994</ActualTime><CycleTime>0.2</CycleTime><AssayXData Points="300">gMqoQ3zkqENs/KhDRxapQ08yqUM+SqlDOmSpQzZ+qUMmlqlDIrCpQwnMqUP546lD9f2pQ/EX
qkPgL6pD3EmqQ9hjqkOzfapDxJWqQ6uxqkOny6pDl+OqQ5L9qkOOF6tDfi+rQ3pJq0NhZatD
UX2rQ02Xq0NJsatDOMmrQzTjq0Mc/6tDCxesQwcxrEMDS6xD82KsQ+98rEPqlqxDxrCsQ9bI
rEO95KxDrfysQ6kWrUOQMq1DoUqtQ51krUOMfK1DZ5atQ2OwrUNfyq1DW+StQ0v8rUNHFq5D
QzCuQz5KrkMaZK5DFn6uQwWWrkMBsK5D6MuuQ/njrkPo+65D0BevQ+Avr0O7Sa9DxGWvQ7N9
r0Ovl69DirGvQ5vJr0OX469Dcv2vQ24XsENdL7BDZUuwQ1VjsENRfbBDLJewQyixsEM4ybBD
E+OwQw/9sEMLF7FDBzGxQwNLsUPzYrFDznyxQ8qWsUPGsLFDwsqxQ73ksUOt/LFDqRayQ5Ay
skOASrJDcGKyQ3h+skNnlrJDY7CyQ0vMskNb5LJDS/yyQzIYs0MiMLNDHkqzQxpks0MWfrND
BZazQ+2xs0P9ybND2OOzQ9T9s0PQF7RDwC+0Q7tJtEO3Y7RDkn20Q6OVtEOKsbRDesm0Q3bj
tENd/7RDbhe1Q10vtUNlS7VDNGO1QzB9tUMsl7VDKLG1QxjJtUP/5LVDD/21QwsXtkPmMLZD
4kq2Q9JitkPOfLZDypa2Q8awtkOhyrZDneS2Q4z8tkOUGLdDhDC3Q4BKt0N8ZLdDV363Q0eW
t0NPsrdDPsq3Qzrkt0Mq/LdDJha4QyIwuEMeSrhDBWa4Q/V9uEPklbhD7bG4Q9zJuEPY47hD
1P24Q68XuUOfL7lDp0u5Q5ZjuUOSfblDgpW5Q36vuUN6yblDYeW5Q1H9uUNNF7pDSTG6QzhJ
ukM0Y7pDMH26QwuXukMHsbpDGMm6Q/PiukPv/LpD6ha7Q+Ywu0PiSrtD0mK7Q7l+u0OplrtD
pbC7Q6HKu0Od5LtDjPy7Q3QYvEOEMLxDX0q8Q1tkvENLfLxDR5a8Q0KwvEM+yrxDOuS8Qyr8
vEMFFr1DATC9QwlMvUP5Y71D9X29Q+SVvUPgr71D3Mm9Q7fjvUOz/b1Drxe+Q58vvkObSb5D
lmO+Q3J9vkNul75Dfq++Q1nJvkNh5b5DUf2+Q00Xv0NJMb9DRUu/QxRjv0Mcf79DC5e/Qwex
v0MDy79D8+K/Q+/8v0PKFsBDxjDAQ8JKwEO+ZMBDrXzAQ6mWwEOQssBDocrAQ5DiwENs/MBD
ZxbBQ2MwwUNfSsFDW2TBQzZ+wUNHlsFDLrLBQx7KwUMa5MFDFv7BQwUWwkMBMMJD6EvCQ9hj
wkPUfcJD0JfCQ8CvwkO7ycJDo+XCQ7P9wkOvF8NDny/DQ3pJw0N2Y8NDcn3DQ26Xw0Ndr8ND
ZcvDQ0Dlw0Mw/cNDLBfEQygxxEMYScRDFGPEQw99xEMLl8RD5rDEQ+LKxEPS4sRDzvzEQ9YY
xUPGMMVDwkrFQ51kxUOtfMVDiJbFQ5CyxUOAysVDcOLFQ3j+xUNnFsZDYzDGQ0tMxkM6ZMZD
KnzGQyaWxkMisMZD</AssayXData><AssayYData Points="300">bMY5P28pKj/b+h8/4W8YP7x2FD8MqhI/xqcQP7TeDj+DvA4/oVgOP7dmDT/YkA4/MqwOPyyD
DT+dGg4/hGMOPwfGDT+/3Aw/CqQNP9u8Dj8d3g0/Xj0NPwsCDj+PZw0/u+wNP7bxDD/jsww/
aVYOP+G5DT+lkww/qogOP27lDD87Vw4/HnMNP+c3Dj8l+A0/cHgNPypUDT9JIA4/wLwNP382
DT8+7Qw/aMcOPx4VDj9M2w0/+18NP4tGDT9TuA0/XEYNPwXbDD+fYQ4/J4sNP691Dj8OQQ0/
IBcPP06BDT+JEA0/6NcMPzTYDD91Qg4/CboNP09NDT+pyA4/CEAOP5BRDT+mHA4/ymQNP2/R
DT8VFw4/qVgNPxSFDD8cFg0/6qUNP2uSDT9BhQ0/IO0NP/rxDT8Urw0/rHIMP+59DT+vKA0/
5JkMP9kvDT9NKA0/qrQMP4EUDT/CWg4/0WcMP8LTDD/wjQw/oksMP6SSDD8hZAw/AesMPzOk
DD/vBA0/OIQMP87IDT/e0Qw/OkYMP8rODD+XRw0/qkINPwJ6DD9eJAw/YfYMPww5DT8m8As/
2h8NP8oTDT+nvAw/IhsMP+bQDT8UKww/7WAMP8LaCz9glA0/6skMP6BbDT98Ng0/ArAMP5SW
DD+XCg0/cZYMP3x5DT/8Dg0/pxgLP+tiDT8d7gw/AyoNP5rJCz9enws/LT0NP1f8DD+Tigw/
pwQMP9xUDD8fQAw/f9MMP8R1DD8FXg0/w3ULP/SoDD83vgw/LAQMP22GDT9IHg0/vZALPz11
DD+DEww/YQMMPxa1DD8S5Aw/GoYLPwq9Cz+vMw0/dWIMP1ykDD9vbAw/7VMMP+C8DD9F3gw/
RfULPyZuDD+CPww/320MP8NlDD9Dxww/MhAMP0+2Cz/P6Qo/sngNPzu1Cz//UQw/D04MP5kq
DD/KAAw/FUEMPxWfCz+irAs/cxkNPyGtCj9uAQs/zjEMPw1tDD/Hfws/lm8LP7c2DD+Ovws/
qqkMP6utCz9WqQw/DVMMP0aEDD+Utgw/fmIKP4FnDD8SaQw/thEMP8/OCz/ttgw/ICMLPwAb
DD/2DQs/jVEMP0wzDD96vQs/pmwMPwjZCz8IUQw/J0oLP+/nCz/+Lww/FPQLP8DFCj9ywAo/
cYoLP0hGDD9/ZAs/faULP2v8Cz9FVws/WMoMP22YCz+r1gs/BzkLP/v5DD9ShQs/2kYLP2JI
Cz9I+Qs/BAcLP+9JDD+ixwo/a/oKP4yQCj8Uhwo/qJELP5vBCz9ycws//ssKP0jRCz8mqAs/
KbMLP/PSCz+nNgs/zBMMP4seCz/ylQs/xRoMP6ahCz9Eugo/DHELP4OZCz9Q+Ao/0M0LP3nE
Cj/Z1As/AlkLP4EgDD9fRQw/nz8MP6K8Cz/BSwo/vMkLP8EVDD/8kQo/mLcLP4QgCz9hTgo/
FvgLP8V+Cz8B7ws/GrALP2IsCz/dggs/o3oKP5BKCz9vsgs/67gKP/xeCz/v6wo/Q7sKPw1o
Cz9BAAw/gPYKP6JdCz+1BQw/KjELPyimCz+FDAs/IA4LP7z8Cj/FoAo/y+8LP2xlCz8sDQo/
z7wLPxCpCz8BlQs/</AssayYData></Step><Step><CommonData><SampleLocation>7</SampleLocation><SampleID></SampleID><SampleGroup></SampleGroup><SampleInfo></SampleInfo><SampleRow>D</SampleRow><SamplePlate>1</SamplePlate><WellType>KSAMPLE</WellType><Concentration>-1</Concentration><ConcentrationUnits>µg/ml</ConcentrationUnits><MolarConcentration>12.5</MolarConcentration><MolarConcUnits>µM</MolarConcUnits><MolecularWeight>-1</MolecularWeight><Temperature>26.9</Temperature><StartTime>470025</StartTime><AssayTime>60</AssayTime></CommonData><FlowRate>1000</FlowRate><StepType>ASSOC</StepType><StepName>Association</StepName><StepStatus>OK</StepStatus><ActualTime>59.995</ActualTime><CycleTime>0.2</CycleTime><AssayXData Points="300">vMnGQ7jjxkOo+8ZDsBfHQ58vx0ObScdDl2PHQ3J9x0NilcdDarHHQ1rJx0NW48dDUv3HQ0EV
yEM9L8hDOUnIQxRjyEMQfchDDJfIQ/uuyEP3yMhD3+TIQ878yEPKFslDui7JQ7ZIyUOyYslD
rnzJQ6qWyUOFsMlDdMjJQ3DiyUNs/MlDaBbKQ2QwykNgSspDT2LKQzd+ykMmlspDIrDKQx7K
ykMO4spDCvzKQwYWy0MCMMtD3UnLQ8xhy0PIe8tDxJXLQ8yxy0O8yctDl+PLQ6j7y0OjFcxD
fy/MQ3pJzEN2Y8xDZnvMQ2KVzENer8xDOcnMQzXjzEMx/cxDIBXNQxwvzUMYSc1DFGPNQxB9
zUPrls1D57DNQ9fIzUPf5M1DzvzNQ8oWzkMOMs5DtkjOQ7JizkONfM5D65bOQ3iuzkOBys5D
cOLOQ2z8zkNUGM9DQzDPQ1RIz0M7ZM9DK3zPQyaWz0MisM9D/snPQw7iz0MK/M9D8RfQQ+Ev
0EPdSdBD2WPQQ8h70EPEldBDrLHQQ5vJ0EOs4dBDk/3QQ4MV0UN/L9FDZkvRQ3Zj0UNme9FD
TZfRQz2v0UM5ydFDNePRQzH90UMgFdJDCDHSQxhJ0kPzYtJD/H7SQ+uW0kPbrtJD18jSQ9Li
0kPO/NJDvhTTQ6Yw00OVSNNDsmLTQ5l+00OJltNDeK7TQ2DK00NP4tNDS/zTQ1QY1ENDMNRD
M0jUQxpk1EMrfNRDBpbUQwKw1EP+ydRD7eHUQ/X91EPlFdVD4S/VQ7xJ1UPZY9VDqHvVQ7CX
1UOfr9VDm8nVQ4vh1UNy/dVDgxXWQ14v1kNaSdZDVmPWQ0V71kNBldZDPa/WQxjJ1kMg5dZD
EP3WQwAV10MIMddDWknXQ/Ni10PbftdDypbXQ7qu10PCytdD0uLXQ67810OqFthDpjDYQ5VI
2EORYthDbHzYQ2iW2ENYrthDYMrYQ1Di2ENY/thDMxjZQyIw2UMSSNlDGmTZQwp82UMGltlD
7bHZQ93J2UPt4dlD6fvZQ8QV2kPAL9pDvEnaQ7hj2kOoe9pDj5faQ36v2kObydpDduPaQ3L9
2kNiFdtDSTHbQ1pJ20NWY9tDZnvbQyCV20Mcr9tDGMnbQxTj20MQ/dtD6xbcQ/wu3EPXSNxD
0mLcQ8583EPKltxDuq7cQ7bI3EOy4txDrvzcQ4kW3UOFMN1D10jdQ3xk3UNsfN1DaJbdQ0Ow
3UOTzd1DO+TdQzf+3UMmFt5DIjDeQx5K3kMaZN5DCnzeQ/GX3kPhr95D3cneQ8zh3kPI+95D
xBXfQ8Av30ObSd9Dl2PfQwp830OPl99Dfq/fQ3rJ30N2499Dcv3fQ2IV4ENJMeBDOUngQzVj
4EMxfeBDLZfgQxyv4ENFy+BDFOPgQ+/84EPrFuFD2y7hQ9dI4UO+ZOFDznzhQ6qW4UOmsOFD
lcjhQ7Li4UON/OFDsBfiQ4Uw4kN0SOJDXGTiQ0t84kOHm+JDQ7DiQz/K4kMv4uJDK/ziQyYW
40MiMOND/knjQ+1h40Ppe+ND8ZfjQ+Gv40O8yeNDuOPjQ8j740OjFeRDrDHkQ5tJ5EOXY+RD
h3vkQ4OV5EN+r+RD</AssayXData><AssayYData Points="300">vZt6P7/LgT+nXoM/U7uDP5Kfgz/9dIM/4cyDP1fngz+tEIQ/azGEP9uOhD+KDIQ/X6eEP2xD
hD86dIQ/ZGuEP+AwhD9vTYQ/LRmEP0sZhD/GJYQ/LxaEP7AShD8CF4U/jqeEP2EChD8mHIQ/
kpmEPz7WhD9UkoQ/5oaEP6qyhD9trIQ/GrKEP482hD+pAYQ/aqqEPyrohD/wNIU/ANmEPy+E
hD9J+IQ/mNmEP2HKhD+LvYQ/VOaEP7HvhD/Nb4Q/lXKEPwEOhT/v9IQ/iK2EP5njhD/NlIQ/
21mFPwE7hT+7hoQ/DoqFP2A7hT80EIU/dNCEP0unhT+gDYU/zrqEPwLQhD+lKYU/c52EP5vd
hD92bYQ/ZjGFP/tfhT/ddYU/+MaEP15ehT+OLoU/9UiEP4hIhT+Q6YQ/J+6EPzc7hT8yVYU/
yGOFP+j6hD+Kg4U/PPOEPwPShD9MFoU/P9uEP2P7hD9vI4U/2kyFP3k3hT99s4U/X+mFPzyf
hT9KMIU/KJeFP4LvhD9RS4U/QVqFP/athT89RoU/XXuFPzGVhT/kUIU/7AeFP+4ZhT/gB4U/
Or+FP/5zhT+VXYU/m1yEP2yrhT+BZIU/pm6FP6Q/hT8YdIU/AVOFP4EthT+oNIU/646FPwfY
hT9XMoU/IqOFP662hT/JnIU/FXeFP9APhT+1K4U/50GFP/6ehT/mcYU/W6GFP/p0hT92z4U/
uw2FP0p3hT+fpIU/usKFP5HWhT9/uIU/IoCFPwm+hT/zNIU/4piFP4m3hT/X2oU/1heGP4aQ
hT/bM4U/LU+FPwwuhT8BXoU/W26FP4cPhj+VKoY/vEKFP0c/hj8VJ4U/aY+FP6KAhT8rVoU/
AF2FP1a8hT8//YQ/3C6FP2CvhT/WFIU/I7OFP+rohT+b6YU/ybmFP5tPhT8wc4U//A6FP804
hT82lIU/10eFP8OShT8yioU/zB+FP05NhT+8V4U/1CKGP0+YhT8+7oU/iZuFP6RXhT8f7IU/
VbCFP0ZDhT+4bYU/4+GFP62Ohj/ifoU/icyFPy+JhT8Mw4U/af2FPwarhT8zVoU/vFeFP9V/
hT8nYYU/xsyFP6nHhT+AzIU/+zyFP/MAhj8VhYU/qQeGPzqkhT83GoU/AV2FPyh5hT+oMIY/
BpuFP+J0hT8nfIU/KdqFP0mHhT8SAYY/kZ+FP4C/hT/FboU/nfaFP7Mmhj+I/4U/USeGP5i0
hT8b3oU/2KaFP82HhT/Z3IU/1cSFP5Z6hT/0roU/udiFPyumhT+v2oU/6HSFP3Q1hj/2z4U/
b7yFP+EFhj/ppIU/rvWFP4jehT+AuoU//QyGP8i8hT9dxoU/RpKFP7R2hT9t74U/fKGFP4Pz
hT8pzIU/aFmGP0ofhj9f64U/QSKGP/qchT9Up4U/3EqGPzFZhj9YC4Y/5caFP8eEhT840IU/
Bv2FP5Nvhj+c7oU/0E6FPyTChT9jo4U/MhyGP1DOhT/uUIY/tfCFPw3GhT/uV4Y/rOSFPye4
hT/O84U/ZeyFP5Mihj+AQYU/ONqFP7+whT8aXoY/E8SFPyDehT9W+oU/d/WFP2CyhT+GNoY/
Q0yGP6ZKhj8J5IU/</AssayYData></Step><Step><CommonData><SampleLocation>1</SampleLocation><SampleID></SampleID><SampleGroup></SampleGroup><SampleInfo></SampleInfo><SampleRow>D</SampleRow><SamplePlate>1</SamplePlate><WellType>BUFFER</WellType><Concentration>-1</Concentration><ConcentrationUnits>µg/ml</ConcentrationUnits><MolarConcentration>-1</MolarConcentration><MolarConcUnits>µM</MolarConcUnits><MolecularWeight>-1</MolecularWeight><Temperature>26.8</Temperature><StartTime>537744</StartTime><AssayTime>60</AssayTime></CommonData><FlowRate>1000</FlowRate><StepType>DISASSOC</StepType><StepName>Dissociation</StepName><StepStatus>OK</StepStatus><ActualTime>59.994</ActualTime><CycleTime>0.2</CycleTime><AssayXData Points="300">OcnkQxTj5EME++RDDBflQwgx5UP3SOVD52DlQ8585UPflOVDuq7lQ8LK5UOy4uVDofrlQ6kW
5kOZLuZDdEjmQ3xk5kNsfOZDXJTmQ2Sw5kNTyOZDT+LmQyr85kMmFudDFi7nQx5K50MOYudD
CnznQwaW50MBsOdD8cfnQ8zh50PI++dDxBXoQ7Qt6EO8SehDq2HoQ6d76EOPl+hDfq/oQ27H
6EN24+hDZvvoQ2IV6UNJMelDOUnpQ0lh6UMxfelDIJXpQxyv6UMEy+lDFOPpQwT76UPrFupD
2y7qQ9ZI6kPSYupDznzqQ76U6kOlsOpDtsjqQ7Li6kOA+upDfBTrQ3gu60N0SOtDcGLrQ0t8
60NclOtDQ7DrQzPI60Mv4utDN/7rQyYW7EMWLuxD/UnsQw5i7EPpe+xD5ZXsQ+Gv7EPQx+xD
2OPsQ8j77EPEFe1Dny/tQ7xJ7UOLYe1Dh3vtQ4KV7UN+r+1DesntQ1Xj7UNF++1DQRXuQz0v
7kM5Se5DKGHuQyR77kMgle5DHK/uQwTL7kPz4u5D4/ruQ+sW70PbLu9D1kjvQ7Ji70OufO9D
vpTvQ6Ww70OVyO9DkeLvQ43870OJFvBDeC7wQ2BK8ENPYvBDS3zwQzuU8EM3rvBDM8jwQy7i
8EMq/PBDBhbxQwIw8UPxR/FD7WHxQ+l78UPllfFD4a/xQ9DH8UO44/FDp/vxQ6MV8kOfL/JD
m0nyQ4th8kNyffJDgpXyQ16v8kNayfJDSeHyQ0X78kNNF/NDPS/zQxhJ80MUY/NDJHvzQ/+U
80MIsfND98jzQ/Pi80Pj+vND3xT0Q7ou9EPCSvRDsmL0Q6589EOdlPRDma70Q5XI9ENw4vRD
bPz0Q2gW9UNYLvVDYEr1Q09i9UNLfPVDJpb1Qzeu9UMSyPVDGuT1Qwr89UMGFvZD9S32Q/FH
9kPtYfZD1H32Q8SV9kPAr/ZDvMn2Q6zh9kOn+/ZDoxX3Q34v90OPR/dDdmP3Q2Z790NilfdD
SbH3Q1rJ90NJ4fdDRfv3QyAV+EMcL/hDGEn4QxRj+EMEe/hD/5T4Q+ew+EPWyPhD0uL4Q878
+EO+FPlDui75Q7ZI+UORYvlDoXr5Q4mW+UN4rvlDdMj5Q3zk+UNs/PlDaBb6Q1gu+kNTSPpD
LmL6Qyp8+kMmlvpDFq76Qx7K+kP54/pD6fv6Q+UV+0PhL/tD0Ef7Q8xh+0O0fftDxJX7Q7St
+0ObyftDi+H7Q4f7+0OPF/xDfi/8Q25H/ENWY/xDZnv8Q2KV/EM9r/xDOcn8Qyjh/EMx/fxD
IBX9Qxwv/UMES/1D82L9QwR7/UPflP1D2q79Q9bI/UPG4P1Drvz9Q74U/kO6Lv5DlUj+Q5Fi
/kOAev5DiZb+Q3iu/kN0yP5DXOT+Q0v8/kNcFP9DQzD/QzNI/0MuYv9DFn7/QyaW/0MWrv9D
/cn/Q+3h/0Pp+/9D8goARPAXAEToIwBE3DEAROQ9AETSSgBE0FcARM5kAETFcABEw30ARMGK
AESvlwBEt6MARKuxAESivQBEoMoARJTYAESc5ABElPAARIj+AESACgFEfhcBRIIlAUR6MQFE
cT0BRGVLAURtVwFE</AssayXData><AssayYData Points="300">8FdOP9RLNj+U6SY/kbUbP/nZFj+6mhI/MTQQP4x5Dj9tGA4/nwcNP2F0DT9f4w0/r1gNP8jE
DT91nAw/uyYOPxFjDD9ONw0/QUENP/RsDD9flw0/yZ4MP4ymDD958ww/ShgNP7YqDT/aAQ0/
vHwMP86DDD/gZQw/h4INP5OxDD8paAw/boIMP4rcDD8s/gs/BKINP2U6Cz/YEQ0/fd8MP1ah
DD+Jigw/rtcMP/1ZDD8RPww/pMsMP8qACz/iEAw/P7IMP//lCz+/Fw0/9osMP5pqDD+xaQw/
KgcNP7XPCz+VSQw/130MP8TVCz9SdAs/+C4MPwdcDT8Y3Qs/sCkMP6FeDD/33ws/egwMP+5e
Cz+Hrgw/DwMNPzo4DD9Ehws/bMULP/qoCz9NKQw/ACUMP4RyCz+B9wo/UUwMP+6+Cz8Xpgw/
DkYMP54+DD9ypgo/V8ULP1EYDD/kAww/PesLP40ZCz/Mjws/DWgMP7x7DD8VOQw/JJcLP/Tl
Cz/aOgw/gRMMP7VxDD/XvAs/MwMLP23dCz8Fuws/eBUMP6CECj8wIQw/tvkKP+ykCz+ODgs/
aHYMP/dOCj/xnws/L2gLP34XCz8f3go/ohUMP1fJCz+Mmwo/7oIMP7lgCz9JSAw/VckLP7JV
DD9XbQs/5eMLPwvmCj8x4Ao/g6ILP8RkCz9nAQw/WLkKP9fpCT9Cago/7zsMP4lODD+bUAo/
BJgLP1YiCz9flws/gNEKP/IzCz+5kgw/fioKP26uCj+j4ws/GmsLP+vVCj9V7wo/dYcMPy4D
Cz8pYws/4m0KP54cDD/ohgs/8ZIKP85GCz/EZAs/bPELP1qHCz9g9Ao/ltsKP5ZWCj/Cbgs/
n0YKPxQsDD8xwgo/DI4KP5EHCz9CSQs/FtYKP6CqCj+E4Ao//i0LP90xCz8N4wo/9LYKPxi7
Cj+1qwo/6aMLPyZfCz83ywo/7F8LPwpRCj+0Bws/plYKP+4bCz/Ebgo/ctoKPwefCT/s8wk/
uFMJPy+3Cj/Y7ws/kNsKP5P1Cz85Bws/AekKP34fCz9y2go//bsKP4tmCz9wwAk/yO8LP9FP
Cz9Pywo/5tkKP7u1Cz/veAs/OfIKP2xcCj+zzwo/u8MJP7UACz/xbwo/iisKPwwkCj8BaQo/
LqEKP0i3Cj92nws/G+gKPxWaCT/8JQo/tpIJP80LCz+mwQs/mpAKP0vRCj+aAws/atAJP0Kg
Cj/WhAs/SiwKP9jSCT+b7Qk/K+EKP0B3Cj8rggs/e8gJP88+Cj9JVQo/LA8LP6LeCj98ygo/
Ib0KP47FCj9PGgs/F3wJP98CCj/SHgo/i2QKP+XlCT+f/Ak/bPMKP00DCz8A4wk/XXEKPy9s
Cj/sZgk/LGQJP4lACj8h9gk/q+wJP0p0Cj+9dgo/JugJP0L3Cj/iYwo/+XsKP/0aCj8vrQo/
hZgKPwu0CT+sxgo/XDkKP09HCz/Jswo/f+oJPxvrCD/MrAk/Pv0JP/mDCj+2Owo/WCIKP92I
Cj8DAQo/ls0JP7RxCj/Ncgk/lIwKP+FDCj+ijgk//QoJP8U9Cj+apQk/cUEKP3gDCj+SFgk/
nFgKP7NyCj/uwAk/</AssayYData></Step><Step><CommonData><SampleLocation>8</SampleLocation><SampleID></SampleID><SampleGroup></SampleGroup><SampleInfo></SampleInfo><SampleRow>D</SampleRow><SamplePlate>1</SamplePlate><WellType>KSAMPLE</WellType><Concentration>-1</Concentration><ConcentrationUnits>µg/ml</ConcentrationUnits><MolarConcentration>25</MolarConcentration><MolarConcUnits>µM</MolarConcUnits><MolecularWeight>-1</MolecularWeight><Temperature>26.6</Temperature><StartTime>605775</StartTime><AssayTime>60</AssayTime></CommonData><FlowRate>1000</FlowRate><StepType>ASSOC</StepType><StepName>Association</StepName><StepStatus>OK</StepStatus><ActualTime>60.01</ActualTime><CycleTime>0.2</CycleTime><AssayXData Points="300">OmQBRDhxAUQ2fgFELooBRCyXAUQqpAFEKLEBRB+9AUQTywFEC9cBRAnkAUQH8QFEBf4BRP0J
AkTwFwJE+CMCROYwAkTkPQJE4koCRNpWAkTYYwJE1nACRMN9AkTBigJEv5cCRLejAkS7sQJE
s70CRLHKAkSp1gJEp+MCRKTwAkSS/QJEkAoDRI4XA0SGIwNEijEDRII9A0RvSgNEbVcDRGtk
A0RjcANEZ34DRF+KA0RdlwNEW6QDREixA0RAvQNERMsDRDzXA0Q65ANEMvADRDD9A0QuCgRE
IRgERBkkBEQXMQREDz0ERA1KBEQLVwRECWQERPZwBET0fQRE7IkEROqWBEToowRE5rAEROS9
BETSygREydYERM3kBETF8AREw/0ERMEKBUS5FgVEtyMFRKsxBUSiPQVEoEoFRJ5XBUScZAVE
lHAFRIh+BUSQigVEjpcFRIajBURzsAVEcb0FRHXLBURt1wVEW+QFRFnxBURh/QVEXwoGREwX
BkRKJAZEQjAGREA9BkRESwZELFcGRCpkBkQocQZEJn4GRB2KBkQRmAZEGaQGRBexBkQFvgZE
/ckGRPrWBkT/5AZE9vAGRPT9BkTyCgdE6hYHROgjB0TWMAdE1D0HRNJKB0TJVgdEx2MHRMVw
B0S5fgdEsYoHRK+XB0SnowdEpLAHRKK9B0SgygdEjtcHRJbjB0SU8AdEiP4HRIAKCER+FwhE
fCQIRHMwCERxPQhEZUsIRF1XCERlYwhEWXEIRFF9CEROighEQpgIREqkCEQ4sQhENr4IRC7K
CEQs1whEKuQIRCjxCEQf/QhEEwsJRAsXCUQJJAlEBzEJRAU+CUT9SQlE+lYJRO5kCUT2cAlE
5H0JROKKCUTalglE2KMJRNyxCUTUvQlEwcoJRL/XCUTH4wlEtfAJRLn+CUSxCgpEqRYKRJwk
CkSkMApEkj0KRJZLCkSOVwpEhmMKRIpxCkSCfQpEgIoKRG2XCkRrpApEY7AKRGe+CkRlywpE
XdcKRFXjCkRI8QpEUP0KRD4KC0RCGAtEOiQLRDIwC0Q2PgtELkoLRCxXC0QfZQtEF3ELRB99
C0QTiwtEC5cLRAmkC0QHsQtE9L0LRP3JC0Tw1wtE6OMLRObwC0Tk/QtE4goMRNoWDETYIwxE
xTAMRMM9DETBSgxEv1cMRLdjDES1cAxEs30MRKCKDESplgxEnKQMRJSwDESSvQxEhssMRH7X
DESG4wxEevEMRHH9DERvCg1EbRcNRGskDURjMA1EYT0NRE5KDURMVw1ESmQNREhxDURAfQ1E
NIsNRDyXDUQ6pA1EMrANRB+9DUQdyg1EIdgNRA/lDUQX8Q1ED/0NRA0KDkQLFw5E+CMORPYw
DkT0PQ5E7EkORPBXDkToYw5E5nAORNR9DkTSig5EyZYORM2kDkTFsA5Ew70ORLHKDkSv1w5E
p+MORKTwDkSi/Q5EoAoPRJ4XD0SMJA9ElDAPRIg+D0SASg9EflcPRHVjD0RzcA9EcX0PRGWL
D0Rtlw9EW6QPRGOwD0RQvQ9ETsoPREzXD0RK5A9EOPEPRED9D0Q0CxBELBcQRCokEEQoMRBE
Hz0QRB1KEEQRWBBE</AssayXData><AssayYData Points="300">+xGLP6/tkT/FxJQ/PXSUP9FflT9DJpU/U1WVP0LRlT8MoJU/6OeVP0TdlT8j45U/1riVPyXZ
lT+2nZU/FQ6XP2JOlj/R5JU/JQaWPwJflj/iQZY/4CuWPwRUlj+aFpY/QRmWP1WVlT/oZ5Y/
eSeWP1C+lj99jpY/eQeWP7wElj/EAZY/p0+WP7trlj+LSpY/2oWWP0kQlz9ug5Y/cVeWP6WX
lj9LOJY/d8aWP+iPlj9am5Y/i3GWPyiSlj/Md5Y/whCWP2lUlz8EXpY/UB+WP2f8lj+t/JY/
Z+uWPxR7lj83lpY/yLGWP6fWlj8Q/pY/nLuWP+2wlj8N1ZY/IMqWPxnxlj8VspY/s8mWP9zz
lj8G7JY/1d6WPxLjlj8qGZc/wPuWP1Gylj8RYpc/M+6WP9E1lz9sdJc/cTeXP5XAlj8bCZc/
RgKXP9WRlz9NWpc/p3KXP5e8lj947JY//uOWPzCdlz8pRZc/a0qXP05Klz9PYpc/ggmXP9IL
lz94u5Y/0xSXPx9jlz945JY/KSeXP8+Clz97rpc/zwCXP1jylj9DVZc/cQuXP5SIlz+wGJc/
q3KXPwWWlz+Ce5c/DzmXP+Nklz9sspc/0BaXP3Kklz+Ex5Y/+DOXP2Ldlj+0T5c/wbOXP6ft
lj9qkZc/kDmXP22llz8Bh5c/qD+XPyFdlz/33pY/5IyXP29Jlz/Bl5c/7l6XP/l+lz/xSpc/
U16XP3TMlz9rnZc/tNCXP7Nmlz98qJc/ZqyXP5Ktlz/Dxpc/4XCXP93plz/rg5c/q4+XP3NX
lz9Srpc/TJCXP7R5lz+jU5c/+4+XP50EmD+tOpc/SOiXPyexlz9hnZc/oOSXP9Folz+1ZJc/
HNyXP+P8lj/YsJc/upqXP4Q4lz8kopc/tY6XP72vlz8scJc/CguYP9GKlz+W85c/MPOXP4T5
lz8n0pc/gNqXPwW7lz8pi5c/XaSXP8lNlz8lXZc/3O6XP+zMlz9ys5c/XseXPxNblz+Y0pc/
UuqXP2jelz+efpc/imKXPwZsmD8vsJc/3/qXP1iIlz85Lpg/Rw2YPwUwmD9iS5g/NsuXP96K
lz/NV5c/PH+YP5ommD8H6Zc/06KXPx1JmD99nZc/Iu+XP+IHmD9rPpg/oyaYPytQmD/K+Zc/
3SWYPxkZmD/D4Jc/OqGXP/05mD+Dd5g/2quXP0FsmD/M2pc/iueXP1EAmD+lEZg/hyeYPwE+
mD/FaZc/wvWXP/QdmD8M35c/iSOYP6F5mD+bM5g/N86XP53Flz+DlJc/PZuXPx+elz95G5g/
Cg+YP3uYlz95KZg/2paYP0KWlz/m4Jc/0tOXP6Zwlz+khpc/S0GYP8sKmD+1A5g/uk2YP0o1
mD9DW5g/6PCXP0XEmD8q8Jc/A+mXP554mD8kZ5g/3B6YPzqZmD/YXZg/kEuYP8zJlz97X5c/
fdmXP0tFmD+nBJg/1+uXP6H/lz9UeZg/5cOXP+87mD8NBpg/0z6YPyQYmD/2Ipg/KE6YP50L
mD9mwpg/GUaYP05zmD/wUJg/6+eXP54EmD8C8pc/tNKXP8kBmD+AD5g/x3yYP7SUlz+hQJg/
rBuYP8KUmD/h/5c/</AssayYData></Step><Step><CommonData><SampleLocation>11</SampleLocation><SampleID></SampleID><SampleGroup></SampleGroup><SampleInfo></SampleInfo><SampleRow>D</SampleRow><SamplePlate>1</SamplePlate><WellType>BUFFER</WellType><Concentration>-1</Concentration><ConcentrationUnits>µg/ml</ConcentrationUnits><MolarConcentration>-1</MolarConcentration><MolarConcUnits>µM</MolarConcUnits><MolecularWeight>-1</MolecularWeight><Temperature>26.5</Temperature><StartTime>676115</StartTime><AssayTime>60</AssayTime></CommonData><FlowRate>1000</FlowRate><StepType>DISASSOC</StepType><StepName>Dissociation</StepName><StepStatus>OK</StepStatus><ActualTime>60.009</ActualTime><CycleTime>0.2</CycleTime><AssayXData Points="300">7mQQRNZwEETafhBE0ooQRNCXEES9pBBEu7EQRMO9EES3yxBEr9cQRK3kEESh8hBEqf4QRKEK
EUSOFxFEjCQRRIoxEUSIPhFEhksRRH5XEUR8ZBFEb3IRRHh+EURlixFEY5gRRFukEURZsRFE
Tb8RRETLEURN1xFEQOURRDjxEUQ2/hFEKgwSRDIYEkQqJBJEKDESRBU+EkQTSxJEEVgSRA9l
EkQHcRJEC38SRAOLEkTwlxJE+aMSROyxEkTkvRJE4soSRODXEkTe5BJE1vASRMr+EkTBChNE
vxcTRMMlE0S7MRNEsz0TRKdLE0SvVxNErWQTRKFyE0SYfhNEkIoTRJSYE0SMpBNEirETRHi+
E0R2yxNEbdcTRGvkE0Rp8RNEZ/4TRGULFERjGBREWyQURE8yFERGPhREREsURDxXFERAZRRE
OHEURDZ+FEQqjBREIpgURBmkFEQeshREFb4URBPLFEQH2RRE/+QURAfxFET7/hRE8goVRPAX
FUToIxVE7DEVROQ9FUToSxVE0FcVRM5kFUTFcBVEw30VRMGKFUS/lxVEraQVRKuxFUSzvRVE
p8sVRJ7XFUSc5BVEmvEVRJj+FUSQChZEfhcWRHwkFkR6MRZEeD4WRHZLFkRtVxZEYWUWRGlx
FkRXfhZEVYsWRFOYFkRLpBZET7IWREa+FkREyxZEMtgWRDDlFkQo8RZEJv4WRCQLF0QiGBdE
GSQXRBcxF0QVPhdECUwXRAFYF0T/ZBdE93AXRPV9F0TyihdE4JcXRN6kF0TcsRdE1L0XRNjL
F0TQ1xdEzuQXRMzxF0S5/hdEsQoYRLUYGEStJBhEqzEYRKM9GEShShhEnlcYRJJlGESKcRhE
iH4YRIaLGER+lxhEfKQYRG+yGERnvhhEZcsYRG3XGERb5BhEWfEYRFf+GERVCxlEUxgZREsk
GURIMRlERj4ZRDRLGUQyWBlEKmQZRChxGUQbfxlEE4sZRBGYGUQPpRlEB7EZRAW+GUT5yxlE
AdgZRO7kGUT38BlE5P0ZROIKGkTmGBpE3iQaRNwxGkTUPRpE0koaRL9XGkS9ZBpEu3EaRLN9
GkS3ixpEpZgaRK2kGkSasRpEmL4aRKHKGkSO1xpEjOQaRIrxGkSI/hpEdgsbRH4XG0RrJBtE
bzIbRGc+G0RlSxtEY1gbRFtkG0RZcRtETX8bRESLG0RCmBtEQKUbRDixG0Q2vhtEJMsbRCLY
G0Qq5BtEF/EbRBX+G0QTCxxEERgcRA8lHEQHMRxEBT4cRPJKHETwVxxE7mQcROxxHETkfRxE
4oocRNaYHETOpBxE1rAcRMq+HETByhxEv9ccRLPlHES78RxEs/0cRKcLHUSeFx1EnCQdRJox
HUSYPh1EkEodRI5XHUSMZB1EenEdRH5/HUR2ix1EbZcdRGukHURpsR1EV74dRF/KHURT2B1E
S+QdREjxHURG/h1ERAseRDwXHkQwJR5EODEeRCY+HkQqTB5EIlgeRBlkHkQech5EFX4eRAOL
HkQHmR5E/6QeRPewHkT0vR5E8soeRPDXHkTu5B5E3PEeRNT9HkTYCx9E0BcfRM4kH0TFMB9E
uT4fRMFKH0S1WB9E</AssayXData><AssayYData Points="300">/49HP5DhMD+XtiE/x1YZPyiAFD92XhE/l4MOP7ThDD94yAw/UAoNP8oLDT+fwAw/ICwMP+sF
DT9K0ws/IaAMP7NVDD/TXAw/GvENPzn4DD8x5Qw/RKYMP6ubDD9++Qs/0VMMPx23Cz9mwws/
9mgLP1tiCz97FAw/db4MPw6DCz8EdAw/jEsMP03JDD+obww/ca0MP3qXDD+/DQw/QKEMP0/h
Cz/29gs/8yEMP6BIDD+cRg0/xn0LP7+9DD/OWww/Lr8LP+eqDD+gCww/q3gLP5X/Cz/86gs/
jyUMPx+zCz+9OQ0/fZgMP1aUDD8+qQs/218LP3BKDD/yOws/lYQLP9/UCz+8yww/TyUMP7AB
DD8gaww/g8ALPzsqDD8YPQw/rvELPxznCz+bxAs/1OgLP2vvCz9fFgw/gUgMP7V6DD+Sdws/
sDMLP7ZADD/FTgs/c0EMP/2hCz8Klgs/2uQKPwoACz/PyQs/z34LPxDjCj/fmAs/JYULPwEA
Cz+4Ugs/vw4MPxNlDD9IIww/ZOALP8nMCz912ws/vxILP6Q1Cz9mYQs/IwcLPxJXCz/5Ngs/
W0QLPyxACz9l4Qo/9LsLP5SbCz+9GAs/6tsLP+BJCz/MIgs/EJgLPyB8Cj+3UQs/3T4LP00y
Cz8Dxws/JT4MP/5vCj8vjQs/Rw0LPwTCCz9uzgo/an0LP6wXDD+fNws/mKIKPyimCj9F7Ao/
wGYLPzDOCj/nKAw/WTMLP7uBCz/+HQs/zAELPw3cCj9/ugo/EbQLPxmsCj8gZws/W2wLP3rH
Cz/8Ogw/RaULP9B8Cz+flgs/XdsKP9BtCz83RAs/ZPUJP17kCj8FlAs/gscKP61DCz+ufws/
OdEKPxmqCz/wLgs/HQgLP6ckCz+UPgs/4kELP69lCj/6nws/YzELP340Cz9g4As/vvILP1ya
Cj8VBws/298KP5rXCj/ccAo/3RcKP/lwCT8AYws/6CQKP8YjCz9WmQs/CuYKP2ZWCz/pFAs/
NNgKP6QFCj8FnQs/+CkKP2UTDD9AEws/KyYLP754Cz8DGww/ItwKP7lTCj+c0go/dx4KP1cH
Cz/QgAs/iawKP3B/Cj/qmAo/FPMKP+KNCz8eIQw/4QYKPxDtCj9kmQo/clkLP+2oCj84Qgo/
jd0KP8rOCj+AGwo/Et4JP2I4Cj/c4Qo/yFwKPwqKCz+ELQo/YJELP8ZZCz8Qvwo/jpUKPwmJ
Cj9VoAo/AEwKP3zKCj+4XQs/ehwMP/7+Cj/QAws/7WIKP0+yCj/lVAs/oxsKPwOyCj+cNQo/
cxULP1GICj8l5go/ou8KP3eKCj9kUgk/MnwLP61XCj90+Qo/atcKP3VqCj/O+gk/N8kKP39p
Cj92uQo/wDsKPyBiCj/UvQo/kSQKP92rCj++mwo//hEKP+dMCj+JDgo/ufEJPx95Cj/u0wo/
HjgJPzXtCT8qUQo/GqIKP2vkCT8MoQo/4/MJP+7TCj+lzQo/tjEKP/r5CT8zowo/+vQJP2Tb
Cj++bgo/sWgJPzyOCj+W9wo/oo0JP4lvCj8bSwo/gSwKP0cbCj8ebwo/n+QJPxiQCj90rAo/
dsEJPx9qCj+7mAo/</AssayYData></Step><Step><CommonData><SampleLocation>9</SampleLocation><SampleID></SampleID><SampleGroup></SampleGroup><SampleInfo></SampleInfo><SampleRow>D</SampleRow><SamplePlate>1</SamplePlate><WellType>KSAMPLE</WellType><Concentration>-1</Concentration><ConcentrationUnits>µg/ml</ConcentrationUnits><MolarConcentration>50</MolarConcentration><MolarConcUnits>µM</MolarConcUnits><MolecularWeight>-1</MolecularWeight><Temperature>26.4</Temperature><StartTime>746455</StartTime><AssayTime>60</AssayTime></CommonData><FlowRate>1000</FlowRate><StepType>ASSOC</StepType><StepName>Association</StepName><StepStatus>OK</StepStatus><ActualTime>59.991</ActualTime><CycleTime>0.2</CycleTime><AssayXData Points="300">s2UfRIByH0R+fx9Ea4wfRGOYH0RhpR9EX7IfRF2/H0RVyx9ESdkfRFHlH0RP8h9EPP8fRDQL
IEQyGCBENiYgRC4yIEQsPyBEKkwgRCJYIEQPZSBEE3MgRAt/IEQJjCBEAZggRP+kIET9sSBE
8b8gROjLIETm2CBE3uQgRNzxIETa/iBE2AshRMYYIUTOJCFEzDEhRL8/IUS3SyFEtVghRLNl
IUSrcSFEqX4hRJ2MIUSbmSFEkqUhRIqxIUSIviFEhsshRHrZIURy5SFEcPIhRH7/IURrDCJE
YxgiRGElIkSAMiJEVz4iREtMIkRTWCJEQGUiREVzIkQ8fyJENIsiRDKYIkRApSJEHrIiRBy/
IkQazCJEEdgiRA/lIkQD8yJEC/8iRPkLI0T3GCNE7yQjROwxI0TxPyNE6EsjROBXI0TUZSNE
3HEjRNB/I0TOjCNExpgjRL2kI0S7sSNEub4jRLfLI0S12CNEo+UjRJvxI0RZASRElgskRJQY
JESSJSRE0jIkRH4/JER2SyREelkkRHJlJERpcSREbn8kRGWLJERTmCREV6YkRE+yJERHviRE
S8wkRELYJERA5SREPvIkRCz/JEQkCyVEKBklRCAlJUQeMiVEHD8lRBpMJUQRWCVED2UlRP1x
JUT7fiVE+YslRPeYJUTvpCVE7LElROq+JUTYyyVE4NclRNTlJUTM8SVEyv4lRM4MJkS1GCZE
vSQmRLEyJkSpPiZEp0smRJtZJkSjZSZEm3EmRJl+JkSGiyZEhJgmRIKlJkSAsiZELL8mRHbL
JkR02CZEcuUmRGnxJkRd/yZEVQsnRFMYJ0RRJSdETzInREc+J0Q6TCdEMlgnRDBlJ0QucidE
LH8nRCSLJ0QYmSdEIKUnRB6yJ0QLvydECcwnRAHYJ0QF5idEDfInRPv+J0ToCyhE5hgoRO8k
KETcMShE2j4oRNhLKETWWChExGUoRMxxKES/fyhEt4soRLWYKEStpChEq7EoRKm+KESnyyhE
pdgoRJLlKESb8ShEiP4oRIYLKUSEGClEBSYpRHAyKUR4PilEbEwpRGNYKURhZSlEX3IpRF1/
KURViylESZkpREClKUQ+silEPL8pRDTLKUQy2ClENuYpRC7yKUQc/ylEGgwqRBEYKkQPJSpE
DTIqRAs/KkQJTCpEAVgqRO9kKkTscSpE6n4qROiLKkTmmCpE3qQqRNyxKkTavipEyMsqRMbY
KkTE5SpEu/EqRL//KkS3CytEtRgrRKMlK0SrMStEmD4rRJ1MK0SUWCtEkmUrRIpxK0SIfitE
dosrRHqZK0RypStEcLIrRGe+K0RlyytEY9grRFHlK0RP8itETf8rREULLERCGCxEQCUsRD4y
LEQ8PyxEKkwsRDJYLEQmZixEHnIsRBx/LEQajCxEEZgsRA+lLEQDsyxE+74sRPnLLET32CxE
7+QsROzxLETg/yxE2AstRNYYLUTUJS1EzDEtRMo+LUTISy1ExlgtRMRlLUSxci1EqX4tRKeL
LUSlmC1Eo6UtRJuxLUSYvi1EjMwtRITYLUSC5S1EgPItRHj+LUR2Cy5EaRkuRHIlLkRfMi5E
XT8uRFVLLkRTWC5E</AssayXData><AssayYData Points="300">6t2lP8wqqT9Uiao/wUaqPy+6qj8Tfqo/g6SqP76iqj/omKo/InCqPx6eqj/bj6s/uMiqP3wa
qz8kt6s/WrGqP8kgqz8kP6s/KpyrP18sqz9WCas/ICWrPzRtqz+P6ao/oQKsP+dVqz/flqs/
SmmrP29gqz/CKKs/7hirP8fLqz8+pas/WBirPxfgqz83Rqs/CPerP3u0qz9yX6s/lxCsPxej
qz/IFqw/HsGrP9HNqz+QqKs/DOCrP+jcqz+by6s/GNirP0Tnqz/kKqw/09mrP3jXqz9I/6s/
FPqrPzs9rD/Jtas/iZmsP5+wqz8q7as/odGsP248rD8gSKw/zVGsP1zjqz+oX6w/vo2sPy9/
rD/xKqw/flysP7YSrD+chaw/7UmsPy8hrD8JxKs/E8KsPz4drD+Oaqw/vwmsP+LerD/Qiaw/
jfysP9B/rD9uf6w/tfSrP+ZDrD8jn6w/6n+sP1aprD+KJKw/UCKsP7RbrD+6caw/VZOsP3+A
rD9tkqw/R3SsP5TQrD84O60/glCsPxAdrD+db6w/j3GsPwqjrD8LsKw/k/isPyF0rD/t5aw/
XqqsP/28rD8w4aw/PPysP0ESrT+5r6w/OaSsP93QrD8/oqw/gPmsP5mzrD/8bqw/PsGsP18U
rT/Sh6w/0VytP2TOrD/h3qw/qHqsPwdgrD+h0Kw/fGOtP8A2rD+YvKw/kgytP7cKrT/OD60/
AqGsP60brT9E6Kw/M9asP7MOrT/DC60/mPqsP3uDrT9aEK0/BTStPwAJrT+Ceq0/KgytP1Ip
rT8zOa0/iACtPyscrT+fWq0/x2WtP8warT80G60/VF+tPxYUrT+G+aw/gm2tP2UqrT9RTq0/
FKCtP2YhrT99Aq0/G1GtP61DrT/b9qw/ZTqtP/BgrT8EUq0/5XStP9frrD86+6w/yPCsPzjc
rD+SXa0/9JWtPxo1rT8Rsa0/G0mtP3QYrT8rk60/TWWtP+/9rD+BE60/sRCtP5c/rT+Nja0/
9n+tP0OGrT9bdq0/EL6tPyW9rT9AZK0/80qtP2hDrT/uiK0/TWutPweFrT8mha0/HrKtP9mh
rT/bqa0/56itP7AMrT/L36w/CL+tP/A/rT+Cd60/8FStP/WtrT/KKq0/MdutPxh3rT9EX60/
gbWtP9BArT8wR60/i2CtPwuirT8osq0/qFitPxomrT/nhK0/i6OtPxKKrT8Nwq0/+CSuP52i
rT8TpK0/rcatP3LFrT9pc60/XkatP0lprT8edq0/8JStP8oxrj+CI64/RZmtPxhXrT806a0/
nKKtPxzcrT8G4K0/vxquPxP1rD/Hm60/jI6tP88+rT8P1K0/kLmtP2JirT+q9K0/QnOtP+WD
rT/gIK4/SIWtP7gKrj+yL64/rH6tP32XrT/0Da4/0b+tP7lbrT9N960/+gGuP5Yqrj+M5K0/
T2GtP3JfrT/Q2a0/oN6tP/49rT9HoK0/vketP0darT/3f60/BS2uP3qMrT9Coq0/UIqtPwNI
rT8NZa0/remtP8HGrT/wbq0/NumtP9GFrT845q0/nvqtPx7grT/rza0/3YWtPzsMrj/fo60/
UwSuP+gprj+yGK4/</AssayYData></Step><Step><CommonData><SampleLocation>11</SampleLocation><SampleID></SampleID><SampleGroup></SampleGroup><SampleInfo></SampleInfo><SampleRow>D</SampleRow><SamplePlate>1</SamplePlate><WellType>BUFFER</WellType><Concentration>-1</Concentration><ConcentrationUnits>µg/ml</ConcentrationUnits><MolarConcentration>-1</MolarConcentration><MolarConcUnits>µM</MolarConcUnits><MolecularWeight>-1</MolecularWeight><Temperature>26.4</Temperature><StartTime>816888</StartTime><AssayTime>60</AssayTime></CommonData><FlowRate>1000</FlowRate><StepType>DISASSOC</StepType><StepName>Dissociation</StepName><StepStatus>OK</StepStatus><ActualTime>59.99</ActualTime><CycleTime>0.2</CycleTime><AssayXData Points="300">cmUuRB5yLkQWfi5EFIsuRDmZLkQQpS5EDrIuRBa+LkT5yy5E8dcuRO/kLkTt8S5E+/4uRNgL
L0ThFy9E3iQvRMwxL0TKPi9EyEsvRMBXL0SzZS9EvHEvRLp+L0Sniy9EpZgvRJ2kL0Shsi9E
mb4vRJfLL0SE2C9EjeQvRIrxL0R+/y9EdgswRHQYMERyJTBEajEwRGg+MERbTDBEU1gwRFtk
MERJcTBER34wREWLMERDmDBEQaUwRDmxMEQsvzBEJMswRCLYMEQg5TBEHvIwRBb+MEQUCzFE
BxkxRP8kMUT9MTFE+z4xRPNKMUTxVzFE5WUxRNxxMUTlfTFE2IsxRNCXMUTOpDFEwrIxRMq+
MUTCyjFEttgxRK3kMUSr8TFEqf4xRKcLMkSfFzJEkyUyRJsxMkSIPjJEhksyRIRYMkR8ZDJE
enEyRHh+MkR2izJEbpcyRGKlMkRZsTJEV74yRFvMMkRT2DJES+QyRD/yMkRH/jJENAszRDkZ
M0QwJTNEKDEzRCw/M0QkSzNEIlgzRBZmM0QOcjNEBX4zRAmMM0QBmDNE/6QzRP2xM0TrvjNE
88ozROfYM0Tl5TNE3PEzRNT9M0TYCzRE0Bc0RL4kNES8MTREuj40RMJKNES2WDRErWQ0RKtx
NESffzREl4s0RI+XNESTpTREirE0RIi+NER8zDREdNg0RHzkNERw8jREaP40RGYLNURkGDVE
YiU1RFkxNURXPjVEVUs1RFNYNURLZDVEP3I1RDd+NUQ0izVEMpg1RDClNUQosTVEJr41RBTL
NUQS2DVEBeY1RA7yNUQF/jVE+Qs2RAEYNkTvJDZE7TE2ROs+NkTjSjZE1lg2RN5kNkTccTZE
1H02RMiLNkTAlzZExKU2RLyxNkS6vjZEp8s2RK/XNkSt5DZEm/E2RJn+NkSXCzdEjxc3RI0k
N0SKMTdEeD43RHZLN0R0WDdEbGQ3RHByN0RofjdEZos3RGSYN0RRpTdESbE3RE2/N0RFyzdE
Q9g3REHlN0Q/8jdENv43RCoMOEQiGDhEICU4RBgxOEQWPjhEFEs4RAdZOET/ZDhE/XE4RPV9
OETzijhE8Zc4ROWlOETtsThE2r44ROPKOETg1zhEzuQ4RMzxOETK/jhEyAs5RMAXOUSzJTlE
qzE5RKk+OUSnSzlEpVg5RJ1kOUSRcjlEmX45RIaLOUSEmDlEfKQ5RHqxOUR+vzlEdss5RGTY
OURi5TlEavE5RFf+OURVCzpEUxg6RFElOkRJMTpERz46RDRLOkQyWDpEMGU6RC5yOkQmfjpE
JIs6RCKYOkQQpTpEDrI6RBa+OkQDyzpEB9k6RP/kOkT98TpE+/46RPMKO0TxFztE5SU7RNwx
O0TaPjtE0ko7RNBXO0TOZDtEwnI7RLp+O0S4iztEtpg7RK2kO0SrsTtEqb47RJfLO0Sf1ztE
neQ7RIrxO0SI/jtEhgs8RIQYPER8JDxEejE8RG4/PERmSzxEZFg8RGJlPERZcTxEV348REuM
PERDmDxES6Q8RD+yPEQ2vjxENMs8RDLYPEQw5TxEKPE8RCb+PEQkCz1EEhg9RBYmPUQOMj1E
BT49RPlLPUQBWD1E</AssayXData><AssayYData Points="300">i4R1P/kXTT9nbjQ/D88iPwwJGj/E4xU/XA4SP3bSET8cbg8/178OP503DT+rxA0/hZENP+4p
Dj9FeQ0/SYINPwVNDT8OWQ0/vCwNP12zDT8WNA4/NuwNP7ODDj8u8A0/dHMNP3szDT+Vyw0/
3OcNP5TCDT/Rkg4/P70MP9+9DT/FJg4/f18NPwfHDD+v3Q0/+UYNP7QHDj95YA0/CPQMP+DL
DT/tVg0/qEwNP9INDj/HCQw/XSUOP/G4DT+CCA0/PlgNPxreCz8Ctww/1r4MP9ohDT9atg0/
q2cNPwcfDD/2ogw/aasMP7RkDT8eDw0/oU4MPy8GDT+WHA0/RQsNP9nMCz/Y1ww//k8MP6C6
DD8JyQw/R0QNP33rDD+HRww/xSAMP7ZZDT/1vww/tLYMP0ohDT8bvgw/dWIMP2QeDD+ctA0/
DEgMP4aDDT8wdQw/Yt0MP9OYDT+A0gw/L0QNP7NHDD9Ziw0/MXANP/0UDT8rows/fAsNP7l6
DD9KMg0/YVENP9dLDD/+Nww/gX8LP6nDDD9xVQw/VDsMPzAVDT+B3gw/F+gMPxa3Cz9q0gw/
jvcMP149DD84cgw/vYoMPy5uDD9F0ww/puUMP7MZDD/JcAw/WpMMP+sjDD/4Cww/HMYMPwFt
DD+t0ww/Z88MP7t+DD+QtQw/JxUMP1d+DD8GFw0/9ekLP+ETDD+vXgw/kpYLP5WQDD/I9As/
2s4MP2v3Cz/koAw/1vsLPzn/DD8axws/JZQMP46ADD8ecQs/asQLPwMHDD/lqw0/B4cMP075
Cz8aags/tMwLPx5mCz+olws/ag4LP/2lCz98xgw/jakLPxpiCz9BTww/X28LP8XtCz/S2Qs/
KDQMP7SfCz88CAw/KMMNPwbJCz8JBQw/lukLP5yKCz8xWQw/xrILPxu+DD+EjAo/DXYMP/MH
DD/twws/qIULP5PWCz9uXws/1AALP9rHCz8dLQw/SqYLP1/qCz9kEQ0/jhgLP1KaCz+2oAs/
zwAMP0kHDD/mGws/PIQMP44VCz93RAs/RdwLP2vMCz+MAgs/NOcKP3wEDD/kygs/9zYLPw8E
DD+urgw/FPsKP+AnDD8X6go/ZKgLP4CxCj/glQs/thcLPyg+Cz8GYgs/TocLP/VICz/P0wo/
45kKPwaeCz+3hAs/n4cLP014Cz//BAs/rLsKP//XCz/z9Aw/sesKP5nJCj8Qegs/Gb4LPwx6
Cz8uJAw/I+ULPwrACj9Lggs/vfUKPxfYCj+dPgs/cEILP0gXCz/tiws/bzkLPwV5Cz+ZXwo/
Ev0KP4vuCj9+IQw/QoELP+haCz/S8Qo/I9wLP50KCz/9rws/LsgLP9FJCz8sRQs/hMcKP2um
Cz8ZAAw/aoMLP2C3Cj/CYws/q1ILP9XvCz+M3Ao/ZhYMPzTlCj9PfAw/f6cLPxurCz85BAw/
P1MKP5KqCj+QQAs/w7IKP0y0Cz/soQo/vlAKP8f3Cj9Z5go/CPYLPyROCz/Yrws/r0ELP1La
Cj+Auwo/3iYLP0P6Cz9+AQw/zXELP2sUCz9A4Ao/maQLP1k1Cz+iCww/lhwMP0ndCz/kZQs/
3NIKP3OQCz/F0Qo/</AssayYData></Step><Step><CommonData><SampleLocation>10</SampleLocation><SampleID></SampleID><SampleGroup></SampleGroup><SampleInfo></SampleInfo><SampleRow>D</SampleRow><SamplePlate>1</SamplePlate><WellType>KSAMPLE</WellType><Concentration>-1</Concentration><ConcentrationUnits>µg/ml</ConcentrationUnits><MolarConcentration>100</MolarConcentration><MolarConcUnits>µM</MolarConcUnits><MolecularWeight>-1</MolecularWeight><Temperature>26.3</Temperature><StartTime>887415</StartTime><AssayTime>60</AssayTime></CommonData><FlowRate>1000</FlowRate><StepType>ASSOC</StepType><StepName>Association</StepName><StepStatus>OK</StepStatus><ActualTime>59.994</ActualTime><CycleTime>0.2</CycleTime><AssayXData Points="300">3mQ9RMxxPUTEfT1Ewoo9RMCXPUS+pD1EtbA9RKm+PUSxyj1En9c9RKPlPUSb8T1Ek/09RIYL
PkSPFz5EjCQ+RIAyPkR4Pj5EcEo+RHRYPkRsZD5EanE+RF1/PkRViz5EXZc+REukPkRJsT5E
R74+REXLPkRD2D5EO+Q+RC7yPkQm/j5EJAs/RBwXP0QgJT9EGDE/RBY+P0QJTD9EAVg/RAlk
P0T9cT9E9X0/RPOKP0Txlz9E76Q/ROewP0Tavj9E0so/RNDXP0TU5T9EzPE/RMT9P0S3C0BE
wBdARK0kQESlMEBEqT5ARKFKQESlWEBEnWRARIpxQESIfkBEhotARH6XQER8pEBEerFARHi+
QERwykBEZNhARFvkQERZ8UBEV/5ARFULQURNF0FEUSVBREkxQUQ2PkFENEtBRDJYQUQqZEFE
LnJBRCZ+QUQki0FEIphBRBClQUQHsUFEC79BRAPLQUQB2EFE/+RBRO3xQUT1/UFE8wpCROAX
QkTeJEJE1jBCRNQ9QkTSSkJE0FdCRL5kQkS8cUJEs31CRLeLQkSvl0JEraRCRKuxQkSZvkJE
kcpCRJXYQkSM5EJEivFCRIj+QkR2C0NEfhdDRHIlQ0RqMUNEaD5DRGZLQ0RdV0NEW2RDRFlx
Q0RHfkNERYtDRFOYQ0RBpUNEOLFDRDa+Q0Q0y0NEMthDRCrkQ0Qo8UNEFv5DRBQLREQSGERE
ECVERAcxRET7PkREA0tERPFXRETvZERE53BEROV9RETpi0RE4JdERN6kRETWsERE1L1ERMLK
RETG2EREvuRERLzxRESp/kREsQpFRK8XRUSdJEVEmzFFRJM9RUSXS0VEjldFRIxkRUR6cUVE
eH5FRHCKRURul0VEcqVFRGqxRURovkVEVctFRF3XRURL5EVET/JFREf+RURFC0ZEQxhGRDsk
RkQ4MUZELD9GRCRLRkQsV0ZEIGVGRBhxRkQWfkZECYxGRBKYRkQJpEZE97BGRPW9RkTzykZE
8ddGRO/kRkTn8EZE2v5GRNIKR0TQF0dEziRHRMwxR0TEPUdEwkpHRLVYR0StZEdEq3FHRKl+
R0ShikdEn5dHRKOlR0SbsUdEiL5HRIbLR0R+10dEfORHRIDyR0R4/kdEcApIRGQYSERsJEhE
WTFIRF0/SERVS0hETVdIREtkSERJcUhER35IRDSLSERDmEhEKqRIRC6ySEQsv0hEJMtIRCLY
SEQQ5UhEGPFIRBb+SEQJDElEARhJRPkjSUT9MUlE9T1JROJKSUTnWElE3mRJRNZwSUTafklE
0opJRNCXSUTOpElEvLFJRLO9SUS4y0lEr9dJRK3kSUSr8UlEmf5JRKEKSkSOF0pEjCRKRIox
SkSCPUpEhktKRH5XSkR8ZEpEanFKRGh+SkRwikpEZJhKRFukSkRZsUpETb9KRFXLSkRN10pE
QeVKRDjxSkQ2/kpEKgxLRDIYS0QqJEtEHjJLRBY+S0QUS0tEElhLRBBlS0QHcUtEBX5LRAOL
S0QBmEtE+aNLRO2xS0TkvUtE6ctLRNbYS0Te5EtE1vBLRNT9S0TSCkxEwBdMRMQlTES8MUxE
sz1MRLhLTESvV0xE</AssayXData><AssayYData Points="300">KHfAP7F/wz+EqMM/TDDEPzc3xD9o0cM/ZbbEP04txT/OucQ/BwHFP5lfxD/IAMU/uijFP+wK
xT/aDsU/VgrFP7KkxT/hdsU/x1XFP/dRxT92PcU/XhnFPzJlxT+gUcU/8NjFP0O0xT+xS8U/
XmfFP3TqxT+LbMU/HqDFPyGhxT8dN8U/2uXFP1yUxT+rIMY/zgDGP7Uexj90xsU/RZHFP0Go
xT8Eg8Y/n+DFPzUxxj+gOcY/MS3GPyKZxj/MB8Y/YwDGP3bExj/ZNcY/CNvFP00fxj9z5MU/
MfTFP2wRxj8048Y/uQrGP6Zpxj9Jk8Y/6H/GP7lvxj/KA8Y/66DGP/gbxj84Y8Y/plDGPwBL
xj9WjsY/V4PGP+6Mxj8aq8Y/Oe3GP/jdxj+sfMY/GfXGP53dxj9o08Y/w+TGP7P+xj/Kh8Y/
u4rGP0AJxz9588Y/4xfHP24Ixz9r/cY/E/DGP2qDxz/ntcY/j9jGP8Tqxj8J6MY/CG3HP3kr
xz9iUsc/p5fGP8r9xj+txcY/qK7GP0UDxz8PKMc/AJDHPxo1xz8be8c/6ZzHP90axz94Rsc/
kAnHP86Lxj9accc/7YXHP+ptxz9ho8c/nkTHP6Yyxz/Ckcc/If3HP7JBxz9lxcc/9mrIP9I9
xz8428c/kH/HP2PPxj+1b8c/FHnHP6e6xz8Ts8c/MW7HP/s7xz+13Mc/8ofHP1Vxxz+wI8c/
UpTHPxqixz9R98c/W1THP0eWxz++Q8c/wYTHP2N1xz8Il8c/BOHHP3O9xz+zysc/Nc7HP6YM
yD+7q8c/XvbHP788yD/4H8g/FHHHPxLOxz9Mqcc/6jzHP+PNxz/Yzcc/iJLHPynnxz+plMc/
EiLIPy5gxz8PVMc/dO7HPyIeyD9HIsg/C7rHP67Txz+sPMg/5S7IP81dyD8DFcg/sF3HPyLy
xz/YYcg/dyjIP0w1yD/43sc/0yvIP1sryD/H5cc//CjIP0fDxz+/3Mc/GhPIP282yD8ricg/
WaTIP3Ccxz8JOMg/7lfIPyZ7yD/YYMg/yvfHP0VJyD/Xfsg/ME3IP053yD/AFMg/MvfHPylI
yD/KaMg/xV/IPwXOxz9rjcg/6SXIP61xyD9R5cc/DAnJPwjFxz8xFcg/kATIP4/fxz9vNMg/
C33IP3OGyD9GhMg/IzXIP/IIyD82E8g/37bIP3tAyD/btsg/dfTHP326yD8P+Mc/bAfIPwav
yD8q58c/nxTIP+WNyD/llMg/waTIPyz9xz80TMg/wkzIPxbLyD8Sisg/PLTHP7YcyD+hecg/
zKTIP9yGyD+HT8g/x1vIP/MWyD8V08g/uqnIPx4JyD87tMg/2AjIP4GZyD+6Ysg/x97IP6AC
yD8RW8g/M/LIP3AEyT8tosg/B73IP0XHyD9Ox8g/K6XIPywGyT+3X8g/MuTIP2cByD+FSsg/
eeXIPzgTyD8V2cg/jZfIPzNuyD+/Ucg/6SrIPz2eyD9as8g/XAHJPy60yD9nesg/JizIP6J3
yD/5w8g/v8zIP3/zxz8M0cg/d67IPx6byD8h98g/42DIPyFryD8ApMg/jWzIPztnyD+Wucg/
sJTIP7GYyD/JuMg/</AssayYData></Step><Step><CommonData><SampleLocation>11</SampleLocation><SampleID></SampleID><SampleGroup></SampleGroup><SampleInfo></SampleInfo><SampleRow>D</SampleRow><SamplePlate>1</SamplePlate><WellType>BUFFER</WellType><Concentration>-1</Concentration><ConcentrationUnits>µg/ml</ConcentrationUnits><MolarConcentration>-1</MolarConcentration><MolarConcUnits>µM</MolarConcUnits><MolecularWeight>-1</MolecularWeight><Temperature>26.3</Temperature><StartTime>958083</StartTime><AssayTime>60</AssayTime></CommonData><FlowRate>1000</FlowRate><StepType>DISASSOC</StepType><StepName>Dissociation</StepName><StepStatus>OK</StepStatus><ActualTime>59.994</ActualTime><CycleTime>0.2</CycleTime><AssayXData Points="300">fGRMRHpxTERyfUxEcIpMRGOYTERbpExEWbFMRFG9TERPykxETddMREHlTEQ48UxENv5MRC4K
TUQsF01EKiRNRCgxTUQWPk1EFEtNRBxXTUQPZU1EB3FNRAV+TUQDi01E8ZdNRPmjTUTtsU1E
5L1NROLKTUTg101E3uRNRNbwTUTK/k1E0gpORMAXTkS+JE5EtTBORLM9TkSxSk5Er1dORK1k
TkSlcE5Eo31ORJCKTkSOl05EjKRORIqxTkSCvU5EdstORG7XTkRs5E5EavFORGj+TkRfCk9E
YxhPRFskT0RJMU9EUT1PRE9KT0Q9V09EQWVPRDhxT0Q2fk9ENItPRCyXT0QapE9EHrJPRBa+
T0QUy09EC9dPRAnkT0QH8U9E9f1PRPMKUETrFlBE6SNQRO0xUETkPVBE4kpQRNBXUETYY1BE
xnBQRMp+UETCilBEwJdQRL6kUES1sFBEs71QRKfLUESf11BEneRQRJvxUEST/VBEkApRRI4X
UUR8JFFEhDBRRHg+UURwSlFEbldRRGxkUURqcVFEYX1RRE+KUURNl1FES6RRREmxUURHvlFE
P8pRRDzXUUQw5VFEOPFRRCb+UUQkC1JEHBdSRBokUkQNMlJEBT5SRA1KUkQBWFJE+WNSRPdw
UkTrflJE84pSROuWUkTepFJE5rBSRNS9UkTYy1JE0NdSRMjjUkTG8FJExP1SRMIKU0SvF1NE
rSRTRLUwU0SjPVNEoUpTRJ9XU0SXY1NEinFTRJN9U0SAilNEhJhTRHykU0R0sFNEaL5TRHDK
U0Ru11NEYeVTRFnxU0RR/VNEVQtURE0XVERLJFREPzJUREc+VEQuSlREMlhURCpkVEQocVRE
Jn5URBSLVEQcl1RECaRURAexVEQFvlRE/clURAHYVET541RE9/BUROv+VETiClVE2hZVRN4k
VUTWMFVE1D1VRMhLVUTQV1VEyGNVRLxxVUSzfVVEsYpVRK+XVUStpFVEpbBVRJm+VUShylVE
jtdVRIbjVUSK8VVEgv1VRIYLVkR+F1ZEbCRWRHQwVkRoPlZEX0pWRF1XVkRbZFZEWXFWRFF9
VkRFi1ZEPJdWRDqkVkQ/slZENr5WRC7KVkQi2FZEKuRWRBjxVkQW/lZEFAtXRAsXV0QJJFdE
BzFXRAU+V0TzSldE8VdXROljV0TtcVdE5H1XROKKV0TalldE2KNXRNawV0TKvldEyMtXRMDX
V0S341dEtfBXRLP9V0SxClhEnxdYRJ0kWESVMFhEmT5YRJBKWESOV1hEjGRYRHpxWESCfVhE
dotYRG6XWERspFhEY7BYRGG9WERfylhEU9hYREvkWERJ8VhER/5YRD8KWUQ8F1lEOiRZRDgx
WUQmPllELkpZRBxXWUQaZFlEHnJZRBZ+WUQDi1lEC5dZRAmkWUT3sFlE9b1ZRPPKWUTr1llE
6eNZRNzxWUTU/VlE0gpaRNAXWkTOJFpExjBaRLk+WkTCSlpEwFdaRLdjWkSlcFpEo31aRKeL
WkSfl1pEnaRaRIqxWkSSvVpEkMpaRI7XWkR85FpEevFaRHL9WkRwCltEbhdbRFskW0RZMVtE
YT1bRE9KW0RNV1tE</AssayXData><AssayYData Points="300">P92IPzt9XT8bxzw/oU8qPzhLHj8k3hg/4l4VP8yQEz//bxI/pOARP13BED91ahE/0JURPzqO
ED/HDhE/Z4IQP7tzED/ULxA/ix0QP0rgED9vDBE/sFkQP7xpET+hFxE/XxgQP0tCED/6zg8/
UFEPP4EEET8rAhA/L+QPP6iAED/30Q8/w/cPPxmDDz/QxxA/D9cPP9uuED8koQ8/UuQPPwFJ
ED9moxA/oc0PP2HWDz8daxA/QfEPPw3sDz+Bjg8/R9cOP5NtDz+wwA8/IlcPPzxZDz9orA8/
sAsQP7VIDz9MJA8/XcoPPxU5ED8XLhA/nVQQPxroED94ow8/Yy8PPws9ED+/gA8/FM0PP1GG
Dz/4oA8/h3AQP+xdED/nVg8/sUkPP94oDz9l+xA/sk4QP2ERED+zWQ8/F9AOPzitDj+fFRA/
stIPP8cfED9dug8/tYsPPz5TDz9QFA8/9+kPP4NYDz+zJA8/7QIQP1QSDz/1wg8/5+APP/Vk
Dj+kJA8/vI0PP5dNDj8pqQ4/6RYPP+KmDj8ZJw8/GKkPP5OqDz+7vw4/K6gOP8pGDz8wAw8/
8PcOP8fqDj+IbQ8/tJsOPyA8Dz94eg8/cGgPP+AZDj95fQ4/IY8OP724Dz+OSg8/cAgPP6qg
Dj/B8A0/vIAPPzlqDj+2ZA8/iqAOP0WFDz/5jQ4/CuUNPz/dDj+D5w4/9L0OPxb8DT90LA8/
B3wOP69wDz9uNA4/jVkPPxo7Dj8Npw8//IAOP9ivDz8lIw4/ZZ0OP7puDz8glA4/QcMOP4oG
Dj/d0A4/MRIOP1M/Dj/lOQ4/yXsNP+PIDj8MgA4/Jb0OP3upDj803g4/VtUNP3qBDj+aRw4/
AnoOP7BoDj+4aQ4/IBYPP41JDT+rRA8/B88OP/5aDj/FvQ8/z/ANP39ODT9erQ4/gOcOP7Ib
Dj+8zQ4/rYgOPxt1DT9jLw4/p1MOP8lODj9X4g4/F8UOP3L0DT/11Q4/1LAOP1hRDz8bWQ4/
eE4OP6j3DT9Acg4/hmEPP+fKDz8a1ww/gkoNP8AMDj+Z8A4/dtsNPxTBDj+0Ag4/a2YNP/vd
Dj+UaA4/MakNP1uvDj+5Ew0/+oUOP6pIDj8JBA4/iOQOP9RwDT/iqg4/JG8NP02pDj8WlQ0/
aJgOP2n7DT8/1A0/ZMENP7J7Dj+4kw4/k8kOP/AWDj9Heg4/ljkOP1bhDT+Rvg4/1QoPPxEq
Dj9NYg0/Hd0NPybwDT8Fjw0/Vl4OPwt1DT/+qQ0/eJ4OP2SFDj9G/g0/hUkNP31hDj+WZw4/
imQPPx5hDT8dzA0/a38NP/2wDT9Wtgw/1vIMP1oKDT8kKA4/NEENPyTvDT+kOA0/2RMOPypb
Dj8KsA0/TE0OP1idDT9WwA0/RqsNP3ILDj9N9Q0/ZFANP8gYDj/PiQ0/YG4NP387Dj9MWQ0/
gGUNP/zSDT/eBg4/svEMP177DT8oFQ4/z6ENP2tgDz/vjg0/mYENP+ETDj8Hrw0/PdINP5Vm
Dj+xXQ4/YXEOP9kMDj8A3A0/7tkNP/dODT8/PQ4/GS8OP0mgDT89tw0/DIQNP/EEDj89aA0/
xzcOP1haDT/omA0/</AssayYData></Step></KineticsData></ExperimentResults>
