<?xml version="1.0" encoding="UTF-8" standalone="yes"?>
<ExperimentResults><ExperimentInfo Name="Experiment_1"><ExpDescription></ExpDescription><RTDVersion>2.0</RTDVersion><RunID>ADD89F71-78E5-44DB-A4BE-8AC57E322F2C</RunID><ExperimentType>KINETICS</ExperimentType><ExperimentSubType>KBASIC</ExperimentSubType><StartDateTime>2021-07-23T14:01:20</StartDateTime><MachineName>910SDZ1</MachineName><UserName>Labuser</UserName><LotNumber></LotNumber><PlateName>210723</PlateName><PlateName2></PlateName2><SensorName>D9</SensorName><SensorPlate>1</SensorPlate><SensorType>SA (Streptavidin)</SensorType><SensorRole>LIGAND</SensorRole><SensorInfo></SensorInfo><WritingSW>DataAcquisition.exe 8.2.0.9</WritingSW><InstrumentType>OctetRED96</InstrumentType><InstrumentFW></InstrumentFW><IntegrationTime>2.4</IntegrationTime><DSPType>CPF</DSPType><DSPStitching>1</DSPStitching><InfoHash>802821881</InfoHash></ExperimentInfo><AssayParamsInfo/><KineticsData><Step><CommonData><SampleLocation>1</SampleLocation><SampleID></SampleID><SampleGroup></SampleGroup><SampleInfo></SampleInfo><SampleRow>D</SampleRow><SamplePlate>1</SamplePlate><WellType>BUFFER</WellType><Concentration>-1</Concentration><ConcentrationUnits>µg/ml</ConcentrationUnits><MolarConcentration>-1</MolarConcentration><MolarConcUnits>µM</MolarConcUnits><MolecularWeight>-1</MolecularWeight><Temperature>26.2</Temperature><StartTime>958083</StartTime><AssayTime>60</AssayTime></CommonData><FlowRate>1000</FlowRate><StepType>BASELINE</StepType><StepName>Baseline</StepName><StepStatus>OK</StepStatus><ActualTime>59.994</ActualTime><CycleTime>0.2</CycleTime><AssayXData Points="300">bxKDOjvfTz4Ursc+2c4XP6jGSz93vn8/I9uZP0a2sz+oxss/y6HlP/7UAEDNzAxAnMQYQLTI
JkCDwDJAd74/QC2yTUD8qVlAy6FlQOOlc0CynX9A002GQM3MjECWQ5NArkeZQIlBoEBxPaZA
arysQGQ7s0BeurlARra/QCGwxkAIrMxAAivTQPyp2UD2KOBA3STmQNej7ECynfNAmpn5QLKd
/0DHSwNBukkGQTeJCUG0yAxBMQgQQSUGE0ESgxZBBoEZQYPAHEGJQSBBlkMjQXE9JkFeuilB
arwsQc/3L0FMNzNByXY2Qbx0OUE5tDxBkxhAQTMzQ0EnMUZBFK5JQQisTEEOLVBBAitTQX9q
VkFzaFlB8KdcQW3nX0HRImNB16NmQcuhaUG+n2xBxSBwQbgec0EdWnZBmpl5QRfZfEEK139B
CKyBQQIrg0HByoRBukmGQTEIiEErh4lBrkeLQajGjEFmZo5BJQaQQR+FkUHdJJNBnMSUQU5i
lkEMAphBy6GZQYlBm0GDwJxBQmCeQQAAoEGynaFBuB6jQWq8pEEpXKZB5/unQaabqUFYOatB
XrqsQdV4rkHP969BjZexQUw3s0FGtrRBBFa2QXsUuEF1k7lBMzO7QfLSvEGwcr5BqvG/QSGw
wUEnMcNB2c7EQd9PxkGe78dBUI3JQdNNy0HNzMxBi2zOQYXrz0FEi9FB9ijTQbTI1EFzaNZB
befXQSuH2UGiRdtBqMbcQVpk3kEZBOBB16PhQdEi40FU4+RBTmLmQQwC6EG+n+lBxSDrQXe+
7EE1Xu5B9P3vQbKd8UGsHPNBarz0QR1a9kGgGvhBmpn5QVg5+0FSuPxBEFj+Qc/3/0Ej2wBC
oJoBQn9qAkIOLQNCPQoEQrrJBEKamQVCmG4GQlI4B0LV+AdCENgIQo2XCUJtZwpCTDcLQsn2
C0KoxgxC46UNQmBlDkI/NQ9CvPQPQpzEEEJ7lBFCtnMSQjk0E0LD9RNC8tIUQm+SFUJOYhZC
LTIXQgwCGEKJwRhCaJEZQkJgGkInMRtCAAAcQt/PHEJcjx1CQmAeQnc+H0L6/h9C080gQrKd
IUKRbSJCDi0jQkoMJELNzCRCSowlQoVrJkIILCdC4fonQiPbKEKgmilCHVoqQvwpK0Lb+StC
tMgsQvaoLUJzaC5C8CcvQjEIMEKuxzBCjZcxQmZmMkJGNjNCw/UzQgTWNELjpTVCYGU2Qt0k
N0IZBDhCnMQ4QnWTOUK2czpCMzM7QrDyO0Ly0jxCy6E9Qk5iPkKJQT9CBgFAQoPAQELFoEFC
QmBCQiEwQ0IAAERC2c5EQlyPRUKYbkZCFC5HQvT9R0JxvUhCsp1JQi9dSkIOLUtC5/tLQsfL
TEJEi01ChWtOQgIrT0Lh+k9CwcpQQpqZUUIXWVJC9ihTQtX4U0K0yFRC8KdVQnNoVkLwJ1dC
KwdYQqjGWEKHlllCZmZaQkY2W0LD9VtCCtdcQoGVXUJaZF5COTRfQhkEYEKoxmBC16NhQlRj
YkIzM2NCDAJkQuzRZEJvkmVCSGFmQicxZ0IGAWhCg8BoQmKQaUI7X2pCGy9rQvr+a0LZzmxC
Vo5tQpFtbkIULm9C</AssayXData><AssayYData Points="300">AAAAALRUqLtD8Yy7yFMBvBxGyrsZD8G7lgETvHWdD7y0heG7ufiju2G+GLvKqga83X0FvO6a
GbzeqaK7Mru9u8S4ErzWeVS7wfoCvC4zp7ut5sO7k/kJvEXOkLs+7Ei7CiaOuyTuqbvBt/+7
grbau9qdALwIiuy7Tv+Yu/IQuLvjDwW8KmrguxJXErxrEzy7SOw9uyMDNLy6ING6wSu/u6OX
m7tAA7271R6Hu1jQQ7urMem7bhSQuw6tr7s/wK67873rukvoeLu2r1u7J5S3u6rlzLujy8u7
EOvcu/Wa2LsgI567VPGEu/wym7ubvrO7fGGku/CV6LvZgNO7g30au1oZKbzqI4U4arTqu64w
4rvfXZ67koyauv6WArum7IK72vlauz1gxLtuFoo5iR67u8V2trp/Utq7vNciuw2ekjnIxpm7
lj/quRfJv7sT1/y6BeVVu1JvprsOrZS7DHxrun3ElrsqPZ27WqAyu+Bl7DkbgNG6nBh5u2Md
gruf36u7NyxXuw0LF7othMK7W2A/u/MEl7ulrXa7pbWau5CD7bu4ljq7pXNnu4wMv7tEoca6
bQ+fufKVA7tNaf66ijSWu3xzX7sUwX26gjnwu/FgtLtX9YM6uT2buTfKe7tPQRW7kC6pu9S5
Xrt8P2Q5txbmu1g/J7tPLaC7h9XKu98l9rpmXpO7ZCebu2JHLrptUGm62nthuhvZeLssAr+7
3y+3uyWBCLsswu+5fevGuxIGVTnM7Q+7b/hTucL1nbt+F0u5LK66umlijLuYw5G6oxIbuhfz
QbtsEAG6QD/HuYDqnrs6tti6Ra/2uhiJNbto1Ai7Q/OLux9VXrvjOnG7hTwou1j9B7rqkA+7
xJYzuxqzizoXnGm73IkYuQkhc7vxUw27JXBmu8CQHbuI3ie7KHuDuhPDbLvwtUS7quSGuvWX
ALtpBBK7SvzZu9xQT7ktZhS78do8Or9FT7qMU6267EwWu584Fbu/nxO7If27u+JrnLsY21y7
LhdkuwJFF7si5Xu7LfnPumg4XbpEzRa7Z2kfu5J0AbzQPKU6GdEdu77nnLt7Aj6783fmupAY
VrvtM6e6DEkGu12cN7pqYrW6BSVXuYafZbsZjJy61bPJOkXxebtjH3C7wWsau1uY+bnBXxW7
rgneupV/HbvHl8U5O9c7ukoSArvlIkC7kXVlOl5UC7tc/S87xo3Wum+iBTsHuBy7NGjYu4cn
DrsHJvm6QYlUu53bu7v3YRk6QbV1ObgLuTiyTW4768FKu3xv1LpLP9C6Dj8gujOT/bv4vHK7
O+6Xum0j1LmHd4W75uwJus4D8rpj18W6XVr5OSDYfrp3wQK7/JwnO9+m5bm0aIK6YbXlutj7
XznbOow5rJVPu/E/6jpCLKa5xJECu0nJjbrDGqw6j0FIOc4EDLtjWpe66rGmusOzR7shYyu6
kgtDOeUIdLmDWTm7Gu6JOctAgLvDtgC6BwA5uxNyBrvAn0I6vzUOuwab4rqExIG7GpQZuvr4
aLtVhFu6QnfSuiDwt7oesc27kK1aO5NdU7vw8qc6N/RhOabtArvVYjQ6FdxKu/8jArpAS+q6
X2wRu0QgEbvEDCm7</AssayYData></Step><Step><CommonData><SampleLocation>3</SampleLocation><SampleID></SampleID><SampleGroup></SampleGroup><SampleInfo></SampleInfo><SampleRow>D</SampleRow><SamplePlate>1</SamplePlate><WellType>KLOAD</WellType><Concentration>-1</Concentration><ConcentrationUnits>µg/ml</ConcentrationUnits><MolarConcentration>-1</MolarConcentration><MolarConcUnits>µM</MolarConcUnits><MolecularWeight>-1</MolecularWeight><Temperature>26.2</Temperature><StartTime>1135609</StartTime><AssayTime>60</AssayTime></CommonData><FlowRate>1000</FlowRate><StepType>LOADING</StepType><StepName>Loading</StepName><StepStatus>OK</StepStatus><ActualTime>60.009</ActualTime><CycleTime>0.2</CycleTime><AssayXData Points="300">5/tvQl66cEI9inFCHFpyQvwpc0I3CXRCtMh0QjeJdUJ5aXZC7yd3Qs/3d0Kux3hCjZd5QgpX
ekJFNntCwvV7QqLFfEIlhn1CYGV+Qt0kf0KPAoBCTmKAQrrJgEKqMYFCmZmBQlj5gUJ5aYJC
N8mCQicxg0LlkINC1fiDQkFghEIxyIRCITCFQhCYhULP94VCbGeGQq7HhkIaL4dCCpeHQvr+
h0K4XohC2c6IQpcuiUKHlolC9P2JQuNlikIlxopCwjWLQoGVi0Jw/YtCYGWMQh/FjEKLLI1C
rJyNQmr8jUJaZI5CGMSOQggsj0L4k49C5/uPQlRjkELGy5BCAiuRQvKSkULh+pFC0WKSQj3K
kkKwMpNCbpKTQgwClELLYZRCusmUQqoxlUKamZVCWPmVQvZolkK0yJZCpDCXQmKQl0JS+JdC
QmCYQt/PmEIhMJlCjZeZQn3/mUI7X5pCK8eaQhovm0IKl5tC+v6bQmZmnEIlxpxCFC6dQjWe
nUL0/Z1C42WeQqLFnkKRLZ9CgZWfQu78n0LdZKBCnMSgQossoUKsnKFCavyhQtdjokLGy6JC
CCyjQnSTo0KVA6RCVGOkQkTLpEICK6VC8pKlQl76pUJ/aqZCPcqmQi0yp0LskadC2/mnQsph
qEK6yahCJzGpQmiRqUIGAapCxGCqQrTIqkKkMKtCk5irQlL4q0JCYKxC38+sQp4vrUKNl61C
ff+tQjtfrkIrx65CyDavQoeWr0J3/q9CZmawQiXGsEIULrFCsp2xQnD9sUKyXbJCUM2yQg4t
s0L+lLNCnAS0Qt1ktEKcxLRCiyy1QviTtULn+7VC12O2QsbLtkKFK7dCI5u3QhIDuELRYrhC
wMq4QrAyuUJukrlCXvq5QvxpukK6ybpC/Cm7QpqZu0JY+btCSGG8QmjRvEInMb1C5ZC9QoMA
vkLEYL5CMci+QlI4v0IQmL9Czve/QvBnwEKux8BCni/BQgqXwUL6/sFCuF7CQivHwkLINsNC
h5bDQnb+w0LjZcRCosXEQkY2xUKyncVCcP3FQi9dxkLMzMZCDi3HQv6Ux0KcBMhCWmTIQhjE
yEK8NMlC+JPJQuj7yUJUY8pCRMvKQoUry0Iim8tC4frLQtFizELAysxCsDLNQm6SzUIMAs5C
ymHOQrrJzkJ4Kc9CmpnPQlj5z0JIYdBCtMjQQqQw0ULlkNFCUvjRQkJg0kIxyNJCzjfTQhCY
00LO99NCbGfUQivH1EIaL9VCCpfVQvr+1UK4XtZCVs7WQpgu10IEltdC9P3XQuNl2EKixdhC
wjXZQoGV2ULu/NlC3WTaQszM2kKLLNtCrJzbQmr820JaZNxCGMTcQggs3UJ0k91C6PvdQlRj
3kJEy95CAivfQvKS30Lh+t9C0WLgQj7K4EItMuFC7JHhQgwC4kLKYeJCusniQqox40IWmeNC
1fjjQvZo5EK0yORCpDDlQmKQ5UJS+OVCQmDmQt/P5kKeL+dCjZfnQn3/50I8X+hCK8foQhov
6UKHlulCdv7pQjVe6kIkxupCFC7rQgSW60L0/etC42XsQh7F7EJANe1C/pTtQu787ULdZO5C
nMTuQoss70IpnO9C</AssayXData><AssayYData Points="300">7QL+umcVvDv8EBY8xxMaPLL+CTyVcNM7VWEXPC5i5TvLRDk8l6UYPOLkiDygBUE8VNVlPBL+
gDykII487E2KPGwCjDzzLLY8TRjGPGHKoDy6Tbw8t42uPDmG0jw44808W9PrPB4s1jxpMOk8
KIrlPMLlBj2zqQc9kcsQPRtlED0tiRY9Km8bPa/5KD2PBiA9I9EgPRzbIj0CfCA99y03PUtL
Pz19kC09XWQwPalcQz3bzD49ZzlGPRuyST0Qtl49xxhbPWdiZz1RiWs9VIxmPVRZZz1rSmk9
QYViPWQQcT33m3M9FDmAPcpRhj3KPos9QnGHPRNGjD01dIw9nUqJPeYvjD3g05g9zbGbPQ+B
mz2Qnps94TedPaG2oD2hIqY9LjanPTGrnz39/KI94gakPU8ypj3eRrU9MKazPW5lqj03+ro9
l5a0PUUntT3O3r09CsfAPfgdvj0WU8Y9qUbLPTFRyT2OiM49gZnJPfLczz0cQtM9t0LdPU2s
1D0/a9o9XMDaPbu72D0GINw915brPXev5T3U6eI9B//sPRQ26z2cx+o9V1juPZ8H9z1vdPc9
C4f9Pdc3AT79aAQ+fTj9PSZBBD6qvQI+XU8FPhgXBD4YMQU+ZSEGPnAjBD5fbgw+JmcNPvZC
Cj7b4g8+/3USPlC5ET6hzhE+gbUSPv2LFD7UjBU+WG4XPtLEEz6kXRY+m+kZPm75GT7COhk+
ba8gPutxHD4Jmh8+kz4fPqZ8Ij6wpCI+0ewjPtMJJT51+SI+PY4pPqqsJz6FKic+FGYqPvp+
KT7U2S0+pfsuPqrALD6g4zE+YmAwPkt5NT6ZAjY+hUI0PmY3Nz7HBDY+RO86PmcSPD4hsz4+
FpM+PmcWQD5bEjs+es5BPoMRRD7twUY+K2pCPuGcSD7rM0g+MKNGPl/GRz4AdEk+ZX9NPhLs
TD5IwU4+CixPPs+zUj7ljVY+JfdSPrmjVz5/flY+PERZPjlrWD4KZVg+XItbPjMvXT6FR1s+
3mtbPg++YT4IlWU+ntVkPjLGZD4Au2A+/WZlPjQhaT7txGc+f7RoPoHaaj4sAW0+e7NtPr1q
az6YXnA+wY5vPtxXcj7fjXU+IeVxPsUZdj5FOXc+CB51PrXtdz47CXc+yql5Psvtej40aH0+
Uyt+Pt2XgD76n4A+d5+CPpy/gj7GsoM+Jj+DPpa4gj4AUYY+/b+EPiznhj6u/IU+mVKHPu3O
iD69JYc+SciJPr0Hij6/r4s+Y4KJPreqjD6GNYs+wEiNPtG6ij41o44+T32MPnoZjj7t1I4+
3sePPjFJkT4YTZE+u7mRPnhAkT6aHpM+GHOTPu02lD7fjpQ+xieVPhMPlT5CoZQ+BgSWPlTV
lj4EX5g+ttSaPo1NmT71Q5o+gnGaPq1+nD7k5Js+ri+cPoBQnT7fJpw+wcagPrcZoD7wAJ4+
3/+fPsbBoD611KE+k6ehPgbioj6X2qM+pkyjPof0oj4V+KQ+m+KiPq2ypT7yUKY+uOanPvSA
pz5DDKg+5Q2nPn1rqT7+h6k+wyaqPv5Bqj6TYKs+HzaqPlYprT6P7qs+MhetPhy4rT5Yoq4+
uhywPrRPrj73s68+</AssayYData></Step><Step><CommonData><SampleLocation>1</SampleLocation><SampleID></SampleID><SampleGroup></SampleGroup><SampleInfo></SampleInfo><SampleRow>D</SampleRow><SamplePlate>1</SamplePlate><WellType>BUFFER</WellType><Concentration>-1</Concentration><ConcentrationUnits>µg/ml</ConcentrationUnits><MolarConcentration>-1</MolarConcentration><MolarConcUnits>µM</MolarConcUnits><MolecularWeight>-1</MolecularWeight><Temperature>26.1</Temperature><StartTime>1201519</StartTime><AssayTime>60</AssayTime></CommonData><FlowRate>1000</FlowRate><StepType>BASELINE</StepType><StepName>Baseline</StepName><StepStatus>OK</StepStatus><ActualTime>60.01</ActualTime><CycleTime>0.2</CycleTime><AssayXData Points="300">jwLwQk1i8ELr0fBCLTLxQpmZ8UK6CfJCeGnyQjfJ8kLVOPNCFpnzQgYB9EJyaPRCYtD0QiAw
9UJBoPVCAAD2Qu9n9kJcz/ZCSzf3Qo2X90L6/vdCGm/4QtnO+EKXLvlCuJ75Qnb++ULjZfpC
BNb6QsI1+0KynftCoQX8QmBl/EJQzfxC7Tz9Qqyc/UJq/P1Ci2z+QknM/kI5NP9C16P/QgwC
AEPrMQBD42UAQ5mZAEORzQBDcP0AQ4E1AUNgZQFDWJkBQ1DNAUMGAQJD5TACQ/ZoAkPVmAJD
zcwCQ90EA0N7NANDm2QDQ2qcA0NKzANDQQAEQxA4BEMxaARDEJgEQ9/PBEO+/wRDtjMFQ65n
BUOmmwVDhcsFQ1QDBkN1MwZDK2cGQ0yXBkMazwZD+v4GQ/IyB0PpZgdDoJoHQ5fOB0OPAghD
bjIIQ39qCEN3nghDVs4IQzX+CEMENglDJWYJQxyaCUPr0QlDywEKQ6oxCkO6aQpDmZkKQ5HN
CkNIAQtDPzULQx5lC0MWmQtDDs0LQwYBDEP+NAxDtGgMQ9WYDEOk0AxDgwANQ3s0DUNaZA1D
KZwNQ0rMDUMYBA5D+DMOQ+9nDkPPlw5DxssOQ77/DkO2Mw9DhWsPQ2SbD0OFyw9DVAMQQzMz
EEMrZxBDI5sQQxrPEEP6/hBDyDYRQ6hmEUOgmhFDf8oRQ3f+EUNuMhJDZmYSQ16aEkMUzhJD
DAITQ+sxE0PjZRND25kTQ9PNE0PLARRDqjEUQ2BlFENYmRRDUM0UQ0gBFUM/NRVDHmUVQxaZ
FUPNzBVDxAAWQ7w0FkO0aBZDk5gWQ2LQFkODABdDOTQXQzFoF0NSmBdDCMwXQxgEGEP4MxhD
8GcYQ+ebGEPGyxhDff8YQ403GUNsZxlDZJsZQ0TLGUM7/xlDMzMaQwJrGkPhmhpD2c4aQ7j+
GkOwMhtDqGYbQ6CaG0OXzhtDTgIcQ24yHEM9ahxDHJocQxTOHEMMAh1D6zEdQ+NlHUOynR1D
kc0dQ4kBHkOBNR5DYGUeQ1iZHkNQzR5DBgEfQycxH0P2aB9D1ZgfQ8zMH0OcBCBDvDQgQ3Jo
IEOTmCBDSswgQ0EAIUM5NCFDMWghQxCYIUMIzCFDAAAiQ7YzIkOuZyJDppsiQ4XLIkN9/yJD
jTcjQ2xnI0MjmyNDGs8jQ/r+I0PyMiRDAmskQ+GaJEPZziRDjwIlQ24yJUOoZiVDdp4lQ1bO
JUM1/iVDRjYmQyVmJkPbmSZD080mQ8oBJ0OqMSdDomUnQ5qZJ0ORzSdDiQEoQz81KEMeZShD
FpkoQyfRKEMGASlD/jQpQ7RoKUPVmClDzMwpQ5wEKkN7NCpDWmQqQ2qcKkNKzCpDQQArQxA4
K0PwZytDEJgrQ8bLK0O+/ytDtjMsQ4VrLEOmmyxDhcssQ1QDLUMzMy1DK2ctQyObLUMazy1D
+v4tQ/IyLkPAai5DoJouQ8DKLkOPAi9DbjIvQ2ZmL0M1ni9DFM4vQzX+L0MENjBD42UwQ9uZ
MEPr0TBDygExQ6oxMUN5aTFDmpkxQ1DNMUNIATJDPzUyQx5lMkMWmTJDDs0yQ8QAM0O8NDND
tGgzQ5OYM0Ok0DND</AssayXData><AssayYData Points="300">AOK1PpA4tD5Bpbc+bl64PmZRuT5cMrk+v823PjQIuD5DLLk+kim7PuQ0uz7CQ7k+t1K6Pkmk
uT6dnLk+Oa26Pr6quD6pwrg+vwC6PqV0uj5yl7o+2pa4PrOauj7l3Lg++tC4PuX4uz6k4ro+
ZPC5PhwDuj6subs+RLO4PgOpuj6T7rs+nG26Pgz8uj5TFbk+wgK7PoAYuj53Xbk+Lq25Ps6G
uj70+Lo+Jc+5Pk60uz4JZbo+4C26PhT/tz7e27k++dG2PptovD7kCbs+sca6PhCyuT48mLo+
gf66PhzWuj6Mx7o+XV+4PpV5vT7MfLk+lFq5PqjOuj5UC7s+U7q5Plduuj7y3rk+vPa5PhXF
uz4oB7s+LzC5PjbHuT79tbk+oFS7Pg/guT4B+bk+SrW4PiyItz7M7bk+hSK6PjuCuD6/e7o+
JPK6Puxsuj5t1bs+q+q5PukauT6btro+PIK6PgZAuD5lVrk+0DK5PgNVuj4Vt7o+XsW8Pt7h
uT7H87k+ccu5Pum2uj4/wbo+7fi3Ppmkuj7rP7o+l/26PnYmuT5Rdrk+Fwu7PsPRuj6wurg+
aPO6Pl2yuj7t+Lk+7Pa5Pkp/uT4Icbg+kra5ProeuT7KcLk+4+C7PjJwuT5vrLk+LYy6PohY
uz6FP7s+Y4G5PpBkuj4/57g+/0m5PgB5uT60Jrk+bM+5Pje6uD6HM7s+RoO4PvZMuj6yWrk+
/066Pi//uD7A6rc+1PS5PjmLuD5yOrs+Qwu5PnSMuj4JH7k+Ix26PmwMvD7jXLo+7I63Pp7a
tz6cwrg+WDm6Pu9uuT6c8bc+13S8Pnp7uT64W7o+yyK5Pplcuz7pibo+sMS5Pq1nuj5LCrw+
xO67Pqe7tz4Ev7g+QwO8Pkruuj4fUrg+Kyq2Pizvtj52Z7k+N1W5PsPIuT4iirk+VxO6PpAD
uT5drrs+ZP+5Por3uD7HBro+Kle5Psx8uD5Ewrk+xjO5PsBBuj5OGLo+MkC7PuZWuD6CO7c+
ld66Po7Ctz5fWbo+qwO4PjTUuj7UTLs+Ht+5PmlBuz4ja7o+aQy5PpZauz7rELk++CO3Pua3
uT7UW7k+MOS3PgCVuT5otLg+NuW5Pja0uT5i1Lk+7lO5Phbstz5W4rc+RIu3PlHyuD6p6Lc+
t+K4PqALuz6W1Lo+VIS3PmkvuD7kKLc+r3e7PldluD6Lurg+3rO5Pnibuj7cGbo+3CW4PsE5
uD7+xLc+12W6PtmZuD6Rvrg+Z9O6PrNhuD6tPrk+Bm64Pufauj7GYLk+ag66PjGyuj7Ao7o+
lJi4PjI9tz7E/rg+fsC5PuuUuT4nmLk+pKa4PoEVuD4Wkbg+Us24Plzuuj4rgrY+2Aq4Pi9B
uT5QHrk+Vem5PnBmuj5StLo+VxC3Pj5+uT4Tark+weK4Pn87uT6UF7g+vvy3PkpVuD4Lwbg+
S225PuRhuD6ZVrg+fCi5PvNOuT61wro+/p+4PlREuD4M5rc+Lfi4PkaAuD49rbg+Mki7PlUa
uT45srg+4XO6PjsGtz70Urk+dSW4PvWfuj580Lc+9te5PvV8uT4kPrk+9lO4PlLEtz4d2Lc+
hOG5PvpDuj59e7k+</AssayYData></Step><Step><CommonData><SampleLocation>5</SampleLocation><SampleID></SampleID><SampleGroup></SampleGroup><SampleInfo></SampleInfo><SampleRow>D</SampleRow><SamplePlate>1</SamplePlate><WellType>KSAMPLE</WellType><Concentration>-1</Concentration><ConcentrationUnits>µg/ml</ConcentrationUnits><MolarConcentration>3.125</MolarConcentration><MolarConcUnits>µM</MolarConcUnits><MolecularWeight>-1</MolecularWeight><Temperature>26</Temperature><StartTime>1268349</StartTime><AssayTime>60</AssayTime></CommonData><FlowRate>1000</FlowRate><StepType>ASSOC</StepType><StepName>Association</StepName><StepStatus>OK</StepStatus><ActualTime>59.994</ActualTime><CycleTime>0.2</CycleTime><AssayXData Points="300">1wM0Q403NEOuZzRDfZ80Q1zPNENUAzVDTDc1Q0RrNUMjmzVD8tI1Q9ECNkPJNjZDqGY2Q6Ca
NkOYzjZDZgY3Q4c2N0M9ajdDNZ43QxTON0MMAjhDBDY4Q/xpOEP0nThD0804Q6IFOUOBNTlD
eWk5Q3GdOUNo0TlDSAE6QxY5OkM3aTpD7pw6Q+XQOkPdBDtDvDQ7Q81sO0OsnDtDYtA7Q1oE
PEN7NDxDMWg8QymcPEMh0DxDGQQ9QxA4PUPHaz1Dpps9Q7bTPUOVAz5Dzzc+Q2xnPkNkmz5D
XM8+QxIDP0MKNz9DAms/Q+GaP0Py0j9D0QJAQ8k2QEN/akBDoJpAQ5jOQENmBkFDRjZBQz1q
QUMdmkFDFM5BQwwCQkPbOUJDumlCQ7KdQkOq0UJDiQFDQ4E1Q0N5aUNDcZ1DQyfRQ0MfBURD
/jREQ/ZoREPunERD5dBEQ8UARUO8NEVDc2hFQ2qcRUNi0EVDWgRGQzk0RkMxaEZDAKBGQyHQ
RkPXA0dDzzdHQ65nR0Omm0dDddNHQ5YDSENMN0hDRGtIQyObSEMbz0hDKwdJQwo3SUMCa0lD
4ZpJQ9nOSUOPAkpDhzZKQ39qSkNemkpDbtJKQ04CS0NGNktD/GlLQ/SdS0PTzUtDywFMQ9s5
TEO6aUxDsp1MQ2jRTEOJAU1DQDVNQ1BtTUMvnU1DJ9FNQ90ETkP+NE5D9mhOQ8WgTkOk0E5D
gwBPQ5M4T0NzaE9DapxPQznUT0MYBFBD+DNQQ/BnUEPnm1BD389QQ64HUUPPN1FDrmdRQ2Sb
UUNcz1FDVANSQ0w3UkNEa1JDI5tSQxvPUkPpBlNDyTZTQ+lmU0O4nlNDmM5TQ48CVENeOlRD
f2pUQ16aVEMt0lRDDAJVQwQ2VUMUblVD9J1VQ9PNVUOiBVZDwjVWQ3lpVkNwnVZDaNFWQ0gB
V0NYOVdDDm1XQ+6cV0MOzVdD3QRYQ7w0WEO0aFhDrJxYQ6TQWEODAFlDUjhZQzFoWUMpnFlD
OdRZQxgEWkP4M1pDxmtaQ+ibWkOez1pDrgdbQ403W0NsZ1tDfZ9bQ1zPW0NUA1xDCjdcQwJr
XEPhmlxD8tJcQ9ECXUPJNl1DqGZdQ3eeXUOYzl1DjwJeQ0Y2XkM+al5DHZpeQxTOXkMMAl9D
BDZfQ9NtX0OynV9D081fQ6IFYEOBNWBDeWlgQ3CdYENo0WBDSAFhQxY5YUP2aGFD7pxhQ83M
YUPdBGJDvDRiQ7RoYkNqnGJDYtBiQ1oEY0NSOGNDMWhjQymcY0Pfz2ND1wNkQ883ZEPGa2RD
pptkQ57PZEOWA2VDjTdlQ2xnZUNkm2VDGs9lQxIDZkMKN2ZDAmtmQ+GaZkOw0mZD0QJnQ4c2
Z0N/amdDd55nQ1bOZ0NmBmhDRjZoQz5qaEMdmmhD081oQ8sBaUPbOWlDumlpQ7KdaUNo0WlD
iQFqQ4E1akM3aWpDL51qQyfRakMGAWtD/jRrQ/Zoa0OsnGtDpNBrQ5wEbEN7NGxDi2xsQ2qc
bENi0GxDWgRtQxA4bUPwZ21DAKBtQ9/PbUPXA25DzzduQ65nbkOmm25DXM9uQ1QDb0NMN29D
RGtvQyObb0Maz29D</AssayXData><AssayYData Points="300">CZO7Pl0Duz54fbw+Xoq9Pgx7uj4rMrs+BNq9PgU9vD7ierw+A4e9PuRqvD409Lw+peS7PmMv
vD5vZ7w+Swy9PqNtvT6N9b0+C427Pj1hvT73QLw+LIu9Pg0ZvD7mY70++om7PhxNvT6la70+
/DW7PvEXvj7T1Ls+O9W8PufTvT4R3r0+QyC7PjeEuz50k7s+3q26PsEmuz6cGL0+e/i9PtCp
vj5DHr4+Knm7PsSJvD4HGrs+1mK9Pjf4vD4xzr0+GYe+PpuzvD53rrw+C1K8PlfmvD6wA7w+
pEG9PoBBuz77O70+Y8i7Pj+Iuz5XrLw+52m7PouqvD7F/Lw+iCi+PurQuz5sA7w+7hW/Pgbd
uz6F2bo+b4G8Pmzzuj7cvr0+g7i6PuXEuz5xqLw+1Gy9PmCkuz6wers+sc+7PtZxvD7Fm7w+
1zi7PiH+uz4s3Lo+/ki8Pl/ZvD6f+Ls+mde9Prx7uz5WnLs+fv+8Pq1Gvj6ZrLo+s5+7Pv+Q
vD7Ytrk+97+5PqxWuj6f+rs+AmG7PobevD60ib4+0cm6PnemvD74h7s+XWG8PiMzvD5oO7s+
6ma6PrwVuj7Rbrs+O1y8PmuOvD6dQbk+o5u7Pojauj4cJb4+CVO6Phxjvj4b7Ls+Yn29PooV
vD7str0+/cu8PvC6uz4u07s+Osy5PrChuz7+k7w+SU+9Po1+vD4IJLw+9/27PoHWuz7bA7w+
QYW9Pmequj60FL0+l5i6PtWcuz5G/Lo++my9PiDVuj7mtLo+Oe+7Pvtzuj5OLLs+Gyu8PoxX
uj5wVLw+KXm7Pijvuj5Ydbw+MWa8PqpTvT7HZb0+gU+8Ps8zvD6ol7s+Xzm7PqtMvT6UlL0+
L2q8Pihuuz5mqLs+XJW8PuvOuz54fro+6SW8PgZXuj5EBLo+iBm9PlTQuj47vrw+kp67PvfS
uz5zHLw+d666PtlBuj6ccrw+4Ua6Pjq6vD5olLo+2RO6PiAyvD7u07s+nza7PlptvT4XDrw+
Siq8PiAUvT5Rj7w+QDy7PjuGuz78E70+yGO7PgV+vT4UYLs+iCa8Pndiuz4u9Lw+3+G7PsCN
vD6Ihr0+MFm9Pvo8uj6Oprs+4ra7PhaTuz5Cjbs+3kK8PgzTuj65zLs+lsu6PtzuuT6clb0+
Ngy7Pg3Zuj4C+Lw+4pq7Pkokuz6aArs+IbG6PjWhvD4+f7s+K4e7PhQSuj5AO7w+NaK7Pgyz
uj65C70+DtK8Pq6tvD7Mlrw+wGG7PjglvD6Arrs+EsS7PuH/uz4Pn7o+CwG9PliOuz5WDbs+
sci4Pj3juj7Vzbo+isy7Po9Buz5webw+SJq6PnRUvD4Kwro+VWG7Pnfnuz7BS7s+ba67Pixu
uj6PGrw+cWa8PvTouz5Wubs+bEK7Pv7huz5hp7w+Z6K6PjZduj73Arw+ixC6PlkFvD7bSbs+
w+W5Pr2duz7r37o+Rpq7PihOvj5XKbw+MP26PqVauz7ZHro+II+7PopHvj7+NLs+C1K6Pkzr
vj7xPbo+AAi7PqIqvD6hfrs+4ki8PqSEuz5A9Lw+eoS6PpkzvD6Hvbs+yiC5PkOUuT79aLw+
NdG6PqgZuj61prs+</AssayYData></Step><Step><CommonData><SampleLocation>1</SampleLocation><SampleID></SampleID><SampleGroup></SampleGroup><SampleInfo></SampleInfo><SampleRow>D</SampleRow><SamplePlate>1</SamplePlate><WellType>BUFFER</WellType><Concentration>-1</Concentration><ConcentrationUnits>µg/ml</ConcentrationUnits><MolarConcentration>-1</MolarConcentration><MolarConcUnits>µM</MolarConcUnits><MolecularWeight>-1</MolecularWeight><Temperature>26</Temperature><StartTime>1335381</StartTime><AssayTime>60</AssayTime></CommonData><FlowRate>1000</FlowRate><StepType>DISASSOC</StepType><StepName>Dissociation</StepName><StepStatus>OK</StepStatus><ActualTime>59.994</ActualTime><CycleTime>0.2</CycleTime><AssayXData Points="300">TQJwQ0U2cEMkZnBDNJ5wQxTOcEMLAnFDwjVxQ7ppcUOZmXFDLNJxQ6EFckOANXJDeGlyQ1eZ
ckNPzXJDHgVzQ/00c0P1aHND7ZxzQ8zMc0PEAHRDkzh0Q3JodENqnHRDScx0Q0EAdUM5NHVD
MGh1QyicdUPez3VDvv91Q7UzdkOtZ3ZDpZt2Q53PdkOCAHdDdDN3Q0Nrd0Mim3dDGs93QxID
eEPxMnhD6WZ4Q7ieeEMs0nhDjwJ5Q68yeUNmZnlDXZp5Q27SeUNNAnpDRTZ6Q/tpekMcmnpD
0s16Q8oBe0PCNXtDoWV7Q7Gde0No0XtDRwF8Qz81fEM2aXxDFpl8Qw7NfEPcBH1D/TR9Q/Vo
fUOrnH1Disx9Q4IAfkOTOH5Dcmh+Q2qcfkMg0H5DQQB/Qzg0f0PvZ39D55t/Q97Pf0PrAYBD
2xmAQ8I1gEOyTYBDrmeAQ6qBgEPbmYBDwrWAQ5HNgEON54BDaAGBQ3gZgUN0M4FDT02BQ0tn
gUNHgYFDQ5uBQzOzgUMvzYFDFumBQwYBgkMCG4JD8TKCQ+1MgkPpZoJD0IKCQ8CagkO8tIJD
uM6CQ6jmgkOjAINDnxqDQ5s0g0PMTINDcmiDQ2KAg0NemoNDWrSDQ1bOg0NF5oNDQQCEQz0a
hEMYNIRDKUyEQxBohEMAgIRD/JmEQ+O1hEPzzYRDzueEQ9//hEO6GYVDtjOFQ75PhUOuZ4VD
nX+FQ4WbhUOVs4VDss2FQ3jphUNoAYZDWBmGQz81hkNPTYZDS2eGQyaBhkMim4ZDlbOGQxrP
hkMK54ZDBgGHQwIbh0PdNIdD7UyHQ8hmh0PQgodDwJqHQ7Cyh0O4zodDqOaHQ4MAiEOLHIhD
/jSIQ3ZOiENyaIhDYoCIQ16aiENFtohDNc6IQyTmiEMtAolDHBqJQxg0iUMITIlD72eJQwCA
iUP8mYlD17OJQ9LNiUPO54lDygGKQ7oZikOhNYpDvk+KQ41nikN8f4pDeJmKQ3SzikNwzYpD
WOmKQ0cBi0NYGYtDPzWLQy9Ni0MrZ4tDaIGLQyKbi0MSs4tD+s6LQ+nmi0PlAIxD4RqMQ900
jEPMTIxDyGaMQ8SAjEPAmoxDm7SMQ5fOjEOH5oxDjwKNQ38ajUN6NI1DakyNQ2ZmjUNigI1D
PZqNQzm0jUM1zo1DJOaNQyAAjkMIHI5DGDSOQ/NNjkPvZ45D33+OQ+ebjkPXs45D0s2OQ67n
jkOqAY9DuhmPQ6E1j0ORTY9DjWePQ4mBj0N4mY9DdLOPQ3zPj0NL549DRwGQQzcZkEMzM5BD
L02QQxZpkEMGgZBDApuQQ/GykEPtzJBD6eaQQ+UAkUPhGpFDvDSRQ8xMkUO0aJFDo4CRQ5+a
kUObtJFDi8yRQ4fmkUNuApJDXhqSQ1o0kkNWTpJDRWaSQ0GAkkMonJJDObSSQxTOkkMQ6JJD
AACTQwgck0P3M5ND802TQ+9nk0PKgZND25mTQ/ezk0OyzZNDrueTQ53/k0OZGZRDlTOUQ5FN
lENsZ5RDaIGUQ5+alENgtZRDXM+UQ0vnlEMmAZVDIhuVQzMzlUMOTZVDFmmVQwaBlUMCm5VD
/rSVQ+3MlUPI5pVD</AssayXData><AssayYData Points="300">DxK3Posctj5DpLY+LHK2PmiXtj6F3bY+hfq0PmRWtj6IQLY+20O5PjdbtT689rc+NVa4PlhF
tj4q5bc+h4O1PvL2tz5Q07Y+oem2PpfEuD7P/LY++OW2Pp3BtT7n/Lg+Jei1Poiztj5uzbg+
MFS3PvCMtD5gOLY+psy2Pku/tz4L7bc+T8u1PhlouD5XH7U+w1i2PrXFtz7tnLc+6iS5PhPV
tj5bK7g+EAK2PjkwuD6Al7c+Udq0Pr7LtT7gC7Y++gq2PuE0tj75MLg+fX21PsyvtT7CObg+
RGm2PgFHtj4/27Y+qsW3PnqStj6+jbg+EHa4Pllttz6IRbc+J4O2PtLatz5fW7c+wqK1PoOp
tD6/2Lc+sPu1Pvq2tz5aT7Y+C7G1Pt4ZtT5Vobc+A9q3Pnemtz6WK7U+aWG3Pn+ptT7/obY+
XOO2PhQXtz64Pbc+w7i0PnNTtz5/r7Y+50G1Ps6etz61HrY+jFq1PvSOtT4purQ+8X+3Pr5Y
tj4iPrY+V/C1PmnatD6FJ7c+FIu3PuICtz45qbY+WXe3PnFktj4Sm7c+Db+4Pptktj7hCLc+
PQe6PtF+tT4KaLc+tJi1PjsWuT4lIrY+k1y3PpUPtj4lHbg+uwK3Pvx3tz6+urQ+K7S2Pi8g
tj4gjLg+FOK3Pgmctj6uIbU+YJy1PjWNtj5Zdrc+L4K5PnE/tz567bU+4023PoIwtz5ncbc+
zvO2PpcFuD7X9Lc+9Si3PsrmtT6GL7c+3Zq3Ptv1tT4MzLY+TBS2Pt+Htj7s9LU+V4O2Pv6B
tj5RZbY+zZK2PtsutD6Yl7U+xUa2PqiwtT73JrU+vXm4PoHqtT7PNbg+yJy1PgKLtj5bo7Y+
y6y0Pnzjtz6qWLU+MWe3Pu+stj4cirY+ziu2PpY5tz4lDbc+rBK3PoVDtz4GQbU+F9O2Ph/k
tD6URLU+oDm1PnXItT6nnLY+XhC0PirHtj7ma7Q+l+S0PvhXuT4d17Y+8Ly2PovJtT64kLU+
SrW0PkQytz6JK7c+zFu2PokCtD6JwLg+dfO3PjW0tj5Wd7Y+S4O2PrqLtj5uWLU+uqW2PkXR
tT4467Q+z/+0PnEStz5qGLY+TmW4Pj/JtD69arY+IYa2PqQdtz684LU+TPy1Pmoytj62C7c+
2LezPgMXtT7iHLQ+C1C0PkYstT4VTrY+xZe3Pqsttj7L6bU+y8+2PtqBtT71ZrU+aiq2Pu/s
tT5SQbY+Hxu2PtU9tT4lRLQ+lHy2PhTFtT5ye7Y+Wna2PkR1tT58vLU+TxC2PnSYtT7KWbY+
pq62Po5wtT4KJLU+YBO2Ppiotj4IZbQ+4bW1Pn1FtT6iO7Y+dne1Pv7atT7nMbY+3Q+1Pv6y
tj7fc7Y+hDS1PuL1tT5IvrU+XCS1PssStz4mPLc+P721PnFRtD4PrrU+NrS1PkLTtj4JtLU+
cmy4Pv1htT7yY7Q+/GK1PmAIsz5AGLg+9wG1PiLWtj4EOrU+mDW1PkyDtj4Z4LM+iFC1PmqA
tz67HrU+5k+2PtYktT4XmrU+WAi2Ptx8tj62C7U+IBO1PjSbtD7mlbU+d5uzPo9ctz4CK7Y+
8cG0PkmEtj7CtrU+</AssayYData></Step><Step><CommonData><SampleLocation>6</SampleLocation><SampleID></SampleID><SampleGroup></SampleGroup><SampleInfo></SampleInfo><SampleRow>D</SampleRow><SamplePlate>1</SamplePlate><WellType>KSAMPLE</WellType><Concentration>-1</Concentration><ConcentrationUnits>µg/ml</ConcentrationUnits><MolarConcentration>6.25</MolarConcentration><MolarConcUnits>µM</MolarConcUnits><MolecularWeight>-1</MolecularWeight><Temperature>25.9</Temperature><StartTime>1402695</StartTime><AssayTime>60</AssayTime></CommonData><FlowRate>1000</FlowRate><StepType>ASSOC</StepType><StepName>Association</StepName><StepStatus>OK</StepStatus><ActualTime>59.994</ActualTime><CycleTime>0.2</CycleTime><AssayXData Points="300">YgCWQ14alkNOMpZDKUyWQyVmlkMggJZDHJqWQxi0lkMIzJZD7+eWQwAAl0PbGZdD1zOXQ8ZL
l0PCZZdDqoGXQ7qZl0OVs5dDkc2XQ4Hll0N9/5dDhRuYQ3QzmENwTZhDYGWYQ1x/mEM3mZhD
M7OYQy/NmEMr55hDGv+YQxYZmUMSM5lD7UyZQ+lmmUP6fplD1ZiZQ920mUPMzJlDyOaZQ8QA
mkO0GJpDjzKaQ5dOmkOHZppDg4CaQ3+amkNusppDasyaQ1LomkNBAJtDPRqbQzk0m0MpTJtD
JWabQwCAm0P8mZtDDLKbQ+fLm0Pj5ZtD3/+bQ8YbnEPXM5xDxkucQ6JlnEOdf5xDmZmcQ5Wz
nEORzZxDgeWcQ33/nENkG51DVDOdQ1BNnUNLZ51DO3+dQzeZnUMetZ1DL82dQx7lnUMGAZ5D
9RieQ/EynkP6Tp5D6WaeQ9l+nkPAmp5D0bKeQ6zMnkOo5p5DpACfQ5MYn0OPMp9Di0yfQ2Zm
n0NigJ9DXpqfQ06yn0NJzJ9DReafQ0EAoEM9GqBDGDSgQwhMoEMEZqBDDIKgQ/yZoEPrsaBD
082gQ+PloEPf/6BDxhuhQ7YzoUOmS6FDrmehQ51/oUOZmaFDgbWhQ3DNoUOB5aFDXP+hQ1gZ
okNUM6JDUE2iQytnokM7f6JDIpuiQx61okMOzaJD/uSiQwYBo0P1GKND8TKjQ9lOo0PIZqND
2X6jQ8Cao0OwsqNDrMyjQ5Poo0ODAKRDkxikQ3s0pENqTKRDZmakQ2KApEM9mqRDTrKkQ1bO
pEMl5qRDIAClQxwapUMYNKVDCEylQwRmpUPff6VD/JmlQ+uxpUPTzaVDwuWlQ8oBpkOmG6ZD
tjOmQ6ZLpkOiZaZDfX+mQ3iZpkOBtaZDcM2mQ2DlpkNHAadDWBmnQzMzp0MvTadDK2enQxp/
p0Mim6dDErOnQw7Np0Pp5qdD5QCoQ9UYqEPdNKhDzEyoQ8hmqEO4fqhDtJioQ7CyqEOLzKhD
h+aoQ4MAqUNyGKlDbjKpQ2pMqUNFZqlDQYCpQz2aqUMtsqlDNc6pQyTmqUMgAKpDHBqqQ/gz
qkPnS6pD72eqQ99/qkPbmapD17OqQ8bLqkPC5apDvv+qQ5kZq0OVM6tDkU2rQ41nq0N9f6tD
ZJurQ3Szq0NQzatDYOWrQzv/q0M3GaxDMzOsQy9NrEMKZ6xDGn+sQxaZrEPxsqxD7cysQ+nm
rEPlAK1D1RitQ7w0rUOsTK1DqGatQ6SArUOTmK1Dj7KtQ3bOrUOH5q1DgwCuQ3IYrkNOMq5D
SUyuQ1JorkNBgK5DPZquQxi0rkMpzK5DJOauQwAAr0P8Ga9D+DOvQ+dLr0PjZa9D33+vQ9uZ
r0O2s69Dss2vQ6Llr0Od/69DmRmwQ5UzsENwTbBDgWWwQ31/sENkm7BDVLOwQ1DNsENM57BD
O/+wQzcZsUMeNbFDDk2xQwpnsUMGgbFD9pixQ/GysUPZzrFDyOaxQ8QAskO0GLJDsDKyQ6xM
skOoZrJDg4CyQ5OYskN7tLJDds6yQ2bmskNiALNDXhqzQ04ys0NJTLNDMWizQ0GAs0McmrND
GLSzQwjMs0ME5rND</AssayXData><AssayYData Points="300">VP+5PgiAtz4+Wbk+eSW4PsHkuT5hVLg+p2y5PlfwuT5P3bo+dki5PiCmuD4+F7g+J4+4Psgl
uj719rk+Ohq6PrBQuj4VFrk+anu5Pnv5uT7ZAbc+SGu5PuaquT7/Kro+X6a4PkhWuT4WAbo+
SAe6Pmy4uj72kro+lAi6Pp2ruT5+/rY+NSS6Ph4tuT5Qsbk+6265Pi+YuD7Fbrc+V6e6Pp/C
uT4577g+CL+5PhuRtT69P7o+r/G6PhyDuT5zL7k+FEe4Ph6Euj4PEbo+qPG5PpmHuj4t6Lc+
sdW5PrxouT6uhLs+9dG5PgvVtz57tro+rXq4PhXUuD7vero+daS5PngouT4DMbo+VBi4Pu2n
tj5XPbk+loe5PsY+uT71Rrk+ODG6PgymuD7jvrk+HzC3Prc2uT7mn7g+rCq6PhPLuD6es7k+
gN65Ps+quz7bVLo+NEa6PkqAuT6gOLk+nQq6PlppuD5T/rg+P9a4Po5DuT7r7Lk+lC64Poxg
uj7y+bg+rgy5Pofvtz5HCbs+MKy5PmV4uj5GR7g+Oou3PvtOuT4Jr7o+Mku5Pracuj4yf7o+
DwS5PiqUuT5Dprs+qJ65Pk0XuD4eEro+DbO7PlwWuT5b87g+4p68PhFAuz78Rrk+1l26Pvwe
uj5eBLo+qRG7Ph1ouj5Uers+y3m6PqwkuT7J1ro+H+u4Pv6auj4QGrg+dse5PnYauT4/zLg+
C0a5PuJ7uT7DVLg+W4y6PoKhuj6a4ro+ug+5PqDiuj7r+rg+G8e5PoPVtz6p0rg+21u3PleL
uj6TIbo+kgO7PubAuT54BLo+Wfq4PhDiuj4YaLk+4B+6PhC+uD6Rp7c+zwy6PigZuz69jLk+
Hd66Prq4uT5Larg+yCO6PsI3vT7t6rc+f365Ph7Buz5al7w+jHO6PmZDuT5KK7k+H2+4PoBy
uD7xNbo+zRW4Pl3buT6DPrw+F+O7PkOxuT72TLg+zii6PkDbuj71mro+xJa5PnnLuT46R7g+
3rG5Phczuz4vbro+Cua6PlDwuT5jNLo+dLG6Pj7HuD4Wtrc+Emm7PhR5uT7Jgbk+zF26Pn4d
uT6hqbo+zZi4Pnxquz4Kkbo+OeC5Pu4suT5OU7k+iHO7PjbHtz46kbg+G8+6Pi/Xuz5OVbo+
Rsy6Pueiuj5Dnrc+ySO6Pjjjuz65obk+IQe4PqRDuj74b7g+j0u4Pkz6uT7jYro+dcC4Ppzq
uD6Z3Lk+7Lm5Pr+ruz7neLo+GyO6PgVxuD4I/Lo+fdy6Poazuj7Owrg+3Wq5Pvz0uT7sE7k+
zm+5Pg/yuT7VCbs+ydG4PjwwvD4jv7s+2iO6PjHfuT6A+Lo+G0O6PvGuuT7nubk+4pe5Pp1U
uT4ZHrk+ZHO4PshhuT6z2Lg+8i26Pjaqtz5Z7rk+VOW5PvRYuD4jZLs+w224Pii2uT4Vlbg+
sJ66PkAnuj7P1ro+xju6PkDLtz4dvro+yp26Pgj5uj67VLs+IKK4PqIMuT42brg+noW5PqZ2
uT7IGrk+QnC5Pj2uuj5obLk+hw67PsSGuj5YMLk+OU25PoOPuT6gDbo+Yia6Pg/XuT6Il7o+
gc25Pqcouz5Q8Lk+</AssayYData></Step><Step><CommonData><SampleLocation>1</SampleLocation><SampleID></SampleID><SampleGroup></SampleGroup><SampleInfo></SampleInfo><SampleRow>D</SampleRow><SamplePlate>1</SamplePlate><WellType>BUFFER</WellType><Concentration>-1</Concentration><ConcentrationUnits>µg/ml</ConcentrationUnits><MolarConcentration>-1</MolarConcentration><MolarConcUnits>µM</MolarConcUnits><MolecularWeight>-1</MolecularWeight><Temperature>25.9</Temperature><StartTime>1469946</StartTime><AssayTime>60</AssayTime></CommonData><FlowRate>1000</FlowRate><StepType>DISASSOC</StepType><StepName>Dissociation</StepName><StepStatus>OK</StepStatus><ActualTime>60.01</ActualTime><CycleTime>0.2</CycleTime><AssayXData Points="300">nv+zQ44XtEN1M7RDZUu0Q2FltENpgbRDWJm0Q0ixtEMvzbRDQOW0Qxv/tEMjG7VDEzO1QwJL
tUMLZ7VD+n61Q/aYtUPRsrVDzcy1Q73ktUPFALZDtRi2Q7AytkOgSrZDh2a2Q5h+tkOUmLZD
b7K2Q2vMtkNa5LZDVv62Q1IYt0NOMrdDNk63QyVmt0M2frdDHZq3Qw2yt0MIzLdDEei3QwAA
uEPwF7hD1zO4Q8dLuEPDZbhDv3+4Q7uZuEOqsbhDpsu4Q4HluEN9/7hDbRe5Q2kxuUNlS7lD
YWW5Q1x/uUM4mblDSLG5QyPLuUMf5blDJwG6QxcZukMTM7pDAku6Q/5kukPZfrpD1Zi6Q9Gy
ukPNzLpDveS6Q6QAu0OUGLtDkDK7Q4xMu0OHZrtDd367Q16au0NvsrtDa8y7Q1rku0NW/rtD
MRi8Qzo0vEMpTLxDJWa8QyGAvEMRmLxDDbK8Q+jLvEPk5bxD4P+8Q88XvUPLMb1Dx0u9Q8Nl
vUOef71Dmpm9Q4qxvUOFy71DgeW9Q33/vUN5Gb5DVDO+Q2VLvkNMZ75DPH++QziZvkM0s75D
I8u+Qx/lvkMGAb9D9hi/Q/Iyv0PiSr9D3mS/Q9l+v0PBmr9D0bK/Q6zMv0Oc5L9DmP6/Q5QY
wEOQMsBDjEzAQ3tkwEN3fsBDc5jAQ06ywENKzMBDRubAQzb+wEMxGMFDGTTBQwhMwUMEZsFD
AIDBQ/CXwUPsscFD9M3BQ+TlwUO//8FDuxnCQ6oxwkOmS8JDomXCQ55/wkOamcJDlrPCQ4XL
wkNh5cJDaQHDQ1gZw0NUM8NDREvDQ0Blw0M8f8NDF5nDQxOzw0MCy8ND/uTDQ/r+w0P2GMRD
8jLEQ81MxEPeZMRD2X7EQ8GaxEOwssRDoMrEQ6jmxEOY/sRDcxjFQ3s0xUNrTMVDWmTFQ2OA
xUNSmMVDTrLFQ0rMxUMl5sVDNv7FQz4axkMZNMZDCEzGQ/BnxkMAgMZD8JfGQ+yxxkPHy8ZD
w+XGQ7//xkO7GcdDqjHHQ6ZLx0OOZ8dDfX/HQ3mZx0N1s8dDZcvHQ2Dlx0NIAchDOBnIQ0gx
yEMvTchDH2XIQxt/yEMXmchDE7PIQwLLyEP+5MhD2f7IQ9UYyUPRMslDzUzJQ71kyUOkgMlD
tJjJQ7CyyUOszMlDiObJQ3f+yUNzGMpDezTKQ2tMykNaZMpDQoDKQ1KYykMtsspDNs7KQyXm
ykMV/spD/BnLQw0yy0MITMtD5GXLQ+B/y0PPl8tD17PLQ8fLy0PD5ctDnv/LQ5oZzEOqMcxD
hUvMQ4FlzEN9f8xDeZnMQ3WzzENly8xDQOXMQzz/zEM4Gc1DJzHNQyNLzUMfZc1DG3/NQ/aY
zUPyss1D4srNQ+rmzUPZ/s1D1RjOQ700zkOsTM5DvWTOQ6SAzkOUmM5DkLLOQ4zMzkOI5s5D
d/7OQ14az0NvMs9DSkzPQzpkz0NCgM9DMpjPQzq0z0MpzM9DBObPQwAA0EP8GdBD7DHQQ+hL
0EPkZdBD4H/QQ8+X0EPLsdBDpsvQQ6Ll0EOe/9BDmhnRQ4ox0UNxTdFDgWXRQ1x/0UNYmdFD
VLPRQ0TL0UNM59FD</AssayXData><AssayYData Points="300">+S60PiILtD7ZWLM+KT22Pmovsz4fRrU+Hre1PqUvtT5qc7U+XQy1PlIbtD6QZ7U+jG20PkBv
tj7CYLQ+SU+1PuaGtT6v7rU+Vn6zPhicsz73r7Q+4Re2Pv4/tj7dD7U+8Qe1PkITtT6RMbU+
NxO2Pnmbsz7Iq7Q+guC0PqXbtD7wS7U+2J+0PhtJtT7rLbE+pbO1PsS0tz6strU+f92zPnX+
tD7XqbY+4sm1Poztsz6hyrQ+hMO2PqZztT5IorM+BeyzPpYytj53eLQ+RJe2Pu5WtD7BibU+
vFW0PkEZtj78lrU+v0K3PjWOsz44RbU+6eq1PpvPtT58MbY+bE+2PkB8tD6mmbQ+EB+0Phn2
tD7hgbU+10uzPuNmtT7MWrQ+9AG2Po0Vsz54oLQ++zCzPmHhtD7vZrU+UIW0PnEHtz5NSrY+
vdK3PgL1tT6CerU+qIO1PhTRtD7AybM+5XCzPoQ0tT5rmbQ+WGCzPoMytj6MCbU+6nGyPkHS
tT7+krU+rPOzPkyFtD59i7U+t/O1PlCPsz61o7U+rMq1PoR6tT6NL7M+E3y0PiD/tT5nBbY+
xDm1PscmtT4BlLM+fAO1Pm5rtj6bfLM+udWzPiHqtT767bQ+xVq0PkJ6sz6CbLM+VT+0Proi
tT6Oq7M+9HOzPnTRtD7fYLU+cjC1PmM3tT45lLY+Wni0Pstgtj5wrLQ+CSm1Pna0tT75MbU+
PdK1Pmlusz5aBbQ+8fG0PgKqtD795bQ+yGW0Pq4ltD6+zbM+wmW1Pql1tT5vBbU+I9OzPtDl
tD6OU7Y+r/S0Pqhssj4+CbY+/N20PnjKsj5YL7U+RuW0PszYsz5hnbQ+zya2PswstD5tjbQ+
qMuyPlsEtD7uPrY++Na1PoOEtT6t+LI+uVu0PjjNtD7eDbQ+qDO0PtjGtD5tNrQ++6C1Pl6T
tD5ahLM+t2C2PuExsz4cILM+wBmzPqletT6wQbM+Rh60Pvyksz7YKLQ+Uyu1PmsFtD6ymrQ+
k061PnNqtT6d+LU+GumzPoDAtD7CaLQ+QseyPtCetj42Z7U+7za0PmXTtD6D0LM+mmC0PqFa
sj704bQ+NHG1PnITsz4F2bQ+hVW1PqIYtj6sUrE+EAi1Pi9ptj70BrI+F/uzPjqOsT4sXbQ+
S+W0PpAatD7AfrU+yo60Pmn3tT6eibE+UzazPgmXtD4cALQ+gMyzPl9Jsz5i2bU+3Ym1Pt12
tT66yrQ+rlu1PhpotD6NrbU+vTu1Ptw+tD61jLM+Nhq0PneutD7NILY+xrazPsp0tD7yZrU+
dtK0PiaXtD7PlbU+tIC0PsastT6MeLQ+w720PhFPtT5z97I+fXC0Ppb7sz6SnbM+SVaxPng+
tT5TGLM+M0q0PnwAtD4jp7M+MvWzPjEUtT4XOrQ+f3u3PjnbtT5y9bM+5sO1PqA5tD5gJbY+
TwC0PoYasz7DY7I+Zg20Plnvtj5/cLQ+QHy1PqNstD6lSrQ+bVq1PvbOtD4jr7M+ABO0PnU8
sz4/VLM+10K0PkqFtD4SwLM+zUGzPpnktD5KtLM+9SSzPuExtD5i57M+XOq1PtA2tT5F4bQ+
uoiyPg69sz6XpLU+</AssayYData></Step><Step><CommonData><SampleLocation>7</SampleLocation><SampleID></SampleID><SampleGroup></SampleGroup><SampleInfo></SampleInfo><SampleRow>D</SampleRow><SamplePlate>1</SamplePlate><WellType>KSAMPLE</WellType><Concentration>-1</Concentration><ConcentrationUnits>µg/ml</ConcentrationUnits><MolarConcentration>12.5</MolarConcentration><MolarConcUnits>µM</MolarConcUnits><MolecularWeight>-1</MolecularWeight><Temperature>25.9</Temperature><StartTime>1537790</StartTime><AssayTime>60</AssayTime></CommonData><FlowRate>1000</FlowRate><StepType>ASSOC</StepType><StepName>Association</StepName><StepStatus>OK</StepStatus><ActualTime>59.994</ActualTime><CycleTime>0.2</CycleTime><AssayXData Points="300">5gDSQ8Ea0kPSMtJDrUzSQ7Vo0kOkgNJDoJrSQ3y00kOMzNJDiObSQ28C00NfGtNDWzTTQ1dO
00NGZtNDQoDTQyqc00MZtNNDFc7TQwXm00MBANRD/RnUQ+Q11EPUTdRD5GXUQ8uB1EPHm9RD
t7PUQ7PN1EOv59RDnv/UQ5oZ1UOCNdVDcU3VQ21n1UNpgdVDWZnVQ1Wz1UM8z9VDTOfVQygB
1kMXGdZDEzPWQw9N1kMLZ9ZDB4HWQ/aY1kPetNZDzczWQ8nm1kPFANdDwRrXQ7Ey10OtTNdD
qWbXQ4SA10OAmtdDfLTXQ2vM10Nn5tdDbwLYQ18a2EM6NNhDNk7YQyZm2EMhgNhDKpzYQxm0
2EMJzNhD8OfYQwEA2UPcGdlD5DXZQ9RN2UPDZdlDy4HZQ7uZ2UO3s9lDns/ZQ47n2UN+/9lD
hhvaQ3Uz2kNxTdpDYWXaQ0iB2kNZmdpDNLPaQzDN2kMs59pDG//aQyMb20MTM9tD7kzbQ/Zo
20PmgNtD1pjbQ96020PNzNtDyebbQ7EC3EOgGtxDkDLcQ5hO3EOIZtxDhIDcQ4Ca3EN8tNxD
a8zcQ2fm3ENCAN1DPhrdQy4y3UM2Tt1DJmbdQyGA3UMdmt1D+LPdQwnM3UPw591D4P/dQ9wZ
3kPDNd5Ds03eQ8Nl3kO/f95DmpneQ5az3kOSzd5DjufeQ4oB30NlG99DVTPfQ1BN30NZad9D
SIHfQziZ30Mftd9DMM3fQwvn30Mb/99DAxvgQ/Iy4EPuTOBD6mbgQ+aA4EPWmOBD0rLgQ83M
4EOp5uBDpADhQ6Aa4UOQMuFDjEzhQ4hm4UOEgOFDX5rhQ1u04UNKzOFDU+jhQ0IA4kM+GuJD
GTTiQxVO4kMmZuJDDYLiQ/yZ4kP4s+JD9M3iQ9Dn4kPg/+JDxxvjQ7cz40OzTeNDomXjQ55/
40OameNDlrPjQ5LN40Nt5+NDXf/jQ1kZ5ENVM+RDUE3kQ0xn5EMogeRDOJnkQx+15EMPzeRD
C+fkQygB5UMDG+VD8jLlQ9pO5UPJZuVDxYDlQ8Ga5UO9tOVDrczlQ5To5UOkAOZDgBrmQ3w0
5kOMTOZDZ2bmQ2OA5kNfmuZDW7TmQ0rM5kNG5uZDIQDnQyoc50MZNOdDFU7nQwVm50MBgOdD
/JnnQ9iz50PUzedDw+XnQ7//50PHG+hDtzPoQ5JN6EOOZ+hDnn/oQ3qZ6EOCtehDcc3oQ23n
6ENpAelDWRnpQzQz6UM8T+lDLGfpQyiB6UMkm+lDE7PpQw/N6UML5+lD5gDqQ/YY6kPSMupD
zUzqQ8lm6kPFgOpDwZrqQ7Gy6kOMzOpDlOjqQ4QA60OAGutDfDTrQ2tM60NnZutDToLrQz6a
60M6tOtDNs7rQybm60MhAOxDHRrsQ/gz7EMJTOxD8GfsQ+B/7EPcmexDw7XsQ9TN7EPQ5+xD
v//sQ5oZ7UOWM+1Dkk3tQ45n7UN+f+1DZZvtQ3Wz7UNxze1DTOftQ0gB7kM4Ge5DNDPuQxtP
7kMsZ+5DKIHuQwOb7kPysu5D7szuQ/bo7kPmAO9D4hrvQ9Iy70PNTO9DyWbvQ7GC70Ogmu9D
kLLvQ5jO70OI5u9D</AssayXData><AssayYData Points="300">l6+5PvSevD4jx70+2qK6Pp4SvD75aLs+Ucu8PmU0uz4LC7w+WHS7Pv01vD41Ur0+1x+8PuHv
uz5fWb0+lC+8Pjqauz6GHr0+CwC8Pm5Euz5oBL0+XXa8Pip6uz6/Pbw+PPy7Pr8DvT5BYb0+
GN68PpeUuz64oLw+1va9Pv7fuz5sub0+4Ty9Pq1Ivj5aMb8+M927Pk6ovD6AxLs+zx69PidZ
uj729bw+RlG7PuB1uz5sOb0+zXK7Pow1vD61fr0+kUq8PqAeuz7oGrw+dUO8PkMivD6vP7s+
19S8Pkm1vD7Zprs+ct+5Po5xvD5LDb0+PnK8PtwRvD6797o+7uW8PrsjvT7rgMA+YC26PkF5
uj4127w+hha8Pghjuz7x7ro+AP68Ppshuj7Ae7s+NPG7Pvxhuz4SMrw+krS+Plm+uz7Uvrw+
FNm7PpGivD5T77o+Ary8PqUIvT50Dbo+zDW7Pql8uz73Gr0+WRC+PpfCvT7weLw+EQO+Pm0J
vj43KLs+NYe8Pgc+vT50mLw+iQ68Pq4xvD56XLs+4626PqEkuz6jSL0+W/25Pj/Euz6Fnbo+
7PK7Phz1vD4hBb4+8G27Ptrbuj52gbs+7ES9Pgyruj7irbw+rd29PhYduz4djrs+/Pu8PuBY
vD7cJr4+z1C7PgtRvD5fzro+dki9PvfOvD4MM7s+ka+8PtNfuz5dZbw+HlK8PnVhvD6xXLs+
cBi8Pjswuz5Y7Lw+1NO7Pr2HvD40Gbw+HvW8Pg1XvT42w7w+k8W8PpvFuj6fy70+Hae9Pvrd
uz6mnr0+8o28PiRSuz5C1bs+HSO7PpyRuz6wp74+xfm8PvA6vj44urs+F5m8Ptscuz4nm7w+
Utu8Ppp6vD5msrw+3lS8PtfVuj6Rcr4+lXy9Pte4uj4XJL4+UTG8Pmnhuz4jN7o+lJm8PsbP
uz4JVrw+myi+PvXTvT6XGLw+IuC7PmzDvD7V6Lw+HGq9PqiJuT731Lw+A5q8Plc4vD7ET74+
zw2+PrENvT4Ol7o+H5K6PqtsvD7zXbw+Xf25PqfSuz7yDLs+PDO9PtNBvD7TVro+Bb67Pgp2
uz5Uhr4+T1K9PqUvvD7r0Lo+BXi6Plg2vT6Jurw+0pW6PvGruz4k+ro+F0i8Pmt6uz6IKr0+
HOC8Pop/vT6XTro+6Q+8PizTvD4fhLw+Od28Ph66vD56Hro+eBe7PqdxvD4QUbw+Sxa6PpFm
vD5sDb0+zmO8Pu3iuj4byLs+Qk29Pk+bvz7xTLw+ybu5PjUQvj5RkLw+mtm7Pq3LvT5fprs+
5Q27PuWquj4jsbw+2/C7Pkgbuz6Ht70+p0u+PqRYvT4gzLw+HwW9PmY9vT6pPb0+5mG8PuAp
uz5MNb0+gb+6PlpMvD6QpLs+jAe9Pr8xuz7l/rs+mR2+Pjnquz4QPr0+rsW8PpxAvT5YYLs+
SFW9PiluvD4NTrw+eGS6PvHFvT4OT70+QSa8Prf3uz693rw+L0e9Pj7MvD5AZrs+wTS8PvG0
vT7pK7s+/+K7Pgz3uz7u67s+8LG6Pqliuz6iOrs+HJ28PngTvD5x8bs+uf28Pnunuz7rw7o+
q6m6Pi4cvT5Y+7w+</AssayYData></Step><Step><CommonData><SampleLocation>1</SampleLocation><SampleID></SampleID><SampleGroup></SampleGroup><SampleInfo></SampleInfo><SampleRow>D</SampleRow><SamplePlate>1</SamplePlate><WellType>BUFFER</WellType><Concentration>-1</Concentration><ConcentrationUnits>µg/ml</ConcentrationUnits><MolarConcentration>-1</MolarConcentration><MolarConcUnits>µM</MolarConcUnits><MolecularWeight>-1</MolecularWeight><Temperature>25.8</Temperature><StartTime>1605696</StartTime><AssayTime>60</AssayTime></CommonData><FlowRate>1000</FlowRate><StepType>DISASSOC</StepType><StepName>Dissociation</StepName><StepStatus>OK</StepStatus><ActualTime>59.994</ActualTime><CycleTime>0.2</CycleTime><AssayXData Points="300">IgDwQx4a8EMOMvBD6UvwQ+Vl8EPgf/BD3JnwQ9iz8EMqzPBDxOXwQ6sB8UObGfFDqzHxQ5NN
8UOCZfFDfn/xQ2ab8UN2s/FDZsvxQ03n8UM9//FDmxnyQ0E18kMwTfJDIGXyQxx/8kMYmfJD
87LyQ+/M8kPr5vJD2v7yQ+Ma80PeNPNDrUzzQ6lm80OlgPNDlZjzQ5Gy80OMzPNDiObzQ3j+
80NfGvRDTzL0Q0tM9ENTaPRDQ4D0QzKY9EM7tPRDKsz0QwXm9EMBAPVD/Rn1Q+0x9UP1TfVD
5WX1Q+B/9UO8mfVDuLP1Q8jL9UOj5fVDn//1Q5sZ9kOKMfZDck32Q4Jl9kN+f/ZDZpv2Q1Wz
9kNFy/ZDTef2Qz3/9kM5GfdDIDX3Q3JN90P/ZPdDB4H3Q/eY90PzsvdD78z3Q8rm90Pa/vdD
whr4Q7Ey+EOtTPhDqWb4Q6WA+EOVmPhDfLT4Q4zM+ENo5vhDZAD5Q18a+UNPMvlDS0z5Q0dm
+UMigPlDMpj5Qxq0+UMWzvlDBeb5Qw4C+kP9GfpD7TH6Q9RN+kPEZfpDwH/6Q7yZ+kO4s/pD
p8v6Q4/n+kOf//pDehn7Q3Yz+0NyTftDYmX7Q0mB+0NZmftDVbP7QzDN+0Ms5/tDHP/7QyQb
/EMUM/xDEE38Q/9k/EP7fvxD95j8Q9Ky/EPOzPxDyub8Q7r+/EPCGv1DsTL9Q4xM/UOIZv1D
hID9Q3SY/UN8tP1DbMz9Q2jm/UNkAP5DPxr+Qy4y/kM2Tv5DJmb+QyKA/kMemv5DDrL+QwnM
/kMF5v5D4P/+Q9wZ/0PYM/9DyEv/Q8Rl/0PAf/9DvJn/Q5ez/0OGy/9DguX/Q37//0O9DABE
uxkARKkmAESxMgBEpEAARJxMAESaWQBEmGYARJByAESOfwBEgo0ARHmZAER3pgBEdbMARG2/
AERrzABEX9oARGfmAERV8wBEXf8AREoMAURIGQFETCcBREQzAURCQAFEQE0BRDhZAUQmZgFE
I3MBRCGAAUQZjAFEF5kBRBWmAUQTswFEAcABRP/MAUQH2QFE9OUBRLP1AUTw/wFE7gwCRNwZ
AkTkJQJE0jICRNZAAkTNTAJEy1kCRMlmAkTBcgJEv38CRK2MAkSrmQJEoqUCRKCyAkSevwJE
nMwCRJDaAkSI5gJEhvMCRH7/AkR8DANEeRkDRHcmA0RlMwNEbT8DRGtMA0RfWgNEV2YDRFVz
A0RTgANESowDREiZA0Q2pgNENLMDRDLAA0QwzQNEKNkDRCbmA0QZ9ANEIQAERBkMBESAGgRE
CycERAMzBEQBQARE/0wERPZYBETqZgRE8nIEROB/BETejARE3JkERNSlBETSsgREz78ERM3M
BES72QREueYERLHyBESv/wREsw0FRKsZBUSYJgVEtzMFRJ4/BUSMTAVEkFoFRIhmBUSAcgVE
hIAFRHyMBURpmQVEbacFRGWzBURdvwVEW8wFRFnZBURX5gVEVfMFREIABkQ6DAZEPhoGRDwn
BkQ0MwZELD8GRDBNBkQoWQZEFWYGRBl0BkQHgQZECYwGRA2aBkQFpgZEA7MGRPbABkTuzAZE
5tgGROrmBkTi8gZE</AssayXData><AssayYData Points="300">hjW0PvNBsz7zXLE+OF2yPmwmtD6xoLI+tW60PgRAtD4WGLI+EhyzPsC4tT6oe7M+1xCzPhFg
sz4MprE+XpK1PujBsz7hSrQ+N7G0PmBktT7SsbE+m1e0PuCMsj5P4bM+S8G0PkSGtD7bZ7Q+
RI6xPoljsz5fobQ+O5SzPuqesz4WY7U+A5SzPlbntD6F9rE+PcW0PrX/sj4pfLM+4XWyPuVi
tD7borQ+DPCyPgD0tD7V7bM+uVa1PjsAsz4p3bQ+KrmyPhmpsz7NbbQ+dNG0PvRYsj53ibM+
TTuzPoXUtT6pTLM+7KC1PjMTtD6Kp7Q+FvezPmd1tD7ambI+OI60Ps2nsT5lH7M+Bc61PvcM
tD43AbU+ls2zPpNmsz44d7Q+dEa0PgCLtD5BqbM+QsCzPu6Qsz5yarM+NoGxPiYcsz6mG7I+
Xk+0Pqpdsj7mNrQ+Mo21Pv1Rsz5GULM+SWqxPhdGsz4znrI+ccyyPoGltT77E7M+9gK0Plvz
sz6F1LI+Bxq0PoYRtD7Ke7M+9z+zPvrJtj7GzbE+dCeyPkdssT4ahrM+rAazPjgvsj4lJrM+
NtezPk34sz7BwrI+LEGzPvCOsz7dOLU+yHK0Pu/esT5VCLM+gC6zPk+9sj470LM+oNizPvrl
sD66wbM+ZfSyPimEsT6I27M+9hGzPj+5sj64gLQ+S3i0PmvftD7KwrQ+GrC1PqY2tD6hbbI+
sXGzPjI/sz7kHLM+mRG0PoD1tT74nLU+9dGzPvXGsz4tpLI+d8WzPhZrsT64xbM+ifizPmrV
sj5L8rI+XdWzPhobtT4YULM+cpqxPs4UtT6jNrQ+/SeyPo3dsz7PrrI+8Pm0Phyhtj7QaLI+
X+eyPmyPsz54e7I+mtizPt7zsz6B2bM+8uG1PnzCsT78A7Q+3xu1PuZZsz7jcrE+zzq1Pk1C
sj4XobI+TYKyPpHCsj7E/bE+iRy0PvWJsz5FWrM+NhKyPr2Csj4ATbQ+u2WzPiiDsz7iYbU+
DeKzPi3ysT4zBbM+W8+zPpwYsj5vGbI+pduyPrF2sj7B/rM+Wa+xPlO5sj6y8LM+YkCyPrAr
tD7xELM+rJmzPgaesj4FKrI+5Sy1PvLhsT6fo7M+axyzPgDAsj53FbM+DkuzPtFBsz63JLE+
ZNyzPi8ysj5kVbE+HIC0PqJksz5jzbI+vrazPjYPsj4/MbM+QGizPtBxtT5HsLM+k+azPmCC
sT72bbQ+VIexPuWQsj5Cs7M+HkOzPjjFsz40iLE+wa2zPjWYtT5cMLI+gGK1PrSAsj5cZ7M+
M++xPtZpsD6x7rI+5SezPiw5tD4wgrI+0KqyPp83tD7gA7Q+0suyPjs9sj4uZrM+y3azPiEt
sT4lNLI+PV20PhAztD4IYLM+DIKzPpWcsj72LrI+dD20PhTTsj7vurI+pbKzPvPytD7HhLQ+
C+CzPvgOtD6VNbQ+vRmyPt8vsj7Kf7E+b1+zPjzesj5kTLM+Rq+zPmBVsz47ALM+Vs+zPoEb
tD5JlrI+ONmxPntWsT4VdrM+lYKyPtGwsz7Y27I+5sGzPpVAtD4vEbU+RpGzPlQ2sz4Ma7I+
IwuzPnBRsj603LI+</AssayYData></Step><Step><CommonData><SampleLocation>8</SampleLocation><SampleID></SampleID><SampleGroup></SampleGroup><SampleInfo></SampleInfo><SampleRow>D</SampleRow><SamplePlate>1</SamplePlate><WellType>KSAMPLE</WellType><Concentration>-1</Concentration><ConcentrationUnits>µg/ml</ConcentrationUnits><MolarConcentration>25</MolarConcentration><MolarConcUnits>µM</MolarConcUnits><MolecularWeight>-1</MolecularWeight><Temperature>25.8</Temperature><StartTime>1673898</StartTime><AssayTime>60</AssayTime></CommonData><FlowRate>1000</FlowRate><StepType>ASSOC</StepType><StepName>Association</StepName><StepStatus>OK</StepStatus><ActualTime>59.995</ActualTime><CycleTime>0.2</CycleTime><AssayXData Points="300">r/8GRK0MB0SlGAdEoyUHRKEyB0SfPwdElksHRIpZB0SSZQdEgHIHRH5/B0R8jAdEdJgHRGem
B0RwsgdEbb8HRGHNB0RZ2QdEUeUHRFXzB0RN/wdESwwIRDgZCEQ2JghEPjIIRCw/CEQqTAhE
KFkIRCZmCEQkcwhEHH8IRA+NCEQHmQhEBaYIRP2xCEQBwAhE+csIROzZCETq5ghE4vIIRNr+
CETYCwlE1hgJRNQlCUTIMwlE0D8JRMhLCUS7WQlEs2UJRLFyCUSvfwlErYwJRKWYCUSYpglE
obIJRI6/CUSGywlEitkJRILlCUSA8glEfv8JRGsMCkRpGQpEZyYKRF8yCkRjQApEW0wKRFlZ
CkRRZQpET3IKRDx/CkQ6jApEOJkKRDamCkQusgpELL8KRCrMCkQX2QpEFeYKRBPzCkQL/wpE
Dw0LRAcZC0QFJgtE8zILRPE/C0ToSwtE7FkLRORlC0TicgtE2n4LRNiLC0TWmAtEyqYLRMGy
C0S/vwtEvcwLRLXYC0Sz5QtEsfILRJ//C0SdDAxElBgMRJIlDESQMgxEjj8MRIxMDER6WQxE
gmUMRHZzDERtfwxEa4wMRGmZDERhpQxEX7IMRGPADERbzAxESdkMREfmDEQ+8gxEPP8MRDAN
DUQoGQ1EJiYNRCQzDUQcPw1EGkwNRB5aDUQVZg1EE3MNRAt/DUQJjA1E95gNRPWlDUTzsg1E
6r4NRO7MDUTs2Q1E5OUNRNLyDUTQ/w1EyAsORMYYDkTKJg5EwTIORL8/DkStTA5EtVgORKNl
DkSncw5En38ORJ2MDkSUmA5EkqUORJCyDkR+vw5EfMwORHrZDkR45g5EcPIORG3/DkRhDQ9E
WRkPRGElD0RPMg9ETT8PREtMD0RJWQ9ENmYPRD5yD0Qsfw9EMI0PRCiZD0Qmpg9EJLMPRBy/
D0QazA9EDdoPRAXmD0T98Q9EAQAQRPkLEET3GBBE6iYQRPMyEETqPhBE2EsQRNZYEETUZRBE
2HMQRNB/EETIixBEu5kQRMSlEESxshBEr78QRK3MEESl2BBEo+UQRJbzEESO/xBElgsRRIoZ
EUSCJRFEgDIRRHRAEUR8TBFEaVkRRGdmEURfchFEXX8RRGGNEURZmRFEUaURRFWzEURNvxFE
OswRRDjZEUQ25hFELvIRRCz/EUQqDBJEKBkSRCYmEkQTMxJECz8SRA9NEkQHWRJEBWYSRANz
EkTxfxJE+YsSRPeYEkTqphJE4rISRNq+EkTezBJE1tgSRNTlEkTI8xJEv/8SRLcLE0S7GRNE
syUTRLEyE0SvPxNEnUwTRJRYE0SYZhNEkHITRI5/E0SMjBNEepkTRIKlE0R2sxNEbb8TRGvM
E0Rp2RNEZ+YTRF/yE0Rd/xNESwwUREkZFERRJRRERDMURDw/FEQ6TBRELloURDZmFEQuchRE
IoAURBqMFEQXmRREFaYURBOzFEQLvxRED80URPfYFET15RRE8/IURPH/FEToCxVE3BkVROQl
FUTiMhVE2j4VRM5MFUTGWBVEymYVRMhzFUS/fxVEt4sVRLWYFUSjpRVEobIVRJ+/FUSdzBVE
lNgVRIjmFUSQ8hVE</AssayXData><AssayYData Points="300">C4G4Phihuz6y/7w+Kxm8PhkRvD7VPb0+R/m7PhXmvD4/Pr0+4G28Pni9vT5AmLw+CkK8Pnpt
uz7Lx70+eY69PnGbuz6qN7w+kce8Pr9Pvz79374+Kii+Pnc8vz4e3rw+il69Pv73vD5sEL0+
/r69PlAmvj78J7w+xpS7PtnRvT4Kkbw+eTO+PnNrvT621rs+dg68PtLovT7Y0b0+FpK9Pg4o
vT6S1bw+Sm6/Pn/MvT6zVbw+qBa7PumcvD6YzLw+pte8Ph3gvT623L4+wfm8PtlovT4MA70+
D4i8Pnlgvz66oro+TjC+Pk0svj6LDr0+2tm+PiX3vT7g970+x1a9PgCqvT5N4rw+IZG9Pu8G
vT4YUr0+MVy8Pn5Muz6qWL4+ySy9PrP7vD74Sr0+bQi9Pq2BvD5HDr4+rHS9PpnivT7Ll74+
tda9Phk0vz4F9r0+b4G9Ppf6vj6dD74+PvO+Pqd5vD6D5Lw+WeW8PkhwvD53D70+1KG8PiP1
vD6SUbw+i+K8Pg6auz6Unrw+JpK+Pmsyvz7yo7s+phq+Pm7ovT6p9bs+7AS/PpkzvD4kVr0+
Xku9Ps8wvz6+ML4+Yni9PgGlvj7y9rw+krK7PobgvT6RBb4+ojG/Pifxvj6k87w+xGG7Pryt
vD47lb0+R8a+Pl5hvT7BhLw+vcK+PnTqvT4n470+/aK9PsgpvT4DQr0+/wO9Pj3duz6UDr4+
u0W9PvRavT4JI70+wmm+Pmz8vD70n7w+1KS9Ph90vD4PkL4+r3m8PpeyvD6/lLw+guW9PtUH
vT5EYb0+j867PvVUwD7yzLw+QEO+PiVOvj7OObw+x26+PtTTvz6kQb8+dkS+Ps7AvD7g/bw+
bfu9PoPwvj5Sab4+32e7PifwvT6JZ70+4zq+PpZDvD5S9L4+EdW8PnIAvz4/AL0+bq28PhkT
vz76Obw+9MC7PggQvT5ZIr4+lIG9PijDvD72Lbw+ByC8Pi5Svz50C74+Qda9Pi8kvj6UOL0+
z/u7PlyjvD6KTb0+knG+Pu5fvT7xV74+b6m+Pgalvj6sGr8+iV6/PpgdvT4eYL0+gx68PnwI
vz7UCL4+6Ue9Pl4hvj6B7rs+mDa9PkSIvT4LX70+pVK/Pi6ivT4D9r0+L1W9Pu2+vT4HRb0+
fVy9Pug4vT5A+L0+HM68PhEEvz5BYr0+SEu/PvjivD7Hfr0+s5e9Pjoovz4n4bw++Mm9PhiW
vD6KZ70+naC+PsBRvj4XZ70+nTC/Pi66vT7rhr0+/My8PkoevD7Rsbs+OYG+Pj//vD6Zl74+
71u/Pp2JvT7erL0+7+i+PqUBvT5Dn70+Rna/Pi6VvT6hubw+8LK8PvcMuz4GpLw+i/G+PikQ
vT4frLw+9jq9PnOYvT5Ph7w+bme9PkelvD7IS74+6mC+Pob9vj4Kjb0+djy9Pm/ovT6c/b0+
J/G7PhGWvj40Kr0+3b6+PuD2uz4aUrw+A068PoHpvT4m47w+vfO8PhYovT4bgb4+o/28PogW
vT6wgL0+9629Pk7AvT7FCLw+1PS6PgZLvD6kWr0+JDu+PhSuvD6XML4+/Xq9Pnj0vD6YuL4+
4jG8PqcDvT5x7bw+</AssayYData></Step><Step><CommonData><SampleLocation>11</SampleLocation><SampleID></SampleID><SampleGroup></SampleGroup><SampleInfo></SampleInfo><SampleRow>D</SampleRow><SamplePlate>1</SamplePlate><WellType>BUFFER</WellType><Concentration>-1</Concentration><ConcentrationUnits>µg/ml</ConcentrationUnits><MolarConcentration>-1</MolarConcentration><MolarConcUnits>µM</MolarConcUnits><MolecularWeight>-1</MolecularWeight><Temperature>25.7</Temperature><StartTime>1744270</StartTime><AssayTime>60</AssayTime></CommonData><FlowRate>1000</FlowRate><StepType>DISASSOC</StepType><StepName>Dissociation</StepName><StepStatus>OK</StepStatus><ActualTime>59.994</ActualTime><CycleTime>0.2</CycleTime><AssayXData Points="300">Xf8VREsMFkRJGRZEQCUWREQzFkQ8PxZEOkwWRDJYFkQwZRZEHnIWRCKAFkQZjBZEF5kWRA+l
FkQNshZEC78WRPnLFkT32BZE9eUWROzxFkTw/xZE6AsXROYYF0TUJRdE0jIXRMo+F0TOTBdE
xVgXRMNlF0TBchdEr38XRLeLF0SlmBdEo6UXRKGyF0SfvxdElssXRJTYF0SI5hdEgPIXRH7/
F0R2CxhEdBgYRHElGERvMhhEbT8YRFtMGERTWBhEUWUYRE9yGERNfxhES4wYREKYGERApRhE
NLMYRCy/GEQqzBhEKNkYRCDlGEQe8hhEEQAZRBkMGUQHGRlEDyUZRP0xGUT7PhlE+UsZRPdY
GUTkZRlE4nIZROp+GUTYixlE1pgZRNSlGUTMsRlEyr4ZRMjLGUS12BlEs+UZRLHyGUSp/hlE
pwsaRJoZGkSjJRpEoTIaRI4/GkSGSxpEhFgaRIhmGkSAchpEfn8aRGuMGkR0mBpEcaUaRGWz
GkRdvxpEZcsaRFPYGkRR5RpET/IaREIAG0Q6DBtEOBkbRDAlG0QuMhtELD8bRCBNG0QXWRtE
IGUbRA1yG0QLfxtECYwbRAeZG0QFphtE/bEbRPu+G0TuzBtE5tgbRO7kG0Ti8htE2v4bRNgL
HETMGRxEwyUcRLsxHES/PxxEt0scRLVYHESzZRxEoXIcRKl+HEScjBxElJgcRJKlHESGsxxE
jr8cRIbLHESE2BxEceUcRIDyHERt/xxEawwdRGMYHURhJR1EVTMdRF0/HURVSx1ESVkdREBl
HUQ+ch1EMoAdRDqMHUQymB1ENqYdRC6yHUQbvx1EIM0dRBfZHUQP5R1EDfIdRAv/HUQJDB5E
9xgeRPUlHkTsMR5E6j4eROhLHkTmWB5E3mQeRNJyHkTafh5EyIseRMWYHkTDpR5Eu7EeRL+/
HkS3yx5EpdgeRKnmHkSh8h5EmP4eRJwMH0SUGB9EkiUfRIYzH0R+Px9EdksfRHpZH0RyZR9E
b3IfRG1/H0RbjB9EY5gfRFGlH0RPsh9ETb8fREvMH0RI2R9EQOUfRDTzH0Q8/x9EKgwgRDIY
IEQgJSBEHjIgRBs/IEQPTSBEB1kgRA9lIEQDcyBE+34gRPmLIET3mCBE9aUgROyxIETgvyBE
2MsgRNbYIETU5SBE0vIgRMr+IES9DCFExRghRLMlIUS7MSFEqT4hRKdLIUSlWCFEo2UhRKFy
IUSffyFEloshRISYIUSCpSFEgLIhRH6/IUR2yyFEdNghRHLlIURf8iFEXf8hRFsMIkRTGCJE
VyYiRE8yIkRNPyJEOkwiREJYIkQwZSJENHMiRCx/IkQqjCJEKJkiRBWmIkQesiJEEcAiRAnM
IkQH2SJE/+QiRP3xIkT7/iJE7gwjROYYI0TkJSNE3DEjRNo+I0TYSyNE1lgjRMNlI0TBciNE
yn4jRL2MI0S1mCNEs6UjRLGyI0SvvyNEp8sjRJrZI0SS5SNEkPIjRI7/I0SGCyREhBgkRHgm
JESAMiREbT8kRGtMJERjWCREYWUkRF9yJERdfyREW4wkREiZJERApSREPrIkRELAJEQ6zCRE
ONkkRDDlJEQu8iRE</AssayXData><AssayYData Points="300">ifayPifUsD6idrI+pFCyPjiJtD6IX7I+Iq6zPlHisj4Wg7I+r+eyPuGbsT40N7M+AFWzPpXL
sj7o/LE+9mG0PnXusj4noLI+CwG0PrE/sj5eD7M+cRKyPsvPsj5hzrM+Qj+zPhM/sz7GxrI+
F3OzPqiGtD7P8LE+ji60PnLisz4LUbQ+ZLC0Pls5sj6ICbA+PhG0PnfBsz6KRrI+nfeyPrPv
sj5H9LI+zAW0PjGGsj6Mm7I+7o20PnmVsj5MGbQ+BVezPrNnsj502LM+15i1PoUrtT79lLM+
pMyxPuEXtD71eLI+h1WyPizrtD6uM7M+p1GyPgbIsz5MILQ+kP+xPjK3sj6a17M+N/2yPjHi
sz4MXrQ+ItKyPlJ9sT5kNbM+b3q0Pr3Isj5Vz7U+3mOyPkLosz7lWbM+b7uwPu7PtD7T7bI+
b0OxPu3qsj45wrQ+xMiyPuoksj7pkrM+nJqzPgh9sT5kQrI+tMGwPuE/sz6TkLM+K2ezPmn/
sz6Wx7I+nqmzPqBLsT4VXLM+MOiyPkkasz4wsbM+yfi0Phx5sz666bM+FoC1Ps3BsT5DQrM+
GP20Phvysj4PLbQ+mRCzPtcxsz5bh7M+2cS0PvqYsz4nXrM+kjqzPpf2sz4jarM+6gu0Pgcm
sz5e/rA+ELGyPuhnsz5ht7U+S+exPpjpsj41EbI+EGq0PhCrsz67l7E+vKSyPiLTsz7JQ7I+
EZGwPpptsz5HSrI+U/iyPthPsz6CBLM+Pkm1Pl8DsT77H7I+KqWxPvHxsj6fy7M+QXy0PgSv
sj6awrM+YqexPhoFtD53bLI+0lazPuOEtD6fmLI+dhuzPjADtD5ntLI+jJixPgb+sT6VRrM+
ZryzPunesz71R7M+kuKxPk3VtD4ZRLI+PL6yPiP5sz7kt7I+dl6yPpd8tD4eirI+9mmyPqhH
sj7957M+Y6eyPjc9tT6urrE+B/yxPiMVsj6C37I+idazPmDksT6YArI+h76zPvjXsz5mV7I+
/OGzPqi0tD7kJbQ+srqzPry0sj5477M+6dqxPjf6tD7Ny7E+jKezPkq5sz4x5rI+l7uwPjD0
sz5CzrM+taKyPuCUsz4R57Q+FJ2zPtVfsz7HN7M+7f+yPgAWsT77BrM+I6GyPvSVsz62DbI+
COyxPnTUsz73NbM+zMexPj8Hsj6zg7I+ERu0PoTesz7ZOrQ+6FewPqo0sj5R+LI+D+2yPvB2
sz5DWbM+jc+yPio4tD7De7I+Yoa1Pktosj5ACrM+5c2zPjXnsj6a2LE+oZu0Pukbsj51ybE+
6wKzPtU6tD4airM+3uKxPtIttD7IWbM+wYyzPl31sj6AbrM+bgKzPhrOsj56DLQ+Q7OxPs/d
sz7iCrM+HFiyPn15sj7imLM++nG0Phc8sj6BTbM+YcmzPnl3sD7IB7I+5lKzPoSPsj4FIbM+
FXiwPnXYsz6F+bM+2eSxPmcDsj4G3rI+2U6yPio+sz4UnbM+qiSyPmFOtD7V07I+VBKzPnDT
sz7beLI+RNSxPkXZsz6NG7M+1yCyPuFcsj4FcbI+qrWzPq0bsT5z97I+QUmzPqEXsj6YDLI+
sM6xPtfnsD6FDLE+</AssayYData></Step><Step><CommonData><SampleLocation>9</SampleLocation><SampleID></SampleID><SampleGroup></SampleGroup><SampleInfo></SampleInfo><SampleRow>D</SampleRow><SamplePlate>1</SamplePlate><WellType>KSAMPLE</WellType><Concentration>-1</Concentration><ConcentrationUnits>µg/ml</ConcentrationUnits><MolarConcentration>50</MolarConcentration><MolarConcUnits>µM</MolarConcUnits><MolecularWeight>-1</MolecularWeight><Temperature>25.7</Temperature><StartTime>1814578</StartTime><AssayTime>60</AssayTime></CommonData><FlowRate>1000</FlowRate><StepType>ASSOC</StepType><StepName>Association</StepName><StepStatus>OK</StepStatus><ActualTime>60.01</ActualTime><CycleTime>0.2</CycleTime><AssayXData Points="300">+/4kRPkLJUTxFyVE7yQlRO0xJUTaPiVE2EslRNBXJUTOZCVEzHElRMp+JUTIiyVEtZglRL6k
JUSxsiVEqb4lRKfLJUSl2CVEk+UlRJvxJUSO/yVElwsmRIQYJkSCJSZEejEmRHg+JkR2SyZE
Y1gmRGFlJkRfciZEXX8mRFWLJkRTmCZEUaUmRE+yJkRHviZERcsmRDLYJkQw5SZELvImRCz/
JkQkCydEIhgnRCAlJ0QNMidECz8nRANLJ0QBWCdEBWYnRP1xJ0T7fidE6YsnROeYJ0TepCdE
4rInRNq+J0TYyydE0NcnRM7kJ0S88SdEuf4nRLcLKES1GChEsyUoRKsxKESpPihEnUwoRJVY
KESdZChEinEoRIh+KESGiyhEhJgoRIKlKERwsihEaL4oRGzMKERj2ChEYeUoRF/yKERX/ihE
VQspREkZKURBJSlEPzIpRD0/KUQ0SylEMlgpRCZmKUQucilEJn4pRCSLKUQSmClED6UpRAOz
KUQLvylE+cspRPfYKUT/5ClE7fEpROv+KUTpCypE4BcqROQlKkTSMipEyj4qRMhLKkTGWCpE
vmQqRLxxKkSvfypEt4sqRLWYKkSjpSpEm7EqRJm+KkSdzCpEldgqRIzkKkSA8ipEiP4qRHYL
K0R0GCtEciUrRGoxK0RuPytEZksrRGNYK0RhZStET3IrREd+K0RLjCtEQ5grREGlK0Q/sitE
LL8rRDTLK0Qi2CtEJuYrRB7yK0Qc/ytEGgwsRBIYLEQPJSxEAzMsRPs+LETzSixE91gsRO9k
LETtcSxE4H8sRNiLLETglyxE1KUsRMyxLETKvixEyMssRLXYLES+5CxEvPEsRKn+LESnCy1E
pRgtRKMlLUSbMS1EmT4tRIZLLUSVWC1EjGQtRIByLUR4fi1EdostRGqZLURypS1EarEtRF2/
LURVyy1EY9gtRFfmLURP8i1ER/4tRDoMLkRDGC5EMCUuRC4yLkQsPy5EJEsuRCJYLkQgZS5E
HnIuRBZ+LkQJjC5EAZguRAWmLkT9sS5E+74uRPPKLkTx1y5E3uQuRNzxLkTg/y5E2AsvRNAX
L0TUJS9EzDEvRLk+L0S3Sy9EtVgvRK1kL0Sxci9EqX4vRKeLL0SlmC9Ek6UvRIqxL0SOvy9E
hssvRITYL0SC5S9EgPIvRHj+L0R2CzBEahkwRGElMERfMjBEXT8wRFVLMERTWDBEUWUwRD9y
MEQ2fjBENIswRDKYMEQwpTBEJLMwRBy/MEQkyzBEGNkwRBDlMEQN8jBEC/8wRAkMMUQBGDFE
9SUxRO0xMUTrPjFE6UsxROZYMUTeZDFE0nIxRNp+MUTYizFEwJcxRL6kMUS8sTFEub4xRLfL
MUSl2DFEreQxRKvxMUSZ/jFElwsyRJUYMkSTJTJEijEyRH4/MkSGSzJEdFgyRHJlMkRwcjJE
aH4yRGyMMkRjmDJEYaUyRE+yMkRXvjJERcsyREPYMkRB5TJEP/IyRD3/MkQ0CzNEIhgzRCYm
M0QeMjNEHD8zRBRLM0QSWDNEEGUzRANzM0T7fjNE+YszRPGXM0TvpDNE7bEzROu+M0TYyzNE
4NczRN7kM0TS8jNE</AssayXData><AssayYData Points="300">q4e+PidywT6i28E+zQzDPtjowj6S5sM+z8TCPq6Swz5ZAMQ+eqrCPoPGxD7IEcY+GcrFPqeL
xT5O8cQ+HpnDPkLPxD75rMM+wR/EPgqUxD7CV8U+z3rDPn7Rwz6c+MI+yWHHPiirxT6YkMU+
3q7DPkfcwz4rxcQ+aPbDPpQ4xT5/OMQ+WnbDPsdowz6dvsM+8tLDPnyXxD508sM+NsvEPj+S
xD6JE8U+ulrFPhk4wz7aLsQ+LYvEPjonxD5EuMM+btXEPh7exD5Xk8Q+LBDEPuMfxT5CJMM+
vz/DPm92wz5KY8M+ddHDPhkexD5Se8M+lizEPuI6wj7Q5MQ+lozEPkADwj6gd8M+D+7EPmU/
wj6pS8Y+BVDDPoixxD7sa8Q+NurEPvqZwz4VL8U+yRLCPruJxD5rlMU+CzfEPoiNxT7CBMQ+
qm3DPvrYxD6wmcQ+XizCPrufxD5VRMQ+XXLHPj8hxT5mCsU+73fCPpXfwz585sM+pADFPtxl
xT6UJ8M+p9fFPoxpxT7p9cQ+WFvFPqczxj43PMc+XjzHPpaUxT5c6cU+GSPEPhL3xD6FNMY+
+oTEPqoYxT7aAMQ+LSbGPri6xT444MQ+ZjLEPs5Fwz7tY8U+9uXDPmJcxD79J8Q++ujDPnXw
xD6yxMM+jkzEPiWwxD6uLMQ+gIbDPmVjxD6138U+bNjFPi8CxD7NrcI+i9nDPpH7wz5BvsU+
/HPEPmwxwz7yscU+J7vEPlzixD46ocU+B13BPmdqxj73QMQ+eZDDPpRWxT5wrMQ+Sy7EPq/t
wz5dT8Q+0yfEPiK/xD4bjcM+mTfEPkcKxT6KW8U+nlTFPuSDxD72QMQ+BGLEPkZexD4CUMM+
Cb3FPjNJxD6JcsI+TBPGPju9xD4hPcE+2w3CPvB3xD5yBcM+gUTEPsyCwz6ko8M+YH3FPqsv
xz4HWcQ+8P7DPpfiwz4i2sU+gDbEPknbxT6WSMU+xAnFPmT9xD4cwcQ+lFLEPiMBxD6iLMU+
DkTFPlMCxT5CccQ+ZwLEPtiyxD4R5MM+nFnEPpobwz5zc8Q+lo7DPt8cxT7pOcQ+wajEPrRf
xD4wwcM+yOTEPhc2xj43CsU+JjDDPmW3xD7uU8M+RUjDPqeuwj55wsQ+Mc/EPvq/xD7mgsQ+
LF3FPvgdxT5Q18M+9GPFPjhQxD7Ao8Q+AzrDPvN0wj45+cI+53zFPqyiwj73PcQ+75DDPuVa
xT7dI8Y+aazFPqy8xj7C08Q+pIbEPvT5xT4LtsM+SKrDPsiHxT6l6sI+lLfEPhaGxj7wF8U+
9ePCPmuRxD6Ce8U+CHHAPtoHwz7MosI+XhXGPkNKwz5z88M+frjDPs+Awz7P6cI+V3PFPgnE
wz4Hs8U+u6fDPjgIxz4zYMQ+RIHCPtyNxD4d1cU+ZFzEPv+xxD6wLcc+5ebDPqJKxD7MmMU+
01vDPqH6xD6aJMM+P/zDPixoxD6ynsM+0AjDPjCqxT7tbMU+jpjDPsBHwz4BccQ+Lq/EPk7+
xD7aLcQ+tiPFPhz4wz7cCMQ+RXDEPnVYwz6mCsU+K4HEPs76wz5rosU+szfFPsEIxD4losQ+
RQvEPqkXxD76c8Q+</AssayYData></Step><Step><CommonData><SampleLocation>11</SampleLocation><SampleID></SampleID><SampleGroup></SampleGroup><SampleInfo></SampleInfo><SampleRow>D</SampleRow><SamplePlate>1</SamplePlate><WellType>BUFFER</WellType><Concentration>-1</Concentration><ConcentrationUnits>µg/ml</ConcentrationUnits><MolarConcentration>-1</MolarConcentration><MolarConcUnits>µM</MolarConcUnits><MolecularWeight>-1</MolecularWeight><Temperature>25.7</Temperature><StartTime>1884949</StartTime><AssayTime>60</AssayTime></CommonData><FlowRate>1000</FlowRate><StepType>DISASSOC</StepType><StepName>Dissociation</StepName><StepStatus>OK</StepStatus><ActualTime>59.994</ActualTime><CycleTime>0.2</CycleTime><AssayXData Points="300">n/8zRJcLNESVGDREkyU0RJEyNETGQDREfEw0RHpZNERyZTREcHI0RG5/NERsjDREWZk0RGKl
NERgsjREU8A0REvMNERJ2TRER+Y0RD/yNEQ9/zREMA01RCgZNUQgJTVEJDM1RBw/NUQaTDVE
Dlo1RAVmNUQDczVE+341RPmLNUT3mDVE9aU1ROOyNUTAvzVE3sw1RNbYNUTU5TVE0vI1RND/
NUTICzZEvBk2RLMlNkSxMjZEuj42RK1MNkSlWDZEo2U2RJdzNkSffzZEjYw2RIuZNkSCpTZE
gLI2RITANkR8zDZEdNg2RGjmNkRw8jZEbv82RGINN0RZGTdEUSU3RE8yN0RNPzdEO0w3RDlZ
N0Q3ZjdELnI3RISAN0QgjTdEKJk3RCClN0QUszdEHL83RArMN0QH2TdEBeY3RP3xN0QBADhE
+Qs4ROcYOETrJjhE4zI4RNo+OETeTDhE1lg4RNRlOETScjhEwH84RLiLOES8mThEs6U4RLGy
OESvvzhEncw4RKXYOEST5ThEkfI4REMAOUSNDDlEixk5RIIlOUSAMjlEbj85RGxMOURkWDlE
YmU5RGByOURdfzlEUY05REmZOURRpTlERbM5RD2/OUQ7zDlEOdk5RDfmOUQu8jlEIgA6RBoM
OkQYGTpEFiY6RBQzOkQMPzpE/0w6RAdZOkT1ZTpE7XE6ROt+OkTpizpE7Zk6ROWlOkTSsjpE
2r46RNjLOkTM2TpExOU6RMLyOkTA/zpEuAs7RLYYO0TEJTtEoTI7RJ8/O0SdTDtElVg7RIhm
O0SRcjtEfn87RHyMO0R6mTtEgqU7RHazO0RuvztEbMw7RFnZO0Ri5TtET/I7RFMAPERLDDxE
SRk8REElPEQ/MjxEPT88RDBNPEQoWTxEJmY8RB5yPEQcfzxEGow8RBiZPEQFpjxEA7M8RAy/
PET/zDxE99g8RPXlPETz8jxE6/48RN4MPUTcGT1E1CU9RNIyPUTQPz1EyEs9RMZYPUS6Zj1E
wnI9RK9/PUQwjT1Eq5k9RKOlPUShsj1En789RJ3MPUSK2T1EguU9RIDyPUSf/z1EfAw+RHoZ
PkRyJT5EcDI+RF0/PkRbTD5EWVk+RFFlPkRPcj5EQ4A+REuMPkQ5mT5EN6Y+RC6yPkQsvz5E
MM0+RCjZPkQm5j5EHvI+RBz/PkQKDD9EDho/RAUmP0QDMz9E+z4/RPlLP0T3WD9E9WU/RONy
P0Tafj9E3ow/RNaYP0TUpT9E0rI/RMC/P0TIyz9Ettg/RLrmP0Sx8j9Er/8/RK0MQESlGEBE
oyVARJczQESPP0BEjUxARIpZQESCZUBEgHJARHSAQERsjEBEdJhARGimQERgskBEXb9ARGLN
QERZ2UBEUeVARE/yQERDAEFEOwxBRD8aQUQ3JkFELjJBRCJAQUQqTEFEGFlBRBZmQUQUc0FE
DH9BRAqMQUT9mUFE9aVBRP2xQUTxv0FE6ctBROfYQUTr5kFE4/JBRNr+QUTODEJEzBlCRMQl
QkTIM0JEwD9CRLhLQkS8WUJEtGVCRLFyQkSlgEJErYxCRJWYQkSTpUJEkbJCRI+/QkSGy0JE
etlCRILlQkRw8kJE</AssayXData><AssayYData Points="300">SQ+yPgAssD5RybI+3ZywPlREsD5DMbE+LCSxPm8msz5pFbI+i/OxPogBsj6XZrI+vXWzPtpm
sj6wjrA+Szu0Pm/6sT7KaLM+RN+yPqhRsT4WJ7Q+BHqyPgfrsT5ASLE+/WayPqYusj5a3rI+
JCuyPkkZsj6YibM+PPmyPjzrsT6xd7I+a7yxPpWYtD6887E+etewPuRPsT7FIbI+lRayPpxw
sj7B9rA+vb6xPupIsj6NebI+ATmzPhjMsj6agrI+gcixPgkEsz46K7I+ye6wPjyZsT7oO7E+
lRSzPobMsj5giLE+thWyPjEMsD4A37E+BlixPmQnsT7/AbE+Ho+yPiQksj78cLE+ibWwPgRc
tD57BbI+0z6yPvjbsT6iq7E+AhW0PvcUsj4TyLE+O2CxPvtJsj6CuLI+9HmxPqSxsj4Wj7E+
rhKyPgvtsz5OhLI+eGazPvCpsj69/7A+MKOxPt7Psj4JkrI+mICxPmsPsj7+KbI+DiCyPuUq
sz7qTLM+nDayPm7csD5QZLE+Z+yxPiFYsT5UgbI+F8yxPjLusT48y7E+dt+wPkkWsz5HxLI+
F/GxPubQsT4qYLI+TrGvPisAsj7H/7E+z+mwPgswsj55tbI+m7uxPu+EsD6c9LE+qXuzPvGU
sT6FerE+sJmwPgjerz4AIbE+NO6xPqGesD4f+bA+4byzPnXdsD48gLE+j72yPoIQsz5LubE+
PSSxPhtosT7ttrA+sreyPt+2sT6xv7I+/2yzPiDVsD4KArM+T6avPu0Psz74ZLA+PF6xPnuW
sT7ISLI+ZI+yPhg7sD64FbI+nk+zPtGdsz4mJLI+W82vPjyYsj57/rA+DemxPnw/sT7harI+
Kf+wPuiDsT5AMbI+zBmxPp+Qrz6gnrI+pU+xPta0sj6r8bE+Ng6wPpEIsj6vLrE+b+KyPqmC
sT5uLrE+3K+yPln8sj6HEbI+PyyyPsxksj7VE7E+LPmyPtsCsT7ctbI+At6yPj4Xsj7ozbE+
ZUayPsqDsD6Yp7I+hayxPncftD4Y5q8+gISyPnvSsz76vrE+SBOzPlxFsj5mhbE+EdqxPgJk
sT66vLA+3POxPr4TsT6FjrE+P/+wPm65sT5qtLE+qZyzPs43sj5qKrA+TZ+xPnxPsj42m7A+
V++xPkWosD500bI+jmexPjNQsj7lOLE+RNqyPv/xsT52IbI+hQKyPnhlsD79cLA+F4ixPiwM
sD6zG7Q+jS+xPiDlrz5vyq8+UWWxPndCsj43b7E+InyxPmGGsT4CG7I++R6yPojssj7lArA+
GdOzPj0wsj5VgbM+UpywPsTHrz7wN7M+S/qvPt8KsT6p0bM+29KyPiP7sT6L97A+Y1SwPg+Z
sz7KQrI+wqOwPjHSsT4NOLI+tAyyPrcPsT64Fa8+R+KxPsTXrz65D7E+cwSxPhx7sD4i3LA+
L1ivPm4UsD6iiLE+97+yPuF3sj6bcLA+ebixPn8bsz73P7E+V6mxPlLXsz6rgLE+cPawPpFC
sT4TY7E+5MOwPj4Vsz4W0rM+sRSwPlyEsT5bq7E+LJSxPttqsj4+TbE+AmOxPrDdsz57DrE+
mpqxPgE3sD5drrI+</AssayYData></Step><Step><CommonData><SampleLocation>10</SampleLocation><SampleID></SampleID><SampleGroup></SampleGroup><SampleInfo></SampleInfo><SampleRow>D</SampleRow><SamplePlate>1</SamplePlate><WellType>KSAMPLE</WellType><Concentration>-1</Concentration><ConcentrationUnits>µg/ml</ConcentrationUnits><MolarConcentration>100</MolarConcentration><MolarConcUnits>µM</MolarConcUnits><MolecularWeight>-1</MolecularWeight><Temperature>25.7</Temperature><StartTime>1955632</StartTime><AssayTime>60</AssayTime></CommonData><FlowRate>1000</FlowRate><StepType>ASSOC</StepType><StepName>Association</StepName><StepStatus>OK</StepStatus><ActualTime>59.994</ActualTime><CycleTime>0.2</CycleTime><AssayXData Points="300">Pf9CRDsMQ0QzGENEJiZDRC8yQ0QtP0NEJEtDRBhZQ0QQZUNEFHNDRAx/Q0QKjENEAphDRACl
Q0T+sUNE675DRO/MQ0Tn2ENE3+RDRN3xQ0Tb/kNEyAtERMYYRETEJUREvDFERMA/RES4S0RE
tlhERKpmREShckREmX5ERJ2MRESVmEREk6VERIuxRER/v0REh8tERHTYRERy5UREcPJERGj+
RERsDEVEZBhFRFElRURPMkVETT9FREVLRURDWEVEQWVFRD9yRUQ9f0VEK4xFRDOYRUQmpkVE
HrJFRBy/RUQazEVEGNlFRBDlRUQE80VE+/5FRPkLRkT3GEZE9SVGRO0xRkThP0ZE2UtGRNdY
RkTOZEZEzHFGRMp+RkTOjEZExphGRLSlRkS8sUZEur5GRKjLRkSl2EZEo+VGRKHyRkSZ/kZE
jQxHRIUYR0SDJUdEgTJHRH8/R0R2S0dEallHRHJlR0RwckdEXn9HRGaLR0RUmEdEWKZHRE+y
R0RNv0dES8xHREPYR0Qx5UdEL/JHRC3/R0QrDEhEIhhIRCAlSEQeMkhEEkBIRApMSEQIWUhE
AGVIRP5xSET7fkhE+YtIROeYSETvpEhE3bFIROG/SETZy0hE19hIRNXlSETM8UhEyv5IRL4M
SUS2GElEtCVJRKwxSUSqPklEqEtJRJtZSUSTZUlEkXJJRI9/SUSHi0lEhZhJRIOlSUSBsklE
eL5JRHbLSURk2ElEYuVJRGbzSURe/0lEVgtKRFQYSkRRJUpEPzJKRD0/SkQ7TEpEM1hKRDFl
SkQkc0pEHH9KRBqMSkQYmUpEEKVKRA6ySkQSwEpECsxKRALYSkQA5UpE7fFKROv+SkTvDEtE
5xhLRN8kS0TSMktE2z5LRNlLS0TGWEtExGVLRLxxS0TAf0tEvoxLRLaYS0SjpUtEobJLRKq+
S0SXy0tEm9lLRJPlS0SL8UtEj/9LRIcLTESFGExEeCZMRHAyTERoPkxEbExMRGRYTERiZUxE
VnNMRE1/TERWi0xESZlMREGlTEQ/skxEPb9MRDvMTEQz2ExEIOVMRB7yTEQc/0xEFAtNRBgZ
TUQQJU1EDjJNRPs+TUT5S01E8VdNRPVlTUTtcU1E635NRN+MTUTXmE1E36RNRNKyTUTKvk1E
yMtNRLzZTUTE5U1EvPFNRLD/TUSoC05EpRhORKMlTkShMk5EmT5ORJ1MTkSVWE5Ek2VORIFy
TkR/f05EdotORHSYTkRypU5EcLJORGi+TkRczE5EVNhORFLlTkRP8k5ETf9OREULT0RDGE9E
QSVPRC8yT0QzQE9EK0xPRDNYT0QmZk9EHnJPRBx/T0QKjE9ECJlPRAClT0T+sU9E+75PRPnL
T0T32E9E5eVPRN3xT0Tb/k9E2QtQRNcYUETOJFBEzDFQRMo+UES+TFBEvFlQRLRlUESscVBE
qn5QRKiLUESlmFBEk6VQRJGyUESZvlBEjcxQRIXYUESD5VBEgfJQRH//UER2C1FEahlRRGIl
UURgMlFEWD5RRFxMUURUWFFEUmVRRE9yUUQ9f1FERYtRRDOYUUQxpVFEJLNRRC2/UUQrzFFE
IthRRBDlUUQO8lFE</AssayXData><AssayYData Points="300">CjTNPqO90D7ZhdI+RhfTPlPB0T59dNM++mTUPiZk0j5lM9M+bsDRPmDt0T4TDdM+oWPSPo3A
0z4/BNU+OmLQPi/Bzz44UtU+RRfSPsKe0j4KoNQ+RPnVPk+Z0z4Td9E+carRPi3f1D7/ndQ+
3S/UPvLD0z5/zNI+Qm3SPrM/1T5sAdQ+dw7TPu2c1D4fw9M+VfTTPrJq0z70U9E+wfnUPlOd
1D7Ak9M+5D3TPunk0z6/AtQ+yKTTPoWN1T7WL9M+jUrTPqHr0j6+xNA+qbPSPsX40j5DV9M+
W4HSPgfz0j4AltM+KvDSPqPm0z6D3dM++b7TPgfH1D5WOdU+TVTSPtiK0z6LhNM+Sy/SPuOl
1D7COdU+qVnUPhhq1D6OSdQ+JffSPtON1D5liNM+ZXPTPqkO1D5gktI+j0XSPm0B1D6HZtM+
LR/UPiqB0z4PUtU+5dfSPiPK1D6+D9M+P23TPnY91j5icdU+/VTRPvHZ1D5woNQ+7CDTPrpv
0j4PWtQ+IZfTPhZ61D68rNM+waXTPruR0z7qRdQ+cQfVPlMX0z52n9M+XRLTPr0q1D6rSNQ+
N2/SPhpA0z54jtY+rgXUPl940z6BhtM+kw7UPuGH0j4F3NQ+eKbTPr5p0j4HVdI+WiPVPj7a
0j5/d9Q+UB3TPmZA1T59ttI+84zTPtRf0j4Aa9Q+NavTPjY50j4nSdQ+3TPTPu4Z0z5ZrdI+
/9HSPmjo1D7kB9Q+qFLTPgzf0T4TXtQ+PGLUPlTB1D5ktdQ+wXHSPmX50z7VL9Q+iujSPmL7
1D5DDtM+p5TTPnRd1D7FP9Q+QC3TPtEz1D7sNdU+i9DSPrD90j5/CtQ+a1rVPnJl0j7fv9Q+
bpjUPuHQ1j6WXdI+wdbUPv4C0z5Ah9M+nSjVPtTH1D6skdU+o2DRPogL0j55W9U+WBnSPqJN
1T6KnNI+M9XTPijG0z4Zq9M+byPSPoVR1j4BQ9M+WKvTPi1N0z4e4NI+SozUPqG50z5X+dM+
qd/TPjw51D4m3NI+XzTTPhMF0z6zrNM+bAbUPneM0T5VRNQ+emfUPv2n0T7yHNM+cvjUPhtP
1D6IqdI+0NDSPneD0z79GtM+5KbTPtCk1D4oO9I+E0DXPjHV0z5IqNI+TgvUPlM/1D6IpdM+
V17VPg770z73HtY+cnTUPn/70z4H1tQ+PW3SPmP60T5potM+mLfSPhnW0z4YEdI+PlHSPuKO
0z4rHNY+1QfUPiog1D7CF9U+wpbTPgMY1T73QNU+1U3VPlt/0z4Th9Q+dNvSPqXA0z4wwdU+
zk7VPslj0z7M8NI+qQnWPnKb1T4ZXNY+y0XTPsDB0T5BENU+uhbUPgJ/0z5Jn9U+ctPSPkqW
1D5+ONQ+fQHUPjvD1D6y69M+sl3UPnkx1D4Dg9M+KZ7VPg+01T6dB9M+B9bTPmLH1D4f5dM+
3ifVPt7y1T7sQNQ+zivVPs2s0j4FgdQ+2brTPoVU0z7I4NI+wTrVPvyk1T4s2NU+LoPUPpT+
0j5wv9M+BNjTPuPG0z6DKdQ+3IHUPrW20j6xT9M+jdLVPnSc0z7yQdQ+p3rUPjbT1D6CmtI+
j8HUPqDB0j4MRtM+</AssayYData></Step><Step><CommonData><SampleLocation>11</SampleLocation><SampleID></SampleID><SampleGroup></SampleGroup><SampleInfo></SampleInfo><SampleRow>D</SampleRow><SamplePlate>1</SamplePlate><WellType>BUFFER</WellType><Concentration>-1</Concentration><ConcentrationUnits>µg/ml</ConcentrationUnits><MolarConcentration>-1</MolarConcentration><MolarConcUnits>µM</MolarConcUnits><MolecularWeight>-1</MolecularWeight><Temperature>25.6</Temperature><StartTime>2026253</StartTime><AssayTime>60</AssayTime></CommonData><FlowRate>1000</FlowRate><StepType>DISASSOC</StepType><StepName>Dissociation</StepName><StepStatus>OK</StepStatus><ActualTime>59.994</ActualTime><CycleTime>0.2</CycleTime><AssayXData Points="300">2/5RRMkLUkTRF1JExCVSRMIyUkS6PlJEuEtSRLZYUkSuZFJErHFSRKB/UkSXi1JEj5dSRJOl
UkSLsVJEib5SRH3MUkSF2FJEfeRSRHHyUkRo/lJEZgtTRGQYU0RiJVNEWjFTRE4/U0RFS1NE
Q1hTRDdmU0Q/clNEN35TRDWLU0QjmFNEIaVTRCmxU0Qdv1NEFMtTRBLYU0QQ5VNEDvJTRAb+
U0T6C1RE8hdURO8kVET0MlRE6z5URONKVETXWFRE32RURM1xVETRf1REyYtURMCXVES+pFRE
vLFURKq+VESoy1REpthURJ7kVESi8lREmf5URJcLVUSFGFVEgyVVRIsxVUR5PlVEd0tVRHVY
VURzZVVEcHJVRGh+VURWi1VEWplVRFKlVURKsVVETr9VREbLVURD2FVEQeVVRC/yVUQn/lVE
KwxWRCMYVkQhJVZEHzJWRAw/VkQUS1ZEAlhWRABlVkT+cVZE/H5WRPqLVkTyl1ZE5aVWRN2x
VkTbvlZE48pWRNfYVkTP5FZEzfFWRMv+VkS4C1dEwBdXRK4kV0SsMVdEqj5XRKhLV0SmWFdE
nmRXRKJyV0SJfldEh4tXRIWYV0SDpVdEe7FXRG6/V0R3y1dEZNhXRGzkV0Ra8VdEWP5XRFwM
WERUGFhEUiVYRD8yWEQ9P1hERktYRDNYWEQxZVhEL3JYRCd+WEQli1hEI5hYRBClWEQOslhE
DL9YRATLWEQI2VhEAOVYRP7xWETr/lhE6QtZROEXWUTlJVlE3TFZRNs+WUTZS1lE0VdZRM9k
WUS8cVlEun5ZRLiLWUSwl1lErqRZRKyxWUSgv1lEl8tZRJXYWUSN5FlEi/FZRIn+WUSHC1pE
hRhaRH0kWkR7MVpEbj9aRGZLWkRkWFpEYmVaRFpxWkRYflpETIxaREOYWkRBpVpEObFaRDe+
WkQ1y1pEOdlaRDHlWkQf8lpEFv5aRBQLW0QSGFtEECVbRA4yW0T8PltE+ktbRAJYW0TwZFtE
9HJbROt+W0TjiltE4ZdbRN+kW0TdsVtEy75bRMnLW0TA11tEvuRbRMLyW0S6/ltEuAtcRKYY
XESuJFxEnDFcRKA/XESXS1xElVhcRJNlXESLcVxEeX5cRH2MXER1mFxEbKRcRGqxXERovlxE
ZstcRFrZXERS5VxESvFcRE7/XERGC11EQxhdREElXUQvMl1ENz5dRDVLXUQpWV1EIWVdRB9y
XUQdf11EFItdRBKYXUQGpl1E/rFdRPy+XUT6y11E8tddRPDkXUTj8l1E2/5dROMKXkTXGF5E
zyReRM0xXkTAP15EyUteRMBXXkS+ZF5ErHFeRKp+XkSoi15EppheRJ6kXkSRsl5Eib5eRIfL
XkSF2F5Eg+VeRM3xXkR5/l5EbAxfRGQYX0RsJF9EYDJfRFg+X0RWS19EVFhfRFJlX0RKcV9E
PX9fRDWLX0QzmF9EN6ZfRC+yX0Qnvl9EK8xfRCPYX0Qh5V9EDvJfRAz/X0QEC2BECBlgRAAl
YET+MWBE9j1gROlLYETyV2BE32RgRN1xYETbfmBE04pgRMaYYETPpGBEzbFgRLq+YES4y2BE
sNdgRLTlYESs8WBE</AssayXData><AssayYData Points="300">VQi3PruItD52fLI+/+2xPgfsrz4nL7I+mVywPqpesj5yWLI+gROzPtlHsT5hHLI+j6uxPvWb
sz63/rE+aY+yPq6Isj5NvbE+b9+yPksnsD7mAbE+S8ywPtRzsD7wo7E+wOuxPtbNrj5PBbI+
J1qzPk0hsz6FobM+qUmxPrTOsD4oJ7M+YHWyPpONsj4Ek7E+Ic6wPvmXsT574rE+0XuyPlcg
sD4NE7Q+EteyPivFsT6la7E+5u6xPqrssT4NBLA+xVywPmlLsT61O7M+qC+0PvtVsT4ehLI+
z42yPgzesT6oG7A+6SKxPgaFsz7TxbE+RWaxPpi9sD4crbI+tDqyPpsEsz6ck7A+M8CxPpOI
sT4tgLE+/N6yPqUmsj5MfLI+J5GwPpZ4sD7+KLI+II+wPoE4sT6NcbE+7aKuPm0fsj7Eza8+
9gKxPs2NsT7ASbE+Y9uwPj+AsD7OA7I+y1SxPoIesD76vrA+eD2xPnShsT6thbI+nEmxPq24
rz6JCLA+30+xPrXssj7OnrM+ttCwPuUzsT51qq8+VZWuPk5rsT46SbE+X3CyPqoYsj4FDbA+
YOCwPjwYsD5O1rA+/6mzPkxrsT449rE+C7CwPlWIsD762LE+Hg6yPl0BsT525bE++WmxPreA
sj7CVrE+ziCxPucrsT6GW64+w8mvPpskrz5rDbI+B1WwPgTlsT4YfbI+sYGxPoKbrz4MvbE+
bg+yPlTVsj5KALE+RV2wPlussT4c7LA+EZyxPsussD6DFbI+XFyvPq6Gsj7sKbI+BfmwPner
sT7kebI+HbKxPqRFsT4LGrI+JeuxPiOdsT4ewbA+6IKvPlVWsD73ZbA+dkCxPr/Xrj4HjbE+
0RSyPjM+sT5fb7I+7MqvPoPQsD5dY7A+7i2yPvHlsT4mlrA+UV2wPqbKrz7i568+rx2vPu+a
sT65La8+kN6xPpNsrz7aJLA+mF6wPqfysT70V7E+Qv2wPpO6rz5tqLE+LoKxPi5msz5jVa8+
gyuvPm8IsT4Y+q4+75iwPopWsz6/rq8+XZKxPr5/sD7Nnq4+a86wPnBasz6YhLA+BDWwPsyQ
rz5FIq8+OZCvPrMXsj7EOLA+cqWuPuhqsD4TvLA+SiK0Pp9Arz7cf7A+I+uvPnFLsD6TV7A+
8ACvPuerrz7eJrA+JSKvPkLosD4lpK8+R12vPqjasD6a468+RQ2xPsWIsD6aZLE+kxWwPreA
sj78V7A+B6axPlKtrz40kLE+bNmwPkGNsD75l68+tMmvPjYRrz4HILI+s/mwPlmxsT7VMbE+
ayOwPqEQrz4mebA+gu+wPrtgsD6ylbA+XYGwPnhprz5YIa8+PYawPmQvrz7ls7A+ptSxPrTX
rz5TXLA+HauvPvuesD6iua8+byKuPmfirz7Qja8+mRyzPmxUsD4esq4+nwuwPo/dsD57jLA+
RXKuPud2rz57e7E+MHCvPv0EsT7uMrA+McCvPobBsD7orrE+A4SvPp8MsD5ltK4+GQGuPqkJ
sj6BPa8+dUGvPtS8sD4tE7A+KoCvPumisT7D9rM+fYuxPtSmrz4eyrE+M36xPmUCrz4eHbA+
wymvPgPRsD62trE+</AssayYData></Step></KineticsData></ExperimentResults>
