<?xml version="1.0" encoding="UTF-8" standalone="yes"?>
<ExperimentResults><ExperimentInfo Name="Experiment_1"><ExpDescription></ExpDescription><RTDVersion>2.0</RTDVersion><RunID>ADD89F71-78E5-44DB-A4BE-8AC57E322F2C</RunID><ExperimentType>KINETICS</ExperimentType><ExperimentSubType>KBASIC</ExperimentSubType><StartDateTime>2021-07-23T14:19:05</StartDateTime><MachineName>910SDZ1</MachineName><UserName>Labuser</UserName><LotNumber></LotNumber><PlateName>210723</PlateName><PlateName2></PlateName2><SensorName>D10</SensorName><SensorPlate>1</SensorPlate><SensorType>SA (Streptavidin)</SensorType><SensorRole>LIGAND</SensorRole><SensorInfo></SensorInfo><WritingSW>DataAcquisition.exe 8.2.0.9</WritingSW><InstrumentType>OctetRED96</InstrumentType><InstrumentFW></InstrumentFW><IntegrationTime>2.4</IntegrationTime><DSPType>CPF</DSPType><DSPStitching>1</DSPStitching><InfoHash>-1448020889</InfoHash></ExperimentInfo><AssayParamsInfo/><KineticsData><Step><CommonData><SampleLocation>1</SampleLocation><SampleID></SampleID><SampleGroup></SampleGroup><SampleInfo></SampleInfo><SampleRow>D</SampleRow><SamplePlate>1</SamplePlate><WellType>BUFFER</WellType><Concentration>-1</Concentration><ConcentrationUnits>µg/ml</ConcentrationUnits><MolarConcentration>-1</MolarConcentration><MolarConcUnits>µM</MolarConcUnits><MolecularWeight>-1</MolecularWeight><Temperature>25.6</Temperature><StartTime>2026253</StartTime><AssayTime>60</AssayTime></CommonData><FlowRate>1000</FlowRate><StepType>BASELINE</StepType><StepName>Baseline</StepName><StepStatus>OK</StepStatus><ActualTime>59.994</ActualTime><CycleTime>0.2</CycleTime><AssayXData Points="300">AAAAADvfTz4Ursc+UI0XPx+FSz/ufH8/FK6XP0a2sz/jpcs/y6HlP5zEAEBqvAxAXroZQFK4
JkAhsDJAFK4/QMuhTUCamVlAy6FlQIGVc0BQjX9AokWGQH0/jUCWQ5NAfT+ZQHe+n0A/NaZA
ObSsQDMzs0AtsrlAFK6/QPCnxkAIrMxAAivTQMuh2UDFIOBArBzmQKab7ECynfNAmpn5QIGV
/0CuRwNBokUGQR+FCUElBg1BGQQQQQwCE0H6fhZBBoEZQWq8HEFxPSBBZDsjQVg5JkFeuilB
UrgsQc/3L0EzMzNBsHI2QaRwOUEhsDxBnu8/QRsvQ0GYbkZB/KlJQQisTEFt509B6SZTQWZm
VkFaZFlB16NcQVTjX0HRImNBvp9mQbKdaUGmm2xBrBxwQSlcc0EdWnZBgZV5Qf7UfEEK139B
/KmBQfYog0G0yIRBc2iGQTEIiEErh4lBokWLQZzEjEFaZI5BVOOPQRKDkUHRIpNBSOGUQU5i
lkEAAJhBBoGZQbgem0F3vpxBNV6eQfT9n0GynaFBrByjQSPbpEEdWqZB2/mnQZqZqUFYOatB
UrisQcl2rkHP969BgZWxQT81s0H+1LRB+FO2QXsUuEF1k7lBJzG7QS2yvEHsUb5Bnu+/QSGw
wUEbL8NB2c7EQdNNxkGR7cdBRIvJQcdLy0HBysxBf2rOQXnpz0E3idFB9ijTQbTI1EFmZtZB
JQbYQR+F2UGiRdtBnMTcQVpk3kEZBOBBy6HhQcUg40FI4eRBQmDmQQAA6EH6fulBuB7rQXe+
7EHufO5B5/vvQaab8UFkO/NBXrr0QR1a9kHb+fdBjZf5QUw3+0EK1/xBBFb+QcP1/0Ed2gBC
oJoBQn9qAkL8KQNC1fgDQrTIBEKTmAVCc2gGQvAnB0LP9wdCCtcIQoeWCUJmZgpCRjYLQsP1
C0KixQxC46UNQmBlDkI5NA9CGQQQQpbDEEJ1kxFCtnMSQjMzE0ISAxRCj8IUQm+SFUJIYRZC
JzEXQgYBGEKDwBhCxaAZQp5vGkIhMBtC+v4bQtnOHEJWjh1CNV4eQnE9H0L0/R9C080gQqyc
IUIvXSJCCCwjQkoMJELHyyRCppslQn9qJkICKydC4fonQh3aKEKamSlCF1kqQlg5K0LV+CtC
tMgsQvCnLUJtZy5C8CcvQsn2L0KoxjBCh5YxQsN1MkJGNjNCw/UzQpzENEJ7lDVCWmQ2Qjk0
N0IZBDhClsM4QnWTOUKwcjpCLTI7QrDyO0Ls0TxCaJE9QkhhPkKDQD9CBgFAQoPAQEK+n0FC
O19CQhsvQ0L6/kNC2c5EQlaORUKRbUZCFC5HQu78R0LNzEhCrJxJQilcSkJqPEtC5/tLQsHK
TEJEi01Cf2pOQvwpT0Lb+U9CuslQQpqZUUIXWVJCUjhTQs/3U0Kux1RC8KdVQm1nVkLpJldC
KwdYQqjGWEKBlVlCw3VaQj81W0K89FtCnMRcQnuUXUJaZF5COTRfQhIDYEKPwmBC0aJhQk5i
YkItMmNCqvFjQuXQZEJokWVCSGFmQiEwZ0IAAGhCfb9oQlyPaUI7X2pCGy9rQlYObELTzWxC
Vo5tQpFtbkIOLW9C</AssayXData><AssayYData Points="300">AAAAAJvuC7xrazW8UgwYvMYvFrw/9B68Cwp4vJm5E7xc2AC8VxA5vEFxHrySj2e8J8Xyu1ls
3ru6wRC83PPMu9ptErwRRC+81IAAvN2NFLzUN4C7MTvXu+K+5bt5rCK8I4ESvDNXCrwlc+K7
2nQgvGP1IbzwgDq8SQEcvIHjq7s/ouG78s/cuwBSDbxMLq+7Sh0FvDdZALwTvSO8X92Zu8U4
K7w4OyG8+JAYvJ47GLw4w8e7UFknvKHCBbwFAc+7+XbTu0OM5LuLhtm7DgfGu02mlbs1u6u7
14v5u5eLHrzyZfS7zArIu0eB47tDPTO8h5mxu8YdrruBogy8y7LEu6wxB7xF8Z67j2MwvEQD
u7t5FQq8o4AMvANQPbtuuv+7d2YRvFiSWLyD1Mu7WMaau0LQkruO3Ju7vwoKvPyLlbtRt+m7
nsfAu7GOCbzwWga8hnhbuzynv7uXnvq7muyVu7UiE7x3D6K7X/RUu9ALELyVMam7kxOru9I9
4LvRQ/67sQjmu34Z/LsYEpO7H82iu6zGzLtOhbi7UVL5u245ArwYU2G7VYMNvPK2kbt+PI27
yNiFu7hyCLwn/ou7aH+3u0G5ZbtFsBy7n9AYvOGJ37v6c8S6yvJPu81m8rup0Yi7kB6Lu4o7
i7tqRo67VU+wuwNjzLttHsO7jrzsu+COmrur7DS6wLBOu0nC3rurHwG8COuwuyUecrsdZci7
YTj3u8Sjlbv6p/W7OuMWuxWgsLsVjh+8rN2TuzU4ybte98S75z2wu8AJMLxeRB+7gm7yu72z
r7tC5o+7oi9pu07rrrusr0S7nnd9uy25J7t6gn67uic1ux0C1bsUmA+8us8AvNbPpbvsbLq7
tNSyuz2Vt7un5Ay8xwQEvOBBwLsXoT67kzRRu5gGmrv+TZ+7XTiMu1KQmrssobO7C7uWur/p
S7tlTju7gGouu6sVart7aLa7cr2ju1M/lLuF4s67W+B0u/JNqrugS5u7AImVu17VB7vGKyy7
WmQeu5+H6rt9rbW7QhKXu44tP7s3JMO7QXgTvPWHh7o0JA+7jONvu9L3nrugRaa6RJFzu+jp
87uMd/a7nJx9u4g4cLvr56i7VRmxu6ggoLtItrC7xliAu9b+nDnYPm67R0awu7ykwrvSL8y7
KziQu/M5WrsUw1y7cdVru1U5ZbuDal67DP8BuZuMVDn5Pmu7/w2uu3uJ8ruZ8qG7KTN5u4Ex
E7zHwbS75uLQu7QLyLsyj5i7L81Au2RfkbtDNoe6OFRVu6Ihh7qvTGG712Bnu8eF67rVsXq6
NRVlu+dArLvNpbq7p+sWuz5KcbvXW6u7LyzVutOjPbtvwM+7r2+zuzSM1rvSBjW7FlCGu9El
U7vBBrS6adjWu3KKUbu7vDk7FC8ru7/tMLvBjo67wybPu3gGx7vIB+C61aVZumEcoDlCs426
0n1nu2Tc6LtqzSG7/mGDuq85YrvR76e7qvaau97Skjpc1rC7fwXMuoTkZ7tIfYi7eXWxuie+
bLv8NY66ujNJu1pmr7qlALq7HA2EuxuGgbsmHmW7B9XMu0CFqbtI+lK6qJ1yu8nEcTrQ65q6
41EPu6NFbrv0lIq7</AssayYData></Step><Step><CommonData><SampleLocation>4</SampleLocation><SampleID></SampleID><SampleGroup></SampleGroup><SampleInfo></SampleInfo><SampleRow>D</SampleRow><SamplePlate>1</SamplePlate><WellType>KLOAD</WellType><Concentration>-1</Concentration><ConcentrationUnits>µg/ml</ConcentrationUnits><MolarConcentration>-1</MolarConcentration><MolarConcUnits>µM</MolarConcUnits><MolecularWeight>-1</MolecularWeight><Temperature>25.6</Temperature><StartTime>2204497</StartTime><AssayTime>60</AssayTime></CommonData><FlowRate>1000</FlowRate><StepType>LOADING</StepType><StepName>Loading</StepName><StepStatus>OK</StepStatus><ActualTime>53.395</ActualTime><CycleTime>0.2</CycleTime><AssayXData Points="267">2/lvQli5cEKTmHFCFllyQu8nc0IxCHRCrsd0QiuHdUIKV3ZC6SZ3Qsn2d0IE1nhCgZV5Qv5U
ekI/NXtCHwV8QpzEfEJ7lH1CVGN+Qtcjf0Kw8n9CeWmAQjfJgEL2KIFCFpmBQtX4gUJBYIJC
YtCCQiEwg0IQmINCAACEQr5fhEKux4RCni+FQgqXhULJ9oVC6WaGQqjGhkKYLodCh5aHQvT9
h0I1XohCosWIQpEtiUKBlYlCcf2JQmBlikIfxYpCvDSLQqyci0Jq/ItCKVyMQkrMjEIILI1C
+JONQpUDjkJUY45CddOOQjMzj0Lyko9C4fqPQn9qkELAypBCfyqRQh2akULb+ZFCy2GSQrrJ
kkKqMZNCaJGTQgYBlEJIYZRCtMiUQqQwlUKamZVCUviVQnNolkIxyJZCITCXQt+Pl0J9/5dC
O1+YQivHmEIaL5lCCpeZQsn2mUJmZppCqMaaQhQum0IElptC9P2bQrJdnELTzZxCkS2dQoGV
nULu/J1C3WSeQpzEnkK8NJ9Ce5SfQmr8n0JaZKBCxsugQggsoUKmm6FCZPuhQlRjokISw6JC
AiujQvKSo0KPAqRCTmKkQj3KpEL8KaVC7JGlQtv5pULLYaZCN8mmQicxp0LlkKdCBgGoQsRg
qEK0yKhCpDCpQpSYqUJS+KlC8GeqQq7HqkKeL6tCXI+rQkz3q0I7X6xC2c6sQhovrUKHlq1C
d/6tQjVerkIlxq5CFC6vQgSWr0L0/a9Csl2wQh/FsEIOLbFC/pSxQu78sULdZLJCnMSyQoss
s0L4k7NCavyzQtdjtELGy7RChSu1QiObtUJk+7VCVGO2QsDKtkKwMrdCoJq3Ql76t0JOYrhC
Psq4QvwpuULskblCWPm5QnlpukI3ybpCJzG7QuaQu0LV+LtCxGC8QrTIvEIgML1CEJi9Qs/3
vUK+X75Crse+Qp4vv0IKl79CTPe/QrhewELZzsBCmC7BQoeWwUJ2/sFC5GXCQiXGwkLCNcNC
gZXDQnD9w0JgZcRCHsXEQg4txUKsnMVCavzFQoVrxkJKzMZCCCzHQviTx0KWA8hC12PIQpbD
yEKFK8lC8pLJQuH6yULRYspCwMrKQn8qy0JukstCDALMQsphzEK6ycxCqjHNQmiRzUJY+c1C
9mjOQrTIzkKqMc9ClJjPQlL4z0JCYNBC38/QQiAw0UIQmNFCff/RQr5f0kIrx9JCTDfTQgqX
00LI9tNC6mbUQqjG1EIULtVCNZ7VQvT91UKyXdZCosXWQpIt10KBlddCcP3XQt1k2EKcxNhC
ki3ZQkKg2UJq/NlCWmTaQsbL2kIILNtC+JPbQpYD3EJUY9xCEsPcQjMz3ULykt1C4frdQn9q
3kI+yt5CfyrfQuyR30Lb+d9CymHgQmjR4EKqMeFCaJHhQgYB4kLEYOJC</AssayXData><AssayYData Points="267">cIClu7I5dLoLNFq7/kJZOmE05bteyn67B8czu8HJijsFYdU7X53IO4TqAzwtQSY8laQDPBxi
dTzzCUU8l6FuPApwkTyQ+6c8bIOxPNDd1DzWZ9A8FLnFPKqN2Dwhydo8ntEWPZ5tBT28nCw9
KpwdPauSIT3E1jM9pf0xPc96Qz3Cc0U9QjlHPY9gRz02qF09h1JmPU9FXT3AW3E9GjR+PZUh
fz3WDYk9KHeCPaZWkT0cz5E9goCaPUdDkj1xa5k97S+cPcADpj2cxKM9nvOjPWeJrD0dZq49
Sr6xPf+2sz2chbM9Fa/EPav5uz1MC8w9wgDOPUGHzz3UYNM9Q/rYPWkt3j2smeQ9YArrPaEc
6z1FEfA9RpjuPRIX9j0h0fI9IhEAPszFAD6bdwM+xigAPvXDCD6S/gc+dEgLPs/SDD4c7A8+
+TIOPt4qFD6WQRI+EqsTPqOhFD5dyhg+HLsZPp7bHT5yOyE+NMshPlBFHz5IwiI+Lo8kPoZa
Kj5y1yo+3MMqPlMOLD4Vdy8+I5kwPiWhLz7T9DA+lNk0PgUAOT4/Zzo+uCpBPqluPz73ST4+
/DdCPqydQT7KW0Y+DBdFPtRlTD5zoEU+UwRLPrVLUz5+ZE0+koNQPq15Uj4+8lY+vHxYPq/3
WT6bjl0+lxJePsKFXz7VIl4+JPxePkbxYT77IWc+OVdpPkxwaj5iGG4+PaJvPph8bz4lUnE+
AjdxPpIdcj7J7Xc+I/h0PiB2ej6xUHo+gbl4PqeHez5rUoE+BkqAPuJ6gT6nXYE+2NGDPoMB
hj7p3oQ+/zmHPp2dhj48SYY+YqWJPmPciD42N4s+H4eLPj8ujT4Y0ow+p6iOPncdjT6EC44+
hCmPPoumkT4S3JE+BgaSPpDVkT7vfJM+UkOUPge7lD6r/ZU+8R2XPll1lz5OE5k+3dSaPqTl
mT7Isps+BOucPioEnj4gQ54+r7mePjeXnz6fa6A+yaqhPoSmoT49KaA+zsGiPuUFoz7A96M+
p2alPkLXpj7UM6Y+pzqnPm+QqD69nqk+yDeoPkD/qz5wKqg+bOmpPptwrD7Tyas+WSqvPsSC
rj4NBLA+CEewPgZUsj4gDbE+7LWzPiwptj6YW7U+rI+1Pqcltz6O+rc+TZ+2PtH+tj6Murk+
bMa6PoJcuj4XPrk+pzq8Pp8JvD5VFLw+/Nm+PvL2vj4nR70+gJ7BPqBuwT7FzMM+lnzBPv81
wj6su8E+GIrEPse/xD4rx8Q+kPDGPi5zxj5bz8U+PeDGPje0xz5rLMw+wFHJPjj8yj4Bas0+
qsDMPsOxzD7PQM8+GI/PPp8mzj7YJs8+3w3QPg030D79E9E+TKjSPj4B1D5pm9M+hHPUPgUo
1j7KVdY+yzfVPvCr1z4/ytc+2THWPvwX2D6LiNk+Y+vZPuhg2j4XuNw+</AssayYData></Step><Step><CommonData><SampleLocation>1</SampleLocation><SampleID></SampleID><SampleGroup></SampleGroup><SampleInfo></SampleInfo><SampleRow>D</SampleRow><SamplePlate>1</SamplePlate><WellType>BUFFER</WellType><Concentration>-1</Concentration><ConcentrationUnits>µg/ml</ConcentrationUnits><MolarConcentration>-1</MolarConcentration><MolarConcUnits>µM</MolarConcUnits><MolecularWeight>-1</MolecularWeight><Temperature>25.6</Temperature><StartTime>2267272</StartTime><AssayTime>60</AssayTime></CommonData><FlowRate>1000</FlowRate><StepType>BASELINE</StepType><StepName>Baseline</StepName><StepStatus>OK</StepStatus><ActualTime>60.01</ActualTime><CycleTime>0.2</CycleTime><AssayXData Points="300">KsfiQugm40LYjuNCyPbjQmVm5EKnxuRCEy7lQlWO5ULC9eVCsV3mQqHF5kKQLedCgJXnQj71
50LcZOhCm8ToQoos6UJ6lOlCavzpQihc6kLGy+pCByzrQveT60Iy8+tCIlvsQhHD7EIyM+1C
8ZLtQl367UJNYu5CjsLuQvsp70Lqke9C2vnvQsph8EKIwfBCeCnxQuSQ8UIFAfJCxGDyQrPI
8kJyKPNCYZDzQlH480JAYPRCrcf0Qmwn9UJbj/VCfP/1Qjpf9kIqx/ZCGi/3QoaW90LI9vdC
ZWb4QiTG+EIULvlCA5b5QsL1+UKxXfpCT836QpAt+0L9lPtC7Pz7Qqtc/EKbxPxCiiz9QveT
/UI49P1C1mP+QsbL/kKEK/9CdJP/QmP7/0KqMQBDiWEAQz+VAEM3yQBDL/0AQyYxAUMGYQFD
/pQBQ8zMAUOs/AFDozACQ5tkAkN6lAJDcsgCQ0EAA0NiMANDQWADQzmUA0PvxwND5/sDQ/cz
BEPWYwRDzpcEQ67HBEOl+wRDnS8FQ1RjBUNLlwVDKscFQzv/BUPxMgZDEmMGQ8iWBkPAygZD
n/oGQ5cuB0OnZgdDh5YHQ2bGB0M1/gdDVi4IQwxiCEMcmghD+8kIQ/P9CEOqMQlDymEJQ8KV
CUN4yQlDcP0JQ08tCkNgZQpDP5UKQzfJCkMv/QpD5TALQwZhC0O8lAtDtMgLQ6z8C0OLLAxD
m2QMQ3qUDENyyAxDKPwMQyAwDUMYZA1DEJgNQ+/HDUPn+w1DtjMOQ5VjDkO2kw5DhcsOQ2T7
DkNcLw9DKmcPQ0uXD0Mqxw9D+f4PQ9kuEEPQYhBD4ZoQQ8DKEEOf+hBDly4RQ49iEUNFlhFD
PcoRQzX+EUMULhJDDGISQwSWEkP8yRJD2/kSQ6oxE0OJYRNDgJUTQ5HNE0Nw/RNDTy0UQx5l
FEM/lRRD9cgUQwYBFUPlMBVDxGAVQ9SYFUO0yBVDavwVQ2IwFkNaZBZDOZQWQzHIFkMo/BZD
IDAXQxhkF0POlxdDrscXQ6b7F0OdLxhDlWMYQ3STGENsxxhDZPsYQzMzGUMqZxlDCpcZQ+nG
GUPh+hlD2C4aQ9BiGkOHlhpDfsoaQ176GkNuMhtDTWIbQ0WWG0M9yhtDNf4bQxQuHEPjZRxD
wpUcQ7rJHEOZ+RxDqjEdQ8phHUNYmR1DN8kdQy79HUMOLR5DBmEeQ/6UHkP1yB5D7fweQ+Uw
H0PEYB9DepQfQ3LIH0Nq/B9DYjAgQ1pkIEM5lCBDCMwgQ+f7IEPfLyFD1mMhQ86XIUOuxyFD
fP8hQ50vIkNUYyJDS5ciQyrHIkMi+yJDMzMjQxJjI0MKlyNDwMojQ+H6I0OXLiRDj2IkQ4eW
JEN+yiRDXvokQ1YuJUNNYiVDBJYlQ/zJJUPz/SVD0i0mQ+NlJkPClSZDuskmQ3D9JkORLSdD
R2EnQ1iZJ0M3ySdDLv0nQyYxKEMGYShD/pQoQ8zMKEOs/ChDozApQ5tkKUN6lClDcsgpQyj8
KUMgMCpDGGQqQxCYKkPvxypD5/sqQ7YzK0PWYytDzpcrQ2zHK0Nk+ytDXC8sQ1RjLENLlyxD
KscsQyL7LEPxMi1D</AssayXData><AssayYData Points="300">BefnPqyo6T5y4+k+qSnsPoLc6z5jJeo+FnvrPo0B7D7bwuo+nsDqPra87D7ob+o+3pfqPjqq
7j6hves+qx/sPkC87D74uOo+KxrqPpM07D4Nveo+tB7tPrLg6j5UFuw+wd/oPvtM6z6w9uo+
7ojrPsPQ6z6fYOk+WjDsPs6C6j63bes+oafsPpk06T4Z+eg+xeLrPt7D6T7CZ+0++lLpPomY
7D6BeOo+iKDqPhGZ6T7UqOo+RL3pPjMR6z5NIug+VZ7nPilN6z5lTeo+j7bpPkzr6D6jf+k+
I5boPlZV5z7Lfek+DNXqPqSv6T4id+k+vfzoPtWA6D6Vm+o+yz/qPjhf6j60iek+UILoPiSm
6T7zBek+ViroPs4W5z6FV+g+qoroPsq55z67Oek+ls7pPrpV6D4wmug+yBvpPuX86D4dUuc+
icjoPrqm5z5ysec+KKjoPiT/5z6Qd+g++ZvoPsZP6T4JsOk+Z9PoPhT66T7Hfuc+Cj/pPj4i
6D701eY+gE3oPqUk5z6uTeg+de7nPobG5T7XHOk+J9HoPhCw5z7N5uk+7x3nPsoQ6T4vvug+
5ArnPpIQ6D6yfOk+GFTnPiKh5z4jFeY+DwPoPjCC5j791ug+itHnPrAm5z4jJ+c+n5DmPoOt
5z4AeOk+FrjmPtD25T4aTOc+Sm7pPsuF6D6k+ec+2BvlPrvq5T66QOY+FNjlPjfZ5j4kM+c+
CD3nPktH5j4ZW+U+Av7jPuUQ5j5+veQ+8ZzmPnZz5j6hjuc+VePmPr6X5D5aquY+y/XlPnLc
5j5hs+Y+tC3kPjiZ5D5oruU+0m/kPkWg5T4GIOU+RHnlPorm5T5iPOc+Ob3mPnci5j4HlOQ+
4cnlPmfg5T4z9OU+wsbkPqwJ5T5b5eM+cU7kPgiH5T6X4OU+ybvlPsW95D7QIOY+NeDlPu97
5j6Fk+Q+2+TkPkVO5D5GKOc+uCnlPtev4z4wgOM+oHHmPljK5T7VKuY+hiHlPuI35j5mbOU+
u0blPv6Z5T6oXOY+UUblPqLH5D4ySuc+ASTjPv0Y5T7NzuU+UDrkPjrO4z7f7OU+L8nkPn/p
5T4dL+Q+dUvjPhY54j6VoOI+LjjkPuMe5D7LfuQ+IT/kPkMu5T79KuQ+rOXjPmSc5j54seQ+
8hHlPvOF5D731eM+SxLlPh9G4z7x8+Q+OIrkPpWy5D5K+eI+gpHjPjvm5D4jJOQ+O2LkPsGY
4z4xo+Q+McrkPgXb4z4AKOU+2LDiPjmU4j4wZuQ+jb3kPvG74z4cReM+gHDiPpVL5T4MmOI+
0/niPjKO4z4FUOM+uDPlPqW/4z4SaeM+J9/jPr5n4j6UEuQ+JNfiPgtY5D438eI+YsjiPuhw
4z4iA+U+OfjiPq1f4z5eDOI+Q0TjPnbH4j5rxuM+5FDjPmVH4j6uAeM+mz/jPu7i4T7j5+E+
GAniPmSa4j4jRuM+VvnhPof05D447eE+9PDjPl4d4T5HhuE++PjhPkiM4z7v6+I+VuTjPsY0
4z6wpOI+YU3hPmpH4T6sxuI+05TiPhNU5D5cBeE+7MHiPmxb5D5noOA+C6XjPs2K4j45JOM+
3h/jPj6y4z7Tr+E+</AssayYData></Step><Step><CommonData><SampleLocation>5</SampleLocation><SampleID></SampleID><SampleGroup></SampleGroup><SampleInfo></SampleInfo><SampleRow>D</SampleRow><SamplePlate>1</SamplePlate><WellType>KSAMPLE</WellType><Concentration>-1</Concentration><ConcentrationUnits>µg/ml</ConcentrationUnits><MolarConcentration>3.125</MolarConcentration><MolarConcUnits>µM</MolarConcUnits><MolecularWeight>-1</MolecularWeight><Temperature>25.6</Temperature><StartTime>2334008</StartTime><AssayTime>60</AssayTime></CommonData><FlowRate>1000</FlowRate><StepType>ASSOC</StepType><StepName>Association</StepName><StepStatus>OK</StepStatus><ActualTime>59.995</ActualTime><CycleTime>0.2</CycleTime><AssayXData Points="300">JGYtQxyaLUM9yi1D8/0tQ+sxLkPiZS5D2pkuQ9LNLkOx/S5DaDEvQ3hpL0OZmS9DT80vQy79
L0MmMTBDHmUwQxaZMEPMzDBDq/wwQ6MwMUOzaDFD1JgxQ4rMMUNBADJDYTAyQxhkMkMQmDJD
B8wyQ///MkP3MzND1mMzQ86XM0OdzzNDfP8zQ3QzNENTYzRDS5c0Q0PLNEM7/zRD8TI1Q9Bi
NUMJlzVD2M41Q7f+NUOvMjZDp2Y2Q4aWNkN+yjZDTQI3QywyN0MkZjdDHJo3Q/vJN0Pz/TdD
wjU4Q6FlOEOZmThDkc04Q3D9OENoMTlDX2U5Q1eZOUMOzTlDBQE6Q+QwOkPcZDpDq5w6Q8zM
OkOr/DpDozA7Q1lkO0OTmDtDYdA7Q0EAPEMgMDxD72c8Q+ebPEMHzDxDvv88Q7UzPUOVYz1D
jJc9Q53PPUN8/z1DWy8+QypnPkNLlz5DAcs+QxIDP0PxMj9D6WY/Q8iWP0PAyj9DuP4/Q4Y2
QENmZkBDRZZAQ1XOQEM0/kBDLDJBQ+JlQUPamUFD+8lBQ7H9QUOpMUJDoWVCQ5mZQkOQzUJD
cP1CQyYxQ0MeZUNDFplDQw7NQ0MFAURD5DBEQ9xkREOrnERDisxEQ2r8REN6NEVDWWRFQ1GY
RUMg0EVDQQBGQyAwRkPWY0ZDzpdGQ8bLRkO+/0ZDtTNHQ5VjR0Nkm0dDQ8tHQzr/R0MyM0hD
KmdIQwmXSEMaz0hD0AJJQ68ySUPQYklDn5pJQ37KSUN2/klDRTZKQ2ZmSkNFlkpDFM5KQ/P9
SkPrMUtD+2lLQ9qZS0O6yUtDiAFMQ6kxTENfZUxDV5lMQ0/NTEMu/UxDPzVNQx5lTUMWmU1D
Ds1NQ8QATkOjME5Dm2ROQ5KYTkOKzE5DavxOQzg0T0MYZE9DUZhPQwfMT0P//09D3i9QQ9Zj
UEPOl1BDxstQQ5UDUUN0M1FDU2NRQ2SbUUNDy1FDOv9RQzIzUkPoZlJDCpdSQ9jOUkO4/lJD
rzJTQ45iU0OfmlNDfspTQ3b+U0MsMlRDJGZUQxyaVEP7yVRD8/1UQ+sxVUOhZVVDmZlVQ7rJ
VUNw/VVDaDFWQ2BlVkNXmVZDT81WQy79VkP9NFdD3GRXQ9SYV0PMzFdDxABYQ6MwWENyaFhD
kphYQ0nMWENBAFlDODRZQxhkWUMQmFlDB8xZQ77/WUO2M1pDrWdaQ86XWkOdz1pDfP9aQ3Qz
W0NTY1tDS5dbQ0PLW0P5/ltD8TJcQ+hmXEMKl1xD2M5cQ7j+XENuMl1DZmZdQ4aWXUM8yl1D
TQJeQywyXkMkZl5DHJpeQ9LNXkOx/V5DwjVfQ6FlX0OZmV9DkM1fQ3D9X0NoMWBDYGVgQxaZ
YEMOzWBDBQFhQ+QwYUPcZGFD1JhhQ8zMYUOr/GFDozBiQ1lkYkNRmGJDScxiQ0EAY0P3M2ND
GGRjQ+abY0PGy2NDvv9jQ7YzZEOVY2RDjJdkQ1vPZEM6/2RDMjNlQypnZUNLl2VDActlQ9AC
ZkPxMmZDp2ZmQ8iWZkN+ymZDdv5mQ24yZ0NmZmdDRZZnQzzKZ0M0/mdD6zFoQ+JlaEPamWhD
usloQ7H9aEOpMWlD</AssayXData><AssayYData Points="300">FxwEP10nCT/xBgs/DXUMPwlJDT9u5gw/q74MPzndDD8iCw0/GsENPy7qDT8imww/1rQMP1Cm
DD+j2Aw/XHkMPyipDD+jwQw/hZsNP/2KDT9YIQ0/yXsNP09XDT95Xg0/YcYMPxRxDD89NA0/
PsENP6jLDT9wSA0/v08NPz/EDD/BJw0/DjAMP9VbDT8Hkw0/00kNP+nSDT+Ylgw/t9UNPzC5
DT95QQ0/v74MP7DCDD9Fag4/o4oNPxwiDT8tsQw/lLEMP9YbDT+A/Aw/XFEOP9KNDT9qVA4/
T0UNP69PDT8p8A0/OtUNP3UjDT9a/ww/sssMP6XnDD8Pjgw/IP0MP36NDD9yPQ0/G+8NP9aY
DT8hsww/yC8NP5fjDD+QQg4/G1ENPzYTDT8dPA0/R6kNPwPGDT+C+g0/gjcNP+qeDD9/8As/
8aQMPxQuDT9R5ww/ZagMPzuvDD8pbA0/jKgMP33PDD+/7Qs/KWQMP5VYDD9UIA0/bTANP1ey
DT8ibgw/VqsMP90kDT+ESgw/tzoOP+NtDD+yBw0/W7cMP2nADT9FOg0/jmAMPxMWDT8c4Q0/
JpwLP54bDT+iJww/JCkNP5x5DT/RBA0/miQNP/LoDD+LwQw/P2gMP7VaDD/d0ww/ipcNP4D+
Cz+O3gw/8Z4MPwp1DT9WdQ0/TZAMPwlKDT8K8Aw/X+YLP132DD+Gxgw/gv8MP/CTDD9FIQw/
dJAMP5LkCz9C3ws/tHEMPwjaDD+lUg0/BYsMPzCbDT9XKw0/kDYNP5bbDD++Qww/PFoMPzMV
DT/BsAw/JkAMP6YcDT8JkAw/JNoNP74/DT8/hAw/+hMNP04SDT9hkw0/xgYMP8JEDT+jjAw/
QroLP8PNDT/Uogw//2UMP0szDD/Vrg0/FLsLPytmDD9vBQw/6rEMPzbEDD8t1ww//xUNP57t
Cz+sHgw/je0LP0RfDD8vKgw/qKEMP4StDD8VKww/Ul4MP4YvDD8ZvAw/yfkMP8FPDD+3qww/
DuYLP9kJDT+T4ww/no0MP2I1DT9GTgw/GTYNPxh6DD9z+As/bhQNPyo5DD8cvgs/6ugMPzM6
DD/Zegw/IIMMP5rSDD9RoAs/bm8LP1QxDD+eLQw/kikMP5c7DT+wIgs/wPkKP1MKDD+YKQ0/
6gUNP1x0Cz9emws/ZwsNP4QwDD99bQw/cN0LPx+CCz80gQs/FqwMP6XPCz9n8As/I2QMP2pX
DD8CqQs/IDUNP+AZDD/qIQw/VCwMP8+BCz+yXAw/H+QLP3vQCz9X4Qs/RCkMP8ezCz9Scgw/
uJ0LP6NCDD/Zzgs/HDwMP2k6DD+pows/5F4LP7roCz8RIAs/hfAKPw0JCz8jzgw/XSYMP9T7
DD/p1gs/fKcMPxAnDD+9iww/cB0LP65oDD+0pws/FnULPxzfDD9Rhwo/fBwMP2G1Cz9mYws/
3MsLPzzOCz9xRgs/OlALP5YUDD/gNQw/avELP2ghCz/gxAs/orALP3HlCz8YoAw/7JALPymu
Cz8jbws/XW8MP9MUDD/Dzws/kdILP80PDD+gxQs/mbALP/m8DD9tfgs/3skKP/kACz8FYQs/
pxkMP7lwCz+7qws/</AssayYData></Step><Step><CommonData><SampleLocation>1</SampleLocation><SampleID></SampleID><SampleGroup></SampleGroup><SampleInfo></SampleInfo><SampleRow>D</SampleRow><SamplePlate>1</SamplePlate><WellType>BUFFER</WellType><Concentration>-1</Concentration><ConcentrationUnits>µg/ml</ConcentrationUnits><MolarConcentration>-1</MolarConcentration><MolarConcUnits>µM</MolarConcUnits><MolecularWeight>-1</MolecularWeight><Temperature>25.5</Temperature><StartTime>2400698</StartTime><AssayTime>60</AssayTime></CommonData><FlowRate>1000</FlowRate><StepType>DISASSOC</StepType><StepName>Dissociation</StepName><StepStatus>OK</StepStatus><ActualTime>59.994</ActualTime><CycleTime>0.2</CycleTime><AssayXData Points="300">3WRpQ9WYaUO0yGlDrPxpQ3s0akObZGpDUphqQ0rMakMp/GpDITBrQ+9na0MQmGtD78drQ77/
a0OeL2xDlWNsQ2SbbEOFy2xDZPtsQ1wvbUMSY21DCpdtQxrPbUP6/m1D2S5uQ6hmbkPJlm5D
f8puQ3f+bkNuMm9DTmJvQ16ab0MUzm9DNf5vQ+sxcEPjZXBDBJZwQ7rJcEPLAXFDqjFxQ4lh
cUNYmXFDeclxQy/9cUM/NXJDH2VyQ/6UckMOzXJD7fxyQ+Uwc0PdZHNDk5hzQ7TIc0Nq/HND
YjB0Q1pkdENSmHRDSsx0Qyn8dEPfL3VD12N1Q8+XdUOux3VDvv91Q50vdkOVY3ZDZJt2Q0PL
dkMj+3ZDMzN3QxJjd0MKl3dD2c53Q7j+d0PZLnhDqGZ4Q6CaeEN/ynhDd/54Q24yeUNOYnlD
HZp5Q/zJeUPz/XlD6zF6Q+NlekPClXpDkc16Q7L9ekNoMXtDR2F7Qz+Ve0M3yXtDL/17Qycx
fEMfZXxD/pR8Q83MfEOs/HxDpDB9Q5tkfUOTmH1Dc8h9Q0EAfkMhMH5DGGR+QymcfkMIzH5D
5/t+Q/gzf0PXY39DjZd/Q4XLf0N9/39DrheAQ7YzgEOlS4BDoWWAQ5F9gEN4mYBDibGAQ4TL
gENg5YBDXP+AQ0sXgUNHMYFDQ0uBQz9lgUMaf4FDFpmBQwaxgUMOzYFD/eSBQ/n+gUP1GIJD
0DKCQ8BKgkPIZoJDuH6CQ7SYgkOwsoJDi8yCQ5vkgkOCAINDchiDQ24yg0NqTINDWmSDQ1V+
g0NRmINDLLKDQyjMg0Mk5oNDFP6DQxAYhEMMMoRDCEyEQwRmhEPzfYRDzpeEQ8qxhEPGy4RD
wuWEQ7L9hEOuF4VDlTOFQ6VLhUOAZYVDfH+FQ2yXhUNosYVDT82FQ2DlhUM7/4VDSxeGQyYx
hkMiS4ZDKmeGQxp/hkMWmYZDBrGGQwLLhkPd5IZD2P6GQ9QYh0PQModDwEqHQ7xkh0O4fodD
k5iHQ4+yh0N+yodDeuSHQ2IAiENyGIhDbjKIQ0lMiENFZohDNX6IQz2aiEMssohDKMyIQwTm
iEMU/ohDEBiJQ+sxiUPnS4lD42WJQ99/iUPOl4lDyrGJQ7LNiUOh5YlDsv2JQ40XikOJMYpD
hEuKQ2xnikN8f4pDbJeKQ0exikNDy4pDP+WKQzv/ikM3GYtDJjGLQyJLi0MKZ4tD+X6LQ/WY
i0PxsotD4cqLQ93ki0PEAIxD1BiMQ8QwjEOsTIxDm2SMQ5d+jEOTmIxDj7KMQ37KjENm5oxD
Vf6MQ1EYjUNNMo1DSUyNQzlkjUM1fo1DMJiNQwyyjUMIzI1DBOaNQ/P9jUPvF45D6zGOQ+dL
jkPCZY5Dvn+OQ66XjkOpsY5Dss2OQ6HljkOR/Y5DmRmPQ4kxj0OES49DbGePQ1x/j0NLl49D
R7GPQ0PLj0M/5Y9DO/+PQxYZkEMGMZBDDk2QQ/1kkEP5fpBD9ZiQQ9CykEPhypBDyOaQQ8QA
kUO0GJFDozCRQ6xMkUObZJFDl36RQ36akUNuspFDXsqRQ2bmkUNV/pFDURiSQzk0kkNJTJJD
GGSSQyCAkkMQmJJD</AssayXData><AssayYData Points="300">s3/1PlLl6j4DYuQ+j6jgPiF03z6zSN8+rPLePvbR3j662N0+r6zfPhXM3T5uNN0+Kb/cPsYQ
3j6FLuA+Zl7dPuBd3T4Vsdw+PzzePrma3j4p8d4+g1XePoo+3z58K90+g/fdPobf3j4xCd0+
PJjdPnNO3j5itd4+EG/dPgMx3j62ft4+e3rePhPH3T6okt4+KovePmmi3T7mQtw+HUXdPs89
3T5yid8+1svdPv+q4D5ont0+dYvePtOV3j6rpN0+EaPePpKC3j4IId0+9knePln93T6FMdw+
/AnfPhxU3j5kkdw+VpfdPgKx3j4Hit4+yeHcPpjT3T4ubt0+lQrcPnbY3D5e594+CRvePioL
3j6JD90+rTHfPs+i3T4awd0+/b3cPrqI2z5jEt4+3LnePtkL3j7RxNw+y27dPquq3D5apd8+
acDdPvPC3z6O29w+kR/ePi6s3j69Ht8+Ty/dPplO3T7kq9s+IPLdPjf03T43WNw+kVbdPs4B
3T766dw+NFLcPuWB3D4tyt4+1MnePpUf3j67et0+pi/dPjp23D4TBt4+Fb/cPi3/2z4jst0+
32LdPhhh3T4X0d0+xPfcPoNW3D4imN0+A0vcPs5q3T4Mi94+Yz3dPqdC3D7W0do+1k7dPtlI
3j4AP90+NKvcPkyh3D5P1dw+DEPcPj2g3D6B8ds+FETcPjTR3D6/0t0+l1XePsqP3D78xNw+
x0TePhlS3T4Frdw+9wzdPh653D4mAt0+FJzbPr8r3T5KNNw+sGHaPr4F3D40Htw+42/ePr7s
3D4gPN0+HX7bPp1g3T60Fdw+RUfcPkvg3D6TKdo+QALbPqs/2z7/Jds+k/LbPiZx2z5evNw+
LQPbPs2B3T6Dltw+UBDdPjkA3D7Rnts+nu/dPvbh3j5vM94+P1vbPmR+2z5j89o+JkHcPpi6
2z6F+ds+NEHbPima3T5hy9s+ktTaPrdS3D6zh9o+6VHbPiHP3T41ddo+Ye7dPjnt3D5xm9o+
aK7dPhF+2j6BUdw++6DcPu4M3D59Fts+lXPcPklS2z7Qsto+V1rbPjTH3D6GNNs+4gfbPhXE
2z4ObN0+8W7cPkDD2z7Nk9s+IhLcPssj3D6oDNw+T5DcPgwE2j5Ejtw+vP3YPiMp2j6/x9w+
XHjcPhMH3D4wk90+Z7bcPo432z7wL9s+W1PbPniz2z7DFto+2tbcPlb/2T7bbtk+X5jcPu+w
2z6XMNo+kZXaPjyM2z6Ah94+UnPcPtAv2j4xjtw+PzHcPtWl3D7obtw+x53aPkmH2z4EAds+
AN3ZPg/E3D6KDts+G/fcPu3h2j6xMds+eVjaPqBp2z7kY9w+RSTcPujL2j6Usds+m5jaPvfd
2z5U7tk+c/3aPk5s2z6+r9o+V+vaPiUu2z6wYds+a6nbPsIG3D75mN0+lDfbPhUA2z4Wwtk+
GEbcPhPo2z410tk+T3XcPlAe2j5dRds+9wrZPhIs2j5zU9w+TbfcPiWo2z5PFNw+sonaPiOz
2T7Uets+NCDbPk862j4A0ts+NvHZPk+l2j4GeNs+ou7aPvcJ2z7A4to+PUDbPnpS2j5QEts+
OjvaPnEK2z5Xods+</AssayYData></Step><Step><CommonData><SampleLocation>6</SampleLocation><SampleID></SampleID><SampleGroup></SampleGroup><SampleInfo></SampleInfo><SampleRow>D</SampleRow><SamplePlate>1</SamplePlate><WellType>KSAMPLE</WellType><Concentration>-1</Concentration><ConcentrationUnits>µg/ml</ConcentrationUnits><MolarConcentration>6.25</MolarConcentration><MolarConcUnits>µM</MolarConcUnits><MolecularWeight>-1</MolecularWeight><Temperature>25.5</Temperature><StartTime>2467965</StartTime><AssayTime>60</AssayTime></CommonData><FlowRate>1000</FlowRate><StepType>ASSOC</StepType><StepName>Association</StepName><StepStatus>OK</StepStatus><ActualTime>59.994</ActualTime><CycleTime>0.2</CycleTime><AssayXData Points="300">qrGSQ4XLkkOB5ZJDff+SQ20Xk0NoMZNDZEuTQ2Blk0NQfZNDK5eTQyexk0Mjy5NDH+WTQxv/
k0MKF5RD8jKUQ+FKlEPdZJRD7nyUQ8mWlEPFsJRDzcyUQ6jmlEOY/pRDqBaVQ4MwlUN/SpVD
e2SVQ3d+lUNzmJVDYrCVQ0rMlUM55JVDNf6VQzEYlkMtMpZDHUqWQwRmlkMUfpZDEJiWQwCw
lkPbyZZD1+OWQ9//lkPPF5dDyzGXQ7pJl0O2Y5dDsn2XQ42Xl0OJsZdDhcuXQ3Xjl0Nx/ZdD
bReYQ0gxmENES5hDQGWYQy99mEO6mZhDM7OYQyPLmEP+5JhD+v6YQ+oWmUPyMplD4UqZQ/5k
mUPZfplDyZaZQ8WwmUOszJlDnOSZQ7j+mUOHFppDjzKaQ39KmkNmZppDVn6aQ1KYmkNOsppD
PcqaQznkmkM1/ppDEBibQxk0m0MdSptDBGabQ/R9m0Pwl5tD7LGbQ+fLm0PX45tDvv+bQ64X
nEOqMZxDpkucQ4FlnEORfZxDeZmcQ4mxnENky5xDYOWcQ1D9nENMF51DSDGdQ0RLnUMzY51D
G3+dQwqXnUMGsZ1DDs2dQ/7knUP6/p1D6haeQ+UwnkPASp5DvGSeQ7h+nkOolp5DpLCeQ6zM
nkOc5J5Dd/6eQ3MYn0ODMJ9DXkqfQ2Zmn0NWfp9DRpafQy2yn0M9yp9DWuSfQ8sBoEMQGKBD
DDKgQwhMoEP4Y6BD9H2gQ/CXoEPLsaBDusmgQ7bjoEOy/aBDrhehQ6oxoUOmS6FDlmOhQ3F9
oUNtl6FDaLGhQ1jJoUNg5aFDUP2hQ0wXokMzM6JDI0uiQx9lokMbf6JDCpeiQwaxokPuzKJD
3eSiQ+78okPVGKNDxTCjQ8BKo0OoZqNDuH6jQ6iWo0OksKNDf8qjQ3vko0N3/qNDcxikQ2Iw
pENKTKRDWmSkQ1Z+pEMxmKRDLbKkQx3KpEMZ5KRDFP6kQxAYpUMAMKVD6EulQ9djpUPTfaVD
25mlQ8uxpUO6yaVDouWlQ7L9pUONF6ZDiTGmQ4VLpkN1Y6ZDfX+mQ2yXpkNosaZDRMumQ0Dl
pkMv/aZDKxenQycxp0MjS6dDH2WnQ/p+p0PqlqdD8rKnQ+7Mp0Pd5KdDzfynQ7QYqEPlMKhD
wEqoQ6hmqEOYfqhDh5aoQ4+yqEN/yqhDe+SoQ1b+qENSGKlDYjCpQ0pMqUM5ZKlDNX6pQzGY
qUMtsqlDHcqpQwTmqUP0/alD8BeqQ98vqkPbSapD12OqQ75/qkPPl6pDqrGqQ6bLqkOW46pD
kf2qQ40Xq0OJMatDhUurQ3Vjq0Ncf6tDTJerQ0ixq0NEy6tDQOWrQy/9q0MWGaxDBjGsQwJL
rEPyYqxD7nysQ+qWrEPysqxD4cqsQ7zkrEO4/qxDtBitQ6QwrUOgSq1DnGStQ5h+rUOHlq1D
g7CtQ17KrUNm5q1DVv6tQ0YWrkNOMq5DSkyuQzlkrkMUfq5DEJiuQwyyrkP8ya5DBOauQ/T9
rkPwF69DyzGvQ8dLr0O2Y69Dvn+vQ66Xr0Oqsa9DmsmvQ5bjr0OR/a9DeRmwQ2gxsENkS7BD
YGWwQ1B9sENMl7BD</AssayXData><AssayYData Points="300">8qsOP8okFT90Whc/hWAYP9sHGT/2Chk/7s0YPw5JGj+rShk/SQcZP97IFz+zKhk/kKoZP/Oh
GT92bBk/IpoYPws/Gj9cjhk/VzIaP1WIGD9JIBk/cjgZP2hqGj8PyRk/NAYZP5rNGD9lKhk/
dQEZP4E8GT9GARo/KSIaPxn0GT+CWhk/eOQYPxBrGj8nnxg/gfMYP7+jGD/bWRk/T+4YP1jB
GT84Whk/4oEaP4naGT+d7xg/ujEYP1SlGT9OJBk/mBUaP0rvGD8Hhhk/kU0ZP+zTGT8y8Rk/
2AcaP/vPGT+tEho/5NEYPw9/GT8X7hk/LgUZP2P5GD+nsBk/Ga0ZPxvGGT/Ykhk/xpsZPzGG
Gj/g2Bk/9iIaP7IlGj8rvhg/KN8YP9loGj+u9hk/TfoYPwFGGT/ywBk/I64ZP0K4GT8S+Bg/
6yMbPx/kGT+xHRo/XnMZP6f8GD9rAxk/M8wZP+LDGT/b3Rg/tJAZPwb7GD+xEhk/aSAZP/70
GT/OTBk/MaoaP4tQGj95lRk/ts8ZP2qTGT8l2Rk//ssZPwTXGD+3Hxo/QkcZP50+Gj+ZPBk/
xYgZP8DHGD9DtRk/1y8aP2pEGT9vkBk/opUZP7rJGT+Xoxg/hYkZPwhJGT+GARo/JKQZP31q
GT9P+Bg/cvQYP3KyGT82Rho/1RsZPxbYGT+bhxk/YtEZP9wCGj9EAxo/+TYZPxMHGz82Mxo/
1w8aP9GAGT/iTBk/1HAaP1D5GT+iFBk/EJoZP2QRGT+8Gxo/aRsZP33QGj8iMxg/MSMaPz3Q
Gj8tPxo/QO4YPz84Gj+Dfxk/U/EYP+YwGj8K6hg/ZH8ZP7maGT/LMhk/cGEZP/dPGT89wRk/
3dcZPwgUGj+sQBo/ArQZP4MrGj8C/Bk/A1cZP59UGT+d9xk/ZC8ZP6f1Gj8x+Rk/Uw4ZPz/I
Gj+mXhk/UuYZPzu/GT9rvRg/gs4ZP2Y/GT9Xyhk/VTQaP1WQGT8WLhk/fi0aPxK1GD/9oxk/
JKkYP1m2GT/X5hg/KrcZPx81GT8F+hg/cP0ZPx9uGj8bNRo/D+QYPzDmGT++oBk/938ZP0fP
GT9MFBo/lVEZP778GD+WPBk/xNYZP70OGT8crhk/YDAaPylVGD+tKBk/ACYZP4q7GT910xk/
4j0YP3G3GD86mBk/IYgYPwLoGD8iqRk/DRUZP0CAGT9IDho/4TMaP6bsGD9nfhg/c3gZPzAi
GT+L5Bk/Qb4ZP+SrGT9WLxk//cwZP8h4GT+pxRg/zqkZP3L3GT8asRk/q1saP2aIGD/+rxk/
uI4ZP6GRGT9fHxo/9i8aP117GT9epxk/BKAZP+nEGj/wNBk//AQaP0zWGj9Xthk/fhwZP+cs
GT91Kxk/kDYaP+/FGj9uzRg/KJkZP+J6GT/cXBk/bvwZPzpfGj8cJxg/ouIZP5sWGT/ERRk/
KFUZPxnDGD9ARRo/p9QZP05VGj9+HRk/5iwaPwqUGT/+ahk/4ocZP7mSGT/K9xg/+rgaP7R+
GT+Arxk/jgMaPzykGT/AlBk/k5MZP7kDGz+/fhg/MPYYP2KLGT/gthg/bpQYPxfGGT9WmRk/
a/YZPyyTGD8gKBk/</AssayYData></Step><Step><CommonData><SampleLocation>1</SampleLocation><SampleID></SampleID><SampleGroup></SampleGroup><SampleInfo></SampleInfo><SampleRow>D</SampleRow><SamplePlate>1</SamplePlate><WellType>BUFFER</WellType><Concentration>-1</Concentration><ConcentrationUnits>µg/ml</ConcentrationUnits><MolarConcentration>-1</MolarConcentration><MolarConcUnits>µM</MolarConcUnits><MolecularWeight>-1</MolecularWeight><Temperature>25.5</Temperature><StartTime>2535278</StartTime><AssayTime>60</AssayTime></CommonData><FlowRate>1000</FlowRate><StepType>DISASSOC</StepType><StepName>Dissociation</StepName><StepStatus>OK</StepStatus><ActualTime>59.994</ActualTime><CycleTime>0.2</CycleTime><AssayXData Points="300">5rCwQ+LKsEPS4rBD2v6wQ8kWsUOkMLFDoEqxQ5xksUOMfLFDc5ixQ4SwsUOAyrFDb+KxQ2v8
sUNGFrJDTjKyQz5KskM6ZLJDNn6yQyWWskMhsLJD/cmyQ/jjskP0/bJD8BezQ+Avs0PcSbND
t2OzQ7N9s0Ovl7NDnq+zQ6fLs0OW47NDkv2zQ44XtENpMbRDWUm0Q2FltENQfbRDTJe0Q0ix
tEM4ybRDNOO0Qxv/tEMLF7VDBzG1QwNLtUPyYrVD7ny1Q9aYtUPmsLVDwcq1Q7HitUOt/LVD
qRa2Q7EytkOgSrZDkGK2Q3d+tkOIlrZDY7C2Q1/KtkNb5LZDSvy2Q0YWt0MuMrdDHUq3Qxlk
t0MVfrdDBZa3QwGwt0Poy7dD+OO3Q/T9t0PPF7hDvy+4Q7tJuEO3Y7hDs324Q6KVuEOKsbhD
msm4Q3XjuEN+/7hDbRe5Q10vuUNZSblDVWO5Q1B9uUM4mblDKLG5QxfJuUMT47lDD/25QwsX
ukMHMbpD4kq6Q/JiukPNfLpD1pi6Q8WwukO1yLpDveS6Q638ukOpFrtDkDK7Q4BKu0OQYrtD
d367Q2eWu0NjsLtDX8q7Qzrku0Mq/LtDMhi8QyEwvEMdSrxDGWS8Q/R9vEMFlrxD7LG8Q9zJ
vEPY47xD1P28Q9AXvUO/L71Du0m9Q7djvUOSfb1DopW9Q4qxvUN5yb1DdeO9Q13/vUNtF75D
XS++Q0RLvkM0Y75DMH2+QxeZvkMosb5DF8m+QxPjvkPu/L5D6ha/Q+Ywv0PiSr9D0mK/Q818
v0PJlr9DxbC/Q6DKv0Oc5L9DjPy/Q5QYwEOQMsBDgErAQ29iwENrfMBDZ5bAQ0KwwENKzMBD
OuTAQyr8wEMyGMFDITDBQ/xJwUP4Y8FD9H3BQ+SVwUPsscFD3MnBQ9jjwUPU/cFDrxfCQ54v
wkOmS8JDlmPCQ5J9wkOOl8JDabHCQ3rJwkNV48JDUP3CQ0wXw0M8L8NDREvDQzRjw0MwfcND
LJfDQwexw0P2yMND8uLDQ+78w0PqFsRD0jLEQ8FKxEPSYsRDuX7EQ6iWxEOksMRDoMrEQ5zk
xEOM/MRDcxjFQ2MwxUNfSsVDTmLFQ0p8xUNGlsVDLrLFQz7KxUM65MVDKvzFQwUWxkMBMMZD
/EnGQ/hjxkP0fcZD5JXGQ+CvxkPcycZDt+PGQ7P9xkOvF8dDni/HQ4ZLx0OWY8dDkn3HQ22X
x0NpscdDWcnHQ2Hlx0NQ/cdDLBfIQygxyEM4SchDNGPIQw99yEMLl8hDB7HIQwPLyEPy4shD
7vzIQ9YYyUPFMMlDwUrJQ7FiyUOtfMlDqJbJQ5CyyUOAyslDfOTJQ2v8yUNnFspDYzDKQ19K
ykM6ZMpDNn7KQ0aWykMusspDHcrKQxnkykMV/spDERjLQwEwy0PoS8tD2GPLQ9R9y0PDlctD
v6/LQ7vJy0Oi5ctDkv3LQ44XzEOKMcxDeknMQ3VjzENxfcxDbZfMQ12vzENZycxDNOPMQzD9
zEMsF81DKDHNQyRLzUMTY81D+n7NQ+qWzUPmsM1D4srNQ9LizUPN/M1D1hjOQ8UwzkOgSs5D
nGTOQ618zkOIls5D</AssayXData><AssayYData Points="300">qPT/Pit56z5ymOE+7wvfPvxk2z7Ws9o+JIbaPqLw2T7e9tk+pNvaPi1l2j57sNo+HznbPqgV
2T7H3Nk+H9/YPiir2T4GPNk+g+LXPpi62D6MWts+oIHaPiNK2z6UHtk+MrLYPuja2T4MOto+
oZrZPoj42D7pMts+UtDYPu0+2j5EOtg+L+rYPrCJ2T6mttk+skTYPn4F2D6gXdk+XEDbPvm2
2D5Qhtg+PQrZPhfK2D5dGNg+mr/ZPjBN2D4Mwtg+sh3YPvYL2j44xtg+AVHZPvtU2T6dMdc+
saHZPh5f2j7jl9o+DP3YPu5L2T5Hs9o+d1PXPvgD2T4RhNg+iKvZPjP52D56k9o+cJXZPiWD
2D7Tr9c+EjnYPvsy2T4WkNg+pVfXPgfN2D6QfNg+Qs/YPlyE2T66hdc+K+7YPqj71z4VB9s+
oybZPviW2T5eKNo+mSjaPuBN3D4NCNw+54XZPpmt2D4wRtg+TFvXPshZ2T6HNNc+j2vXPn6m
2D4H+tc+KqLbPn1y2D4SE9k+Uw3YPv+s1j6q4dg+5LPYPn5H2T7kR9c+X4nZPhK32T7+TNc+
LRDYPpwM2z4oBdk+lr7XPg5n2T4zo9c+ySLaPpKN2D6gG9k+gHXYPrIZ2T5Intg+GonYPleM
2T5y39o+GiDXPhfd2D5c/9c+EhDXPnlO2T5zP9o+K1jYPig12T4LINY+eiLYPu0u2D7A+tY+
lczWPpeH2T5P7Ng+7KvZPopg2D5JS9c+KkHXPhv31z4O0dY+pL3YPuQ41z4DPdg+W2LXPn64
1j5Jr9c+MtvXPkMR2T6KdNY+EDLYPpSh1z7IVdk+CrPXPsME2D5BS9c+Ua7XPv0u2D40N9g+
tXLWPhHM1T4699Y+8dfXPmcy2j7OxNc+wBPYPunt1z5cnNk+BT/XPnI/2T685dc+GQvYPjrm
1z7+rdc+a3/WPljY1j4gLtk+2b/YPrme2D4apNc+pGjXPrqA1z7oZ9c+8jHZPnKk2D40xNk+
xxXZPkXI1z4V5NY+5VPWPhaM1j4rPtg+P7LaPjY71z5H0Nc+cxDVPvz21z5Xcdc+PDXYPtsr
2D5rqNU+KGzYPiEq2j75UNY+la/XPpig1z7qadc+XcXYPobI1z7crNg+UxPXPpGR1z4Intc+
LgzYPgB92D67yNc+NgPYPu1f1z7jGdc+rT7YPlbb2T6JzNY+8qTWPkcI1j5yotg+IbHXPhti
1z6eo9c+h+TXPkzb1j6esdg+n9fXPmpG2D7u/tY+lk7XPg732D4am9U+NFLWPqn11j4Egdc+
yeLWPsZM1z5t6dc+YBXZPgDb1j7sJ9Y+I8zWPu2E2D6oNNc+XCfXPlUB2D79SdY+PhvXPiVf
1T7EjdY+8mrWPmFQ2D6s6NY++3/XPmkb1z7SFtg+cM7WPulm1j7vKtk+Y6HVPuU91T4pI9c+
RljXPmnY1j6qN9c+xN/YPiaH1j6kcNY+AyjUPkks2D6ivNc+AJvWPkvn1T6+Mdc+BVPXPgo2
1T4i/dQ+L6HVPuE21j5CP9U+hdTUPg211j4Y+dY++9TXPpso1z68k9g+CpHWPnlA1j7ZT9Y+
vMTXPmP11j487dY+</AssayYData></Step><Step><CommonData><SampleLocation>7</SampleLocation><SampleID></SampleID><SampleGroup></SampleGroup><SampleInfo></SampleInfo><SampleRow>D</SampleRow><SamplePlate>1</SamplePlate><WellType>KSAMPLE</WellType><Concentration>-1</Concentration><ConcentrationUnits>µg/ml</ConcentrationUnits><MolarConcentration>12.5</MolarConcentration><MolarConcUnits>µM</MolarConcUnits><MolecularWeight>-1</MolecularWeight><Temperature>25.5</Temperature><StartTime>2602841</StartTime><AssayTime>60</AssayTime></CommonData><FlowRate>1000</FlowRate><StepType>ASSOC</StepType><StepName>Association</StepName><StepStatus>OK</StepStatus><ActualTime>59.991</ActualTime><CycleTime>0.2</CycleTime><AssayXData Points="300">IrDOQxLIzkMa5M5DCfzOQwUWz0PtMc9D3EnPQ8xhz0PIe89DxJXPQ8Cvz0Ony89DuOPPQ4b7
z0OPF9BDfi/QQ3pJ0EN2Y9BDUX3QQ2GV0ENJsdBDRcvQQzTj0EMk+9BDLBfRQxwv0UMYSdFD
/2TRQ+980UP/lNFD57DRQ9bI0UPS4tFDuv7RQ8oW0kO6LtJDoUrSQ5Fi0kOMfNJDiJbSQ4Sw
0kN0yNJDcOLSQ0v80kNHFtNDQzDTQz9K00MuYtNDKnzTQyaW00MisNNDEsjTQ/nj00Pp+9ND
5RXUQ+0x1EPcSdRDzGHUQ7N91EPEldRDn6/UQ5vJ1EOX49RDhvvUQ48X1UN+L9VDWUnVQ1Vj
1UNRfdVDQZXVQ0mx1UM5ydVDNOPVQyT71UMLF9ZD+y7WQwNL1kPzYtZD73zWQ+uW1kPGsNZD
1sjWQ9Li1kOt/NZDqRbXQ5ku10OVSNdDkWLXQ4x810OIltdDZLDXQ1PI10Nb5NdDS/zXQ0cW
2ENDMNhDHkrYQy5i2EMWfthDBZbYQwGw2EP9ydhD+ePYQ+n72EPQF9lDwC/ZQ7xJ2UO4Y9lD
s33ZQ6OV2UOKsdlDm8nZQ3bj2UOG+9lDghXaQ10v2kNZSdpDVWPaQxB92kOpltpDQ7DaQ8LK
2kO+5NpDrfzaQ6kW20OZLttDlUjbQ5Fi20N4fttDaJbbQ2Sw20NfyttDT+LbQ0v820MyGNxD
IjDcQzJI3EMuYtxDCXzcQwWW3EMBsNxD/cncQ+3h3EPp+9xD5RXdQ8Av3UPIS91DuGPdQ6d7
3UOjld1Dn6/dQ5vJ3UOK4d1Dcv3dQ2IV3kNdL95DZkveQ1Vj3kNFe95DLJfeQxyv3kMYyd5D
IOXeQxD93kP/FN9D5zDfQ/dI30PzYt9DznzfQ8qW30O6rt9DwsrfQ7Hi30Ot/N9DqRbgQ4Qw
4EOVSOBDcGLgQ2x84ENoluBDZLDgQ2DK4ENP4uBDKvzgQyYW4UMiMOFDEkjhQw5i4UMJfOFD
BZbhQ+2x4UPcyeFD7eHhQ9T94UPEFeJDwC/iQ7xJ4kO4Y+JDp3viQ6OV4kN+r+JDesniQ2rh
4kNy/eJDYhXjQ0kx40NZSeNDNGPjQyR740Msl+NDHK/jQxjJ40MU4+ND7/zjQ/8U5EPnMORD
1kjkQ9Ji5EPOfORDypbkQ7qu5EOhyuRDkeLkQ4z85EOIFuVDhDDlQ3RI5UNbZOVDbHzlQ0eW
5UNDsOVDP8rlQy7i5UMq/OVDJhbmQyIw5kP9SeZD+WPmQwl85kPxl+ZD4K/mQ9zJ5kPM4eZD
yPvmQ8QV50PAL+dDp0vnQ5dj50OGe+dDjpfnQ36v50N6yedDVePnQ1H950NBFehDSTHoQzhJ
6EM0Y+hDMH3oQwyX6EP7ruhDA8voQ/Pi6EPv/OhD3hTpQ9ou6UPWSOlDvmTpQ6186UOplulD
ma7pQ5XI6UOR4ulDjPzpQ2gW6kNkMOpDdEjqQ09i6kNLfOpDR5bqQ0Ow6kM/yupDLuLqQxb+
6kMFFutDATDrQ/1J60PtYetD6XvrQ+SV60Pgr+tDvMnrQ7jj60On++tDoxXsQ4ox7EObSexD
l2PsQ4Z77ENilexD</AssayXData><AssayYData Points="300">w8ckP/WNKT+V7Cs/90ssP/dOLD+G5Sw/7eItP4BnLj+zgi4/UKAtPyHiLD/Qqi4/M/MtP90+
LT+xtS0/F+YtPw8gLj8RwC4/7NItP6xNLj+fGy0/VPIsP5mrLT8Cti0/hVcuP5xgLT/mjS0/
EcEuP+kDLT8kuy0//ZMuP5QHLj/HsS0/pfMtP5Q9LT/Z1i0/vbsuPx/MLT8l3C4/n+0sP+9x
Lj/mfC4/y9guP8vILj+G3C0/3g0uP6wHLj/Kci0/VG8tP54jLz+8Mi4/IQEuPygLLj/acy4/
XA8uP5XrLT/aYy8/tUgtP5XgLD9lXC4/SpgvP0KELj+muS4/vekuPwYVLz/Vdy0/3O8uP11H
Lj/tEy4/67YtPxGXLj+AKS4/kLcuP4p6Lj95di4/GX0uP/IwLz+MrC0/XWsuP5mZLT/fNi4/
HxkvP3UlLj/z6y0/Ud8uP5xcLz9Zyy4/x9EtPwfbLj+loS4/9f8tP8HqLT8crS4/MZQuP1cK
LT8jwC4/beUuP2ckLj/WDy4/XpkuPxI1Lj9vNC0/wBMuPye1LT8rFS4/2SIvPwR7Lj/Pbi4/
becuPymmLj8iHS8/OX0uP8g+Lj+AuS4/isgtP9jWLj+YpC4/JPIuP2DHLT/psC4/q/YuP7L3
Lj8vfi4/Iv8uP3mOLz/llS4/V1QtP6f/LT8i9y4/e8guP6nqLj8oWS4/hc0uP6cKLj8HKC4/
5EAuPyCwLj91oy4/ceUtP+YyLj+qtC4//wouPwyaLj8OJC8/Uk8uP7LMLT/wxS4/Fz4vP10S
LT+qCy4/DUUvP7w/Lj8dii4/HuctPx6CLj/KRi8/so8uP6KYLz8rpi4//eUtPx0ULj/83C0/
gOMuP5g1Lj82KS4/D+8tP6pALj/xtS4/E5cuP608Lj9UGC8/8DguPykDLj9ueC4/KLgtPyYr
Lj9Xhi4/s1guP2lMLj+lQC4/6SouP6YXLj/LfC4/WhkvP+51LT8LMS8/tjMuP7ldLj+f7i0/
OC8uP3RALz88fS8/Xh0uPz5zLj/p6i0/nPgtP1KuLT9ewS0/oygvP8dxLj8Wvi4/yrUtP5Kk
LT+TBS4/Sd8uP2yfLj8iZC4/9BcvP7bXLj9NSi4/5U8vP3YXLj//1S4/QzMvP5PlLj8fES4/
GrguP5reLT9/LS8/crsuP5niLj8EBy8/BNotP7L2Lj+1CC8/o9stP6g4Lj8Fmi4/iTIuP88Y
Lj8bHS8/W6ovP47OLj+XYC4/a/IuP4/BLj8YmC4/SbYuP0VsLj/vmi4/808uP8iFLj+3zS4/
L50vP8ZKLj/tYS4/EDAvP1DzLT+5UC4/j90tP1lTLj+r5C0/C4QuP/d0Lz8B/S0/1nsuP6fm
LT/L0i4/kdAuP/MdLz/POC8/XWgtP8blLT+70y4/Bx0uPyjFLT/QSi4/rwYuP/jMLj9T6S4/
GTwvPxWxLj/yLS8//UwuP2NvLj+EbC4/TaQuP0haLz+I6S8/al4vPzRFLj9eiy4/aTMuPxao
Lz+Oky4/husuP09xLj+55C4/4u8uP6NaLj9nfS4/EkYuP3vFLj8Epi4/HUsuP4BPLz/HXy4/
kNAuP/GHLT9NGy4/</AssayYData></Step><Step><CommonData><SampleLocation>1</SampleLocation><SampleID></SampleID><SampleGroup></SampleGroup><SampleInfo></SampleInfo><SampleRow>D</SampleRow><SamplePlate>1</SamplePlate><WellType>BUFFER</WellType><Concentration>-1</Concentration><ConcentrationUnits>µg/ml</ConcentrationUnits><MolarConcentration>-1</MolarConcentration><MolarConcUnits>µM</MolarConcUnits><MolecularWeight>-1</MolecularWeight><Temperature>25.4</Temperature><StartTime>2670682</StartTime><AssayTime>60</AssayTime></CommonData><FlowRate>1000</FlowRate><StepType>DISASSOC</StepType><StepName>Dissociation</StepName><StepStatus>OK</StepStatus><ActualTime>59.994</ActualTime><CycleTime>0.2</CycleTime><AssayXData Points="300">/K7sQ/jI7EPo4OxD8PzsQ98U7UO6Lu1DtkjtQ7Ji7UOieu1DqpbtQ5qu7UOWyO1DheDtQ4H6
7UNcFO5DZDDuQ2BK7kNQYu5DQHruQzuU7kM3ru5DE8juQw7i7kMK/O5D+hPvQwIw70PyR+9D
7mHvQ8l770PFle9DtK3vQ73J70Os4e9DqPvvQ6QV8EN/L/BDj0fwQ3dj8ENme/BDYpXwQ1Kt
8ENOx/BDSuHwQ0b78EMhFfFDHS/xQwxH8UMIYfFDBHvxQwCV8UP8rvFD18jxQ8fg8UPD+vFD
vxTyQ7ou8kO2SPJDsmLyQ6J68kOJlvJDea7yQ3XI8kNx4vJDYPryQ1wU80NEMPNDVEjzQy9i
80NAevNDG5TzQxeu80MfyvNDDuLzQ+r780P6E/RD9i30Q9FH9EPNYfRDyXv0Q8WV9EO0rfRD
sMf0Q4vh9EOH+/RDgxX1Q38v9UNvR/VDVmP1Q2Z79UNilfVDPq/1Qy3H9UMp4fVDMf31QyEV
9kMdL/ZD+Ej2Qwhh9kPjevZD35T2Q9uu9kPXyPZD0+L2Q8P69kO/FPdDpjD3Q5ZI90OSYvdD
gXr3Q32U90N5rvdDdcj3Q3Hi90Ng+vdDPBT4Qzcu+EMzSPhDL2L4Qyt8+EMblPhDF674Q/7J
+EPu4fhD6vv4Q+YV+UPVLflD0Uf5Q7hj+UOoe/lDpJX5Q5St+UOPx/lDi+H5Q4f7+UODFfpD
cy36Q1pJ+kNrYfpDRnv6Q06X+kM+r/pDLcf6Qynh+kMl+/pDABX7Qx0v+0P4SPtD6GD7Q+N6
+0PLlvtD2677Q7bI+0Oy4vtDovr7Q54U/EOmMPxDlkj8Q4Vg/ENtfPxDfZT8Q1iu/ENgyvxD
UOL8Q0D6/EMnFv1DNy79QzNI/UMbZP1DCnz9Q/qT/UMCsP1D8sf9Q+7h/UPq+/1DxRX+Q9Ut
/kPRR/5DrGH+Q6h7/kOYk/5DoK/+Q7DH/kNr4f5Dc/3+Q2IV/0NSLf9DWkn/Q0ph/0NGe/9D
LZf/Qx2v/0Mtx/9DFeP/QwT7/0OACgBEdBgARGwkAER0MABEcj0ARF9KAERdVwBEW2QARFlx
AERRfQBET4oARE2XAEQ6pABEMrAARDa+AEQuygBELNcARCDlAEQY8QBEIP0ARBQLAUQLFwFE
CSQBRP0xAUQFPgFE/UkBRPFXAUToYwFE5nABROR9AUTiigFE2pYBRM6kAUTWsAFExL0BRMzJ
AUTA1wFEt+MBRLvxAUSz/QFEsQoCRJ8XAkSdJAJEpTACRJI9AkSQSgJEjlcCRIZjAkSEcAJE
gn0CRICKAkRulwJEbKQCRGOwAkRovgJEX8oCRF3XAkRL5AJESfECREf+AkRFCwNEPBcDRDok
A0Q4MQNENj4DRC5KA0QiWANEGmQDRBhxA0QPfQNEDYoDRAuXA0T/pANEB7EDRPW9A0TtyQNE
69YDROjjA0Tm8ANE5P0DRNIKBETaFgREziQERMYwBETEPQREwkoERMBXBES3YwREq3EERKN9
BEShigREn5cERJ2kBESUsAREiL4ERJDKBER+1wREfOQERHTwBERy/QREcAoFRG4XBURsJAVE
YzAFRGE9BURPSgVE</AssayXData><AssayYData Points="300">Re8JP97K9z4yQ+c+cgjdPobZ2T6Gotc+TWfXPqTn1z4xCNU+bLrYPtdM1j5m7NY+h8fWPrGh
1z5t5dU+O0rWPh5X2D7zTdU++qLWPpx61T5bp9Y+2DHWPhdj1D4b2dU+1CzVPjAt1z7R89Y+
e93WPk9C1T4p+NY+xPrVPhFs1T6mptQ+PUfWPkwm1j7Wzdc+PVDWPh5O1j4EJ9Y+aZnVPi0g
1T5mk9Y+MyPVPjWX1z6z09U+JHbVPkp81j7sCtY+dSbVPgWC1j5aANU+XBfYPhWu1T41HNY+
LTPUPlX81T6369Y+sLXWPvzN1T6xo9U+ueHWPpAP1z5fkdc+0hHUPm0p1j4HldY+JszWPtG6
1D64CNY+bZbVPi4i1z4miNc+W8jWPtVd1z5JMtc+FBzWPjcS1z7vJdU+SGzWPgMH1j7grtQ+
TKHUPnv70z6ChdU+cKbUPm3D1T5FutU+MqbUPgT60z4dWNU+V/DSPgjC1T51C9Y+aFzVPo1i
1T7QXtQ+9vDUPsfD1z7n7dY+UKDXPjwh1j4XXtM+GBrVPhJq1j5Aitg+qdzSPjn81j4+HdU+
VGPVPm4L2D5WltU+76rUPraY1j6FjdQ+KoHUPrAK1j4XR9U+I7rVPtpL1j6Bj9Y+g4DWPiYD
1T47/NQ+vBzUPu5B1T5P5NQ+Ia7VPqhh1T43Sdc+pr/TPkWI1D6azdY+rO7UPhgm1j6rUtQ+
AmvWPv5F1j6F3NU+SWzVPn4c1D5YptM++ALUPs3e1D76tNY+oIXVPu9J0z4zz9M+wtLUPjAy
1D5FHdQ+HAXVPjjL1T4YJ9c+urHUPsyW1T7jMdU+tlfXPlcC1j4EK9c+vMfSPrn20j6eTdM+
BC7VPkBe1T7kv9U+SgjVPtxc1j6nA9U+o8zVPhkL0z5pCdQ+OizUPreN2D4l6tM+56LVPthC
1j6wg9Q+KivVPrlV0z5IB9Y+NurUPuFz1T77btQ+Nv/TPnAY1j6V+9M+ahTVPtsv1T4pHNM+
ZUTVPq/G0j6yt9Y+fsjTPl9i1D7vFdU+hSbVPh6t1T6eOtQ+KEPUPoqI1D75FNQ+t6vWPp8y
1T7VH9U+lSDVPi7T1D5rX9U+BSvVPojP1D5cw9U+TI3UPpGx0z4ze9U+rITVPhIb1j6M5tQ+
2mPVPrUG1D7E5tI+tqjUPvvi1D6PkdQ+fJLUPiqM1j7kWNY+kRzUPpKs0z4XYNI+F1jVPkNA
0z7pidQ+wdjVPmYl1D7ezNQ+pnrUPuZj1D4Fz9Q+UU3UPk9n1j6kp9Q+VTvTPl8R1T7AmtM+
/H7UPj5L1T7S8dU+jv7UPj651D5Ot9M+li/VPuB31D6CgdM+p3XVPrhx1T6f8NM+GjHUPi0V
0z7tOtM+O8vTPnH30j61u9E+TaXTPmmn1D4HSdU++czTPmVI1D679tI+K/HUPnis1D6UKNQ+
I0PSPprU0j4WNtU+DEbUPte91j6SddM+5PTTPqQ+0z4frdQ+UB3VPoLS1D5RF9I+tdvSPnSm
0z4u0tU+lPPTPpTc0z5EfNQ+MdjSPgQ31j5vodM+t2zUPt5b1D7Pj9Q+fmfUPtyw1D4D4NM+
r9vUPmPO1T4ZTtM+</AssayYData></Step><Step><CommonData><SampleLocation>8</SampleLocation><SampleID></SampleID><SampleGroup></SampleGroup><SampleInfo></SampleInfo><SampleRow>D</SampleRow><SamplePlate>1</SamplePlate><WellType>KSAMPLE</WellType><Concentration>-1</Concentration><ConcentrationUnits>µg/ml</ConcentrationUnits><MolarConcentration>25</MolarConcentration><MolarConcUnits>µM</MolarConcUnits><MolecularWeight>-1</MolecularWeight><Temperature>25.4</Temperature><StartTime>2738791</StartTime><AssayTime>60</AssayTime></CommonData><FlowRate>1000</FlowRate><StepType>ASSOC</StepType><StepName>Association</StepName><StepStatus>OK</StepStatus><ActualTime>60.01</ActualTime><CycleTime>0.2</CycleTime><AssayXData Points="300">HFcFRFVjBUQYcQVEEH0FRB6KBUT7lgVE+aMFRPGvBUT1vQVE/ckFROvWBUTp4wVE5/AFRNT9
BUQUCwZE0BcGRMgjBkThLwZExD0GRLxJBkS6VgZEp2MGRKVwBkSdfAZEoYoGRJmWBkSXowZE
xrAGRIK9BkSLyQZEj9cGRIbjBkR08AZEeP4GRHAKB0RoFgdEWyQHRFkxB0RRPQdET0oHRE1X
B0RFYwdEQ3AHRDB9B0QuigdELJcHRCqkB0QisAdEJr4HRBTLB0Qc1wdEFOMHRAjxB0T//AdE
AwsIRPsWCET5IwhEMzAIREc+CETjSghE2lYIRNhjCEQYcQhEznwIRNKKCETKlghE2KMIRLaw
CES0vQhEq8kIRK/XCESn4whEpfAIRK38CESbCQlEmRYJRIYjCUSEMAlEkz0JRIBKCUR4VglE
dmMJRGRwCUQmfglEYIoJRFeWCURVowlEU7AJRFG9CURPyglEPdcJRDXjCUSE8AlEN/4JRC4K
CkQsFwpESyQKRCIwCkQWPgpEDkoKRAxXCkQKZApEAXAKRP98CkTzigpE65YKROmjCkThrwpE
37wKRNzJCkTh1wpE2OMKRMbwCkTO/ApEzAkLRLoWC0S4IwtEtjALRLQ9C0SrSQtEqVYLRJdj
C0SVcAtEk30LRJGKC0SJlgtEfKQLRISwC0SCvQtEcMoLRGjWC0Rm4wtEavELRGL9C0RgCgxE
bhcMREskDERTMAxERz4MRE9KDER+VwxEO2QMRDNwDEQwfQxEJIsMRByXDEQapAxEErAMRDC9
DEQOygxEDNcMRPnjDEQB8AxE7/wMRO0JDUTrFg1E6SMNROcwDUTfPA1E3EkNRNBXDUTIYw1E
xnANRMR9DUS8iQ1E2pYNRK2kDUSlsA1Eo70NRKHKDUTa1g1El+MNRJXwDUSj/Q1EiwkORH4X
DkR2Iw5EdDAORHg+DkSySg5EaFYORFxkDkRZcQ5Ek30ORE+KDkRNlw5EdqMOREOwDkQ3vg5E
P8oORCzXDkQq5A5EIvAORCD9DkQeCg9ELBcPRFUjD0QIMQ9EED0PRP1JD0QSWA9E+WMPRPFv
D0TvfA9E7YkPRByXD0TYow9E1rAPRM68D0Tjyg9E0NcPRMjjD0S28A9EtP0PRLwJEESpFhBE
pyMQRLYwEESdPBBEoUoQRJlWEESGYxBEi3EQRIJ9EER6iRBEfpcQRHajEER0sBBEaL4QRGDK
EERX1hBEjeQQRFnxEERR/RBERQsRRG4XEURFIxFEQzARRDA9EUQuShFELFcRRCpkEUQicBFE
Fn4RRB6KEUQMlxFEFKMRRAixEUT/vBFE/ckRRPHXEUTp4xFE8e8RROX9EUTcCRJE2hYSROkj
EkQIMRJEzjwSRPNKEkTQVxJE+WMSRLZwEkS0fRJEq4kSRJ+XEkSnoxJEpbASRJ28EkSRyhJE
idYSRIbjEkSE8BJEgv0SRIAKE0RuFxNEdiMTRGoxE0RiPRNEYEoTRFdWE0RLZBNEZHATRIJ9
E0Q/ihNEPZcTRDWjE0Q5sRNEML0TRC7KE0Qc1xNEGuQTRBLwE0QW/hNEDgoURAwXFEQ7JBRE
CDEURP88FETzShRE</AssayXData><AssayYData Points="300">3Yc0P3waPj/LAkM/CAhEP/B8RD8kVUQ/tlxEP3omRD8aJUQ/sSRFP2NLRD82q0Q/cIFFP5NA
RT8vb0U/ZclEP3vXRT/uLUQ/5ZJFP43iRT/ZxkQ/Z6FFP3WMRT/jEkU/RqVFP48jRj9VNkU/
SElFP2scRj89FkY/ut9FP6MuRj/2r0U/RtRFPyYKRT/udUU/fxRFP5+0RT/ZwUU/cVtEP2Yi
RT/1wkU/bEVFP1j9RD8RVkU//aRGP2YNRz+gW0U/zF1FP27YRT/FoUQ/XU9FP3pyRT/jE0Y/
ssxFPyWTRT+erkU/BWpEP0MhRT+Gn0U/981FPyHaRT9DFkU/N6pFP3A0Rj8AhEU/bdNGP+1U
Rj+cR0U/7KJFP1BcRT/PTUY/eIxFP7IURT9h6EY/uvlEP1dyRj+WB0Y/WGtGPx2PRT9xeEY/
SSJGP89sRj9R0kU/7x5GP4fNRT/cRUY/2q1GP2L7RD//3UU/VChGPxZfRT9yIkY/lmhFP95c
Rj++60U/cAlHP9Z+RT9ejUY/O7dFPwtRRz+iz0U/YdVGPwEhRj8PJkY/yaRGP0JHRj+b+kU/
V11FP1OfRj8EK0Y/zuFFPzunRT9Sa0U/FU1GP1m3Rj9jGUY/sP1FP5JKRj/mfEY/ufNGP9sF
Rz85dkY/dRVGPxx+Rj8T00U/HJZGP9r0Rj8CvEY/evBEP/3YRj81VUY/N2tHP11sRj+UnkU/
MupFPycTRT+HVEY/yfNFP4BXRj9fIUY/Ed5FP3y6Rj/h8EU/3flFP0bnRT8KSEU/qKRGP+zS
RT8O/0U/XSNGP84sRz9gtkY/GIFGP65fRj9lz0U/mnhHP85KRj/K+0Y/VSVHP39hRz8h6EY/
QdNFPz3sRj+rukY/LihGP1HMRj8LEUY/dqlFP1cPRz8HGEc/JwxGP/5cRj/Se0Y/DCpGP/EQ
Rz/gjUY/UaVGP9rxRj8qwUY/WR9FP0GsRT98rEY/Z0hGPwnmRT84gUY//VZGP9cpRj/H6UY/
xI9GP5/XRj9nO0Y/SJZGP3sMRj8yzUY/TKNGP/V8Rj+tUkY/13tGP3mlRj+BhEY/D6ZGP/9b
Rj8byUY/aV9GPwdFRj/xXkY/Ah1GP70/Rj/RekU/Z0BGP2yARj+SbUY/OrNGP+7uRj/nbkU/
Ag5HP5tyRj8QhUU/g09HP7YMRz9VdEY/10dHP0s0Rj/S20Y/tntGP6baRT8IVkc/NI9GP6w8
Rj9j60Y/TjJGP9pLRj+Lo0Y/ad1GP2F7Rj/SHkY/r7RGPydjRj+YNkY/oXhGP8enRj9qDEY/
AgJHPzumRT9mB0c/hEBHP5sZRj9EgEc/ilxHP1EURz+8BUY/M3JGP4c/Rj/rz0Y/yqZFPyxe
Rj8afkY/pRNGPyrsRj/7CEc/m+BFP7ikRz+Fqkc/p6ZGP+QlRz8HLUY/2FRGP+nBRj8IAkc/
8DZHP/nwRj83Q0Y/tN9GPx1wRj9J9EU/pbVGP0kERz89lUY/FMtGP3XLRT9u3UY/rapGP3Gd
Rj/1O0Y/FeRHPxdJRT8QYUY/y91GP0wNRz9x7EY/IPNFP/uFRj/SLkY/miJHP+NIRz8dS0Y/
MVpGP1dPRj+YZ0Y/</AssayYData></Step><Step><CommonData><SampleLocation>11</SampleLocation><SampleID></SampleID><SampleGroup></SampleGroup><SampleInfo></SampleInfo><SampleRow>D</SampleRow><SamplePlate>1</SamplePlate><WellType>BUFFER</WellType><Concentration>-1</Concentration><ConcentrationUnits>µg/ml</ConcentrationUnits><MolarConcentration>-1</MolarConcentration><MolarConcUnits>µM</MolarConcUnits><MolecularWeight>-1</MolecularWeight><Temperature>25.4</Temperature><StartTime>2809178</StartTime><AssayTime>60</AssayTime></CommonData><FlowRate>1000</FlowRate><StepType>DISASSOC</StepType><StepName>Dissociation</StepName><StepStatus>OK</StepStatus><ActualTime>60.001</ActualTime><CycleTime>0.2</CycleTime><AssayXData Points="300">wFcURL5kFES2cBREqX4URKGKFESflxREnaQURJuxFESTvRREh8sURH7XFER85BREdPAURHj+
FERwChVEbhcVRGwkFURaMRVEWD4VRFZLFURNVxVEUWUVRElxFURHfhVEP4oVRD2XFUQqpBVE
KLEVRCa+FURFyxVEHNcVRCDlFUQY8RVEBv4VRAQLFkQCGBZE+SMWRO0xFkQGPhZENUsWROFX
FkTpYxZE13AWRNt+FkTSihZE0JcWRMijFkTGsBZExL0WRLjLFkSw1xZEruQWRN3xFkSp/hZE
oQoXRJ8XF0SuJBdEizEXRIM9F0SBShdEflcXRHxkF0R6cRdEaH4XRGCKF0RkmBdEXKQXRFqx
F0RYvhdET8oXRE3XF0RB5RdEOfEXRDf+F0Q1CxhELRcYRCokGEQeMhhEFj4YRBRLGEQMVxhE
CmQYRAhxGEQMfxhEBIsYRPGXGET5oxhE97AYROW9GETjyhhE4dcYRNnjGETX8BhEyv4YRMIK
GUTAFxlEviQZRLYwGUS0PRlEp0sZRLBXGUSuZBlEpXAZRJN9GUSRihlElZgZRI2kGUSLsRlE
eL4ZRIDKGUR+1xlEbOQZRGrxGURi/RlEZgsaRF4XGkRcJBpEWjEaREc+GkRPShpEPVcaRDtk
GkQ5cRpEN34aRCSLGkQtlxpEKqQaRB6yGkQWvhpEFMsaRBLYGkQK5BpEGPEaRPv+GkTzChtE
6xYbRO8kG0TnMBtE5T0bRNlLG0TQVxtE2WMbRItxG0STfRtEh4sbRH6XG0R8pBtEerEbRFG9
G0RPyhtETdcbREvkG0RJ8RtEif4bRIAKHERuFxxEfCQcRGoxHERoPhxEYEocRF5XHERcZBxE
SXEcRFF9HERFixxEPZccRDukHEQ/shxEJr4cRC/KHEQi2BxEGuQcRBjxHEQW/hxEFAsdRAwX
HUQAJR1E9zAdRAY+HUQUSx1E8VcdROljHUTtcR1E5X0dROOKHUTblh1EzqQdRNawHUTEvR1E
wsodRMDXHUS44x1EtvAdRKP9HUShCh5EnxceRJ0kHkSVMB5Ekz0eRJFKHkR+Vx5EjWQeRHpx
HkRyfR5EdoseRG6XHkRspB5EWrEeRFi+HkRgyh5EU9geREvkHkRJ8R5ER/4eREULH0Q9Fx9E
MSUfRCgxH0QmPh9EHkofRBxXH0QaZB9EDnIfRBZ+H0QEix9EApgfRPmjH0T3sB9E9b0fRPPK
H0Tx1x9E6eMfRN3xH0TU/R9E0gogRNAXIETOJCBExjAgRLo+IETCSiBEsFcgRK5kIESlcCBE
o30gRJeLIESflyBEjaQgRJWwIESDvSBEgMogRH7XIER85CBEevEgRHL9IERwCiFEXhchRGIl
IUQIMSFENz4hRDVLIUQtVyFEKmQhRChxIUQmfiFEHoohRBKYIUQapCFE97AhROW9IUTjyiFE
4dchRN/kIUTW8CFE1P0hRCQLIkSwFyJEpyMiRKUwIkSjPSJEkUoiRI9XIkSNZCJEhXAiRMR9
IkS4iyJEwJciRLijIkSssSJEo70iRIfLIkSF2CJEfOQiRIXwIkR4/iJEcAojRG4XI0RiJSNE
ajEjRDc+I0QESyNE</AssayXData><AssayYData Points="300">vOMWP4eHAT8fdus+lGDfPupi2j62rNc+dlbZPkhl1z64HNk+L27XPtuu1z7nW9g+2C7YPrQn
2D7zrNc+lbHYPr+k1j69ntc+DRDXPu6p1j5F+tc+1ZzUPpyV1z6isNU+ZoTWPtuB1j6e9Nc+
WtbXPmN/1z4Podc+ZzjXPrtC1z5+19c+jnXWPrqS1z6yBtg+3VzVPr3f1j6Hodk+q3HXPrXx
1z7f5NY+t33YPpwT1z6nWtc+zl/WPiDI1T4oedc+RbrWPkpJ1z6pUNY+6oHXPul91z4+Pdk+
bhDXPgDb1j4L9NU+sSnXPrX01j7ictc+KoTXPnIH1z6WW9c+tjXVPsL31j78FdY+rZfYPige
1z6z1tc+RArXPhxb1T5/nNY+yIDVPn9t1j6HPNY+LDfYPiqR1T4JMdY+TnHWPiuL1j58ftQ+
CT/WPuUk1j4brtY+bYXWPlRS1j6E3Nc+KIzWPnMv1z7ATNg+94vVPtSw1j5T7dY+Av3VPgiG
2T5gnNU+2mPXPhiD1T7GddY+r7vXPq1/1D7Ga9c+Ov/VPhzl1j6/ndY+dU/YPlOY1T713tc+
KuLVPhYr1j53tdY+1vPTPklE1j52G9c+RiHWPnNZ1T7bL9U+943VPkXf1j7/Atc+eEvUPuvb
1j5Tv9U+7SbYPt7S1T7Ij9Y+p5nVPoes1j54mdY+XsLUPvSw1j5FRtg+2WzUPlg61T5X3dQ+
QU7VPp7W1D4QadY+Q7PVPvKL1j4S9NU+SzDWPjom1j5fBtY+bw/WPgSF1T5kqtY+dg3VPi/1
1T6aldY+t3nXPrZu1j67stY+1SfXPunO1T4FStY+YvvWPsiA1D49BNY+wufXPnxv1z6q49Y+
g8/WPtHV1D6LGtY+bczVPl5a0z4zSdY+GL7UPi5j0z6R5tQ+zCzWPv4S1j4gE9U+MmLVPsYp
1T5ncdY+qVzVPupL2D6kY9U+PK3VPuja1D6kztQ+BKrVPjy61D6aodQ+lb3WPjnf0z76KtQ+
99jVPmvT1T41cNU+DIzVPsXQ1j64J9Q+4gXVPoz71D5oHtY+19nWPpga1z6l6dQ+bknVPn78
1T7uVNc+nsfSPgZ61D4T39U+7anWPjlY1D4aW9Y+g0XUPhqG1D6OhNQ+TIvUPn441j6vCNY+
IQ/WPhBf1T62n9Y+ibvWPjAD1j5CT9Y+6gfWPv/m1D7GltQ+OZ7UPpQV1D6sN9U+rbTTPn68
1D5AqNQ+Ji/UPjVa1z5OpNQ+qg3XPrP50z5n2dQ+5SLWPp9W1T7lPdU+S1TXPizg1D49qNM+
amrVPoPN1D406dQ+VezVPs6a1z6lIdc+fRjVPmce1T5xx9Q+jO/WPvKc1T4Oy9U+XXDVPtP7
1D6pzNQ++hfWPqh01T4+EdY+XKXVPr531z7BZdc+10PVPkFL2D6LX9U+llHUPluT0z7+jtM+
mX7TPtOa1j75rdU+1crWPvaM1j43r9Q+9uPUPj5m1T4OqNU+gKHUPkLD1D5feNY+TyzTPl4t
1T5MndM+/mLTPgpF1z7wVtQ+ROvTPqFN1D5/C9U+ecDTPohJ1D4kddQ+0CfUPq2H1D4rctQ+
Ua3UPgYV1T6V3NU+</AssayYData></Step><Step><CommonData><SampleLocation>9</SampleLocation><SampleID></SampleID><SampleGroup></SampleGroup><SampleInfo></SampleInfo><SampleRow>D</SampleRow><SamplePlate>1</SamplePlate><WellType>KSAMPLE</WellType><Concentration>-1</Concentration><ConcentrationUnits>µg/ml</ConcentrationUnits><MolarConcentration>50</MolarConcentration><MolarConcUnits>µM</MolarConcUnits><MolecularWeight>-1</MolecularWeight><Temperature>25.4</Temperature><StartTime>2879516</StartTime><AssayTime>60</AssayTime></CommonData><FlowRate>1000</FlowRate><StepType>ASSOC</StepType><StepName>Association</StepName><StepStatus>OK</StepStatus><ActualTime>60.009</ActualTime><CycleTime>0.2</CycleTime><AssayXData Points="300">0VcjRL9kI0S9cSNEtH0jRLKKI0SwlyNErqQjRKyxI0SkvSNEmMsjRI/XI0SN5CNEi/EjRIn+
I0SBCiREdRgkRH0kJERrMSREYj0kRGBKJEReVyREUmUkRFpxJERIfiRERoskRE6XJEQ7pCRE
ObEkRDe+JEQ1yyRELdckRCvkJEQZ8SREF/4kRBULJUQTGCVECiQlRAgxJUQGPiVE9EolRPJX
JUTqYyVE6HAlROx+JUTjiiVE4ZclRM+kJUTXsCVExb0lRMnLJUTB1yVEv+QlRL3xJUSq/iVE
sgomRKYYJkSeJCZEnDEmRJo+JkSSSiZEj1cmRI1kJkR7cSZEg30mRHeLJkR1mCZEbaQmRHux
JkRpviZEYMomRF7XJkRS5SZESvEmREj+JkRGCydEPhcnRDwkJ0QvMidEJz4nRCVLJ0QzWCdE
IWUnRBlxJ0QXfidEBIsnRAyXJ0QApSdE+LAnRPa9J0T6yydE8tcnROrjJ0To8CdE1f0nRNMK
KETRFyhEzyQoRMcwKETFPShEuEsoRLBXKES4YyhErHEoRKR9KESiiihElpgoRJ6kKESmsChE
ib4oRIHKKER/1yhEg+UoRHvxKERz/ShEZgspRKAXKURtJClEWjEpRFg+KURQSilEVFgpRExk
KURKcSlEUn0pRDWLKUQ+lylEK6QpRCmxKUQnvilEH8opRBPYKUQb5ClECPEpRAz/KUQECypE
/BYqRBAlKkT4MCpE9j0qROpLKkThVypE2WMqRN1xKkTVfSpE04oqRNGXKkTPpCpEx7AqRLq+
KkSyyipEsNcqRK7kKkSs8SpEtP0qRJgLK0SPFytEjSQrRIUwK0SJPitEgUorRH9XK0RtZCtE
i3ErRHN9K0RxiitEXpcrRFykK0RasStEWL4rRFDKK0RE2CtEPOQrRDnxK0Q+/ytENQssRC0X
LEQxJSxEKTEsRBc+LEQVSyxEE1gsRApkLEQIcSxEBn4sRBWLLETylyxE8KQsROiwLETsvixE
48osROHXLETZ4yxE1/AsRNX9LETDCi1ExxgtRL8kLUS2MC1Euj4tRLJKLUSgVy1EnmQtRJxx
LUSUfS1EmIstRI+XLUSNpC1Ei7EtRHm+LURxyi1EddgtRG3kLURr8S1EYv0tRGAKLkReFy5E
UiUuREoxLkRIPi5EQEouRD5XLkQ8ZC5EOXEuRCd+LkQliy5ELZcuRBukLkQZsS5EF74uRCXL
LkQC2C5ECuQuRP7xLkT2/S5E9AovRPIXL0TqIy9E6DAvRNs+L0TTSi9E0VcvRM9kL0THcC9E
xX0vRLiLL0TBly9ErqQvRLawL0SkvS9EosovRKDXL0Se5C9EnPEvRJT9L0SSCjBEjxcwRH0k
MER7MTBEcz0wRHFKMERkWDBEfWQwRFpxMERYfjBEVoswRE6XMERSpTBESrEwREi+MEQ1yzBE
PtcwRCvkMEQv8jBEJ/4wRCULMUQjGDFEGyQxRBkxMUQGPjFEBEsxRPxWMUQAZTFE+HAxRPZ9
MUTqizFE4ZcxROqjMUTosDFE1b0xRNPKMUTR1zFEv+QxRMfwMUTF/TFEuAsyRLAXMkS/JDJE
zTEyRKo+MkSYSzJE</AssayXData><AssayYData Points="300">uGZYP6aYXT86bV8/WupeP79NYD/Q5mA/fHFgP1wAYD/iI2I/P6tfP2PYYD+XamA/+r1gP1v4
YD/9oGE/ZNtgPw39Xz/iS2E/rgZhP5ffYD/oPWE/BlVgPx5EYD+BNGE/iyxhP4z5YT9TtGE/
fGZhP3YRYT/hWWE/V2JhPztYYT8gBmE/f/1hPyTOYD/5KGE/1/FfP9lrYD/XbGI/HAViP4yi
YD9JEGE/j/RgP+WMYT8dDGI/z4phP589Yj/6qGE/4IthP5F0YT9qj2A/c4diP4yjYj8oHWE/
q7thPwc3YT926GE/VidiPwEnYj8oMGI/5NZhPx5MYj85kWI/YGZiP2ffYD8deGI/eb9hP9Xk
YD/BSmE/eB9hP1tlYj85KGI/q2hiPzGyYT9+aWI/ue1gP12DYj+naWE/qjVhP7mGYj9jgWI/
vG9iP+RZYj9R/WE/ZPxhPxzaYT+RqGI//qdhPxLBYj+AN2E/CwJhP+GqYT91aWI/V1liP2Dt
YT+BcmI//AJiPyj/YT85SWI/cBtiPwUfYj9N92E/7rhiP2AgYj/0y2E/yjNhP/epYj99FWI/
De9hP1ulYj/ckmE/o/FgP+Q0Yj+epmE/NJxiPwI7Yj80YWI/LTxiP2rcYz977WE/ElliP2Dc
Yj+jgWI/T1diP/RMYj8UPWI/Hs1hP9jTYj8L6mI/kcRhPzzRYT+bLmI/JJpiP6JSYz+s42E/
GmthPz2qYj/lGWE/r9phP9S9Yj81umE/kONhPyrOYj8nI2I/o2ZiP+McYj+I6mE/fBVjP6JP
Yj+NE2I/GZJiPxHyYT83dWI/b+piP+YtYj/ldGM/5IFiPy+WYT/8U2I/IwBiP6g8Yz9332E/
lmBiPyJxYT+g/WI/xR9iP7DoYj+QXWI/n+phPwq/Yj8fSGM/RJxiPyBlYj88gWE/x+ZiPwiQ
Yj+SRmI/e55iP0oTYz/5OmI/imZjP4UNYz9ZjGM/bhdjP3/IYj/8i2I/cOdiPy0hYz8tYGI/
kLJhP6ESYz8tZ2I/dJhiP0MjYj/1wWM/fiFjP4y5YT+lQ2M/c29iP7xLYz+mUWM/x7xiP0fc
Yz+8PGM/IZZiPwDaYj+BrWI/VhViP0jEYj/a6mM/SPFiP2wqYz9FDGM/e2xiP2NrYj/PnmI/
v35hP6yzYj8CzmI/irZiP13QYj9JC2M/IMliP5GvYj/m3WE/ioVhPyvpYT/uUWI/4y1iP+YS
Yj/KTWM/9FJiP6tAYj8r+2I/5btiPy8/Yz8P3mI/iP1iP6GZYz9SGmM/HiRiP6FsYz9zaGM/
6ERiP7HzYj/E52I/+01jP5l/Yz+49GE/ZaliPzmIYz9j/GI/azdjP9lXYz9e4GE/QzZjP1Pn
YT9IKGI/4ypjP6/jYj81ZGI/yjdiP3U4Yj/qDmI/FPhiP7PEYT9AyGI/EAZiP6KtYj8lIGM/
xiliP2kwYz+xa2I/HX9iP6yjYT+8W2I/ZqFiP69UYj+7VWM/3PNhP6UCYj9cTGI/jcRiP3Ge
Yj+ooWI/VZNiP4vrYj8GD2I/gzZjPyvtYj+W6WI/U8NjPyluYz8jDmQ/ajhjP7peYj+8ImM/
AoBiP4zcYz+A1WM/</AssayYData></Step><Step><CommonData><SampleLocation>11</SampleLocation><SampleID></SampleID><SampleGroup></SampleGroup><SampleInfo></SampleInfo><SampleRow>D</SampleRow><SamplePlate>1</SamplePlate><WellType>BUFFER</WellType><Concentration>-1</Concentration><ConcentrationUnits>µg/ml</ConcentrationUnits><MolarConcentration>-1</MolarConcentration><MolarConcUnits>µM</MolarConcUnits><MolecularWeight>-1</MolecularWeight><Temperature>25.4</Temperature><StartTime>2949980</StartTime><AssayTime>60</AssayTime></CommonData><FlowRate>1000</FlowRate><StepType>DISASSOC</StepType><StepName>Dissociation</StepName><StepStatus>OK</StepStatus><ActualTime>59.996</ActualTime><CycleTime>0.2</CycleTime><AssayXData Points="300">ZVgyRF1kMkRbcTJEWX4yRFeLMkREmDJEQqUyRECyMkQ4vjJENssyRDTYMkQy5TJEMPIyRCj+
MkQbDDNEExgzRBElM0QPMjNEDT8zRAVLM0T4WDNE8GQzRO5xM0TsfjNE5IozROKXM0TmpTNE
3rEzRMu+M0TJyzNEwdczRL/kM0S98TNEu/4zRLkLNESxFzREryQ0RJwxNESgPzREmEs0RJZY
NESOZDREjHE0RIp+NER3izREdZg0RG2kNERrsTREb780RGfLNERl2DREU+U0RFHyNERI/jRE
TAw1RFUYNURCJTVEOjE1RDg+NUQ2SzVEKlk1RCFlNUQfcjVEHX81RBWLNUQTmDVEEaU1RIKy
NUT9vjVE+ss1RPLXNUTw5DVE5PI1ROz+NUTaCzZE0hc2RNAkNkTNMTZEyz42RMlLNkTBVzZE
v2Q2RLNyNkSrfjZEqYs2RKeYNkSepDZEnLE2RJC/NkSIyzZEkNc2RITlNkR88TZEef42RH4M
N0R1GDdEcyU3RGsxN0RpPjdEV0s3RFVYN0RTZTdESnE3RE5/N0Q8jDdENJg3RFOlN0QwsjdE
KL43RCbLN0Qj2DdEIeU3RBnxN0QN/zdEBQs4RAMYOEQBJThE/zE4RPY9OETqSzhE8lc4RPBk
OETecThE3H44RNSKOETSlzhE0KQ4RM2xOETBvzhEucs4RMHXOESv5DhErfE4RKv+OESpCzlE
lhg5RJ4kOUSMMTlEij45RJhLOUSGWDlEhGU5RHxxOUR5fjlEbYw5RGWYOURtpDlEYbI5RFm+
OURXyzlEVdg5RELlOURK8TlETv85RFcLOkQ0GDpEMiU6RDAyOkQoPjpEG0w6RBNYOkQRZTpE
D3I6RA1/OkQFizpEA5g6RAGlOkQwsjpE9r06ROrLOkTi1zpEAeU6ROTyOkTc/jpE1Ao7ROIX
O0S/JDtEvTE7RME/O0S5SztEsVc7RKRlO0StcTtEmn47RJiLO0SWmDtEjqQ7RIyxO0SKvjtE
iMs7RHXYO0Rz5TtEa/E7RG//O0RnCzxEZRg8RF0kPERbMTxEWT48REZLPER1WDxEnmQ8RGtx
PET9fjxEqYs8RESYPERCpTxEQLI8RDi+PEQ2yzxENNg8RCHlPEQq8TxEHf88RBULPUQTGD1E
ESU9RA8yPUQHPj1E9Eo9RPJXPUTwZD1E9HI9ROx+PUTkij1E2Jg9ROCkPUTNsT1Ey749RMnL
PUTB1z1EteU9RL3xPUS7/j1Eswo+RKcYPkS/JD5EojI+RJo+PkSYSz5EkFc+RI5kPkSMcT5E
en4+RHeLPkR1mD5EbaQ+RHGyPkRpvj5EV8s+RFXYPkRT5T5ESvE+RE7/PkRGCz9ERBg/REIl
P0QwMj9EKD4/RCxMP0QjWD9EIWU/RB9yP0QNfz9EFYs/RAOYP0QBpT9E/7E/RP2+P0T6yz9E
8tc/ROblP0Te8T9E3P4/RNQKQETSF0BE0CRARM0xQETLPkBEuUtARMFXQES1ZUBErXFARKt+
QESpi0BEp5hARJ6kQESSskBEir5ARIjLQESG2EBEhOVARIzxQERv/0BEdwtBRGUYQURdJEFE
WzFBRFk+QURXS0FE</AssayXData><AssayYData Points="300">qBEkP68gCj9oYfA+WwjgPoUH2T7VEdc+RI7YPiGt1j4VMtc+7ILXPoUY1j6eltY+eEvYPn6O
1j7P5dc+MKnXPnhi1z5K8tQ+vkDXPh8i1z6nNtY+ctvWPiMf1z4Q8NQ+vWnVPlIR1z4ed9Y+
/N7UPodp1j48udU+4jzXPj+u1T4cm9Y+QdjVPr+41j65H9Y+dEzWPttw1T4a8tY+TEzWPubj
1T7EK9U+0MrWPtGe1T4vINY+oYbXPpsQ1D6TLtY+gmPWPmY21j4ir9U+eN3VPtMZ1j7Hotc+
7szWPvIh1T4FbtY+707UPnxx1j6QNtY++PPUPj821T7gw9U+o9TWPlbe0z43NdU+ik3VPh+P
1T7/KNY+EtXWPmpi1D4DaNY+pgrVPqya1z6+LdY+3yvUPhn01D7/bdU+NQvWPk500z6I5tI+
6DTVPrtL1D7hmdQ+xK/TPnZV1D7dsNM+5DTVPhaF1T44gdQ+kUvVPoq61D6zKdY+BFTVPis6
1T7rt9M+pkbUPj3Q0z6B6dQ+gHbTPlW71D4GmdM++kjWPhk/1D4HCtU+m7HUPtKF1T43pNQ+
7+3VPmgb1T7iFNY+KOTSPuc71D4cJ9U+UrDTPrKi1T7vINU+6XfUPvCK0z6/X9U+WX/UPvR8
1D7e4NQ+LDTWPlWz1T6yt9E+JRbWPsxH1D5LkNI+ievUPg0y1D66/9U+YW/WPieg0z6oVtM+
75/VPrsJ1j5q0NU+05/WPn1l1D6Uz9M+9zfUPtZy1D5btdQ+G13VPn5E1D4vx9M+TRbVPpyS
1D7C1dM+3cPWPmWK1D6XCNQ+/RLVPp5W1j7fntQ+PILUPipz1D5429Q+8v3TPm6E1D5S1NQ+
pjjUPiuL0z6COdU+mCzUPlSN1T4PKtU+S6PVPs5u1D6wQ9M+nHPUPogQ1T5fU9U+BuXTPmxu
0z6oR9Q+BujTPpki1D7C8tM+AgHWPmHx0z4cDdU+/+DUPuoo0j49ydQ+JdHTPk/E0j7HQNQ+
MEfXPsH10z7DMtM+s7rTPrOY0z4VZdM+RNLTPriS1T7N0NQ+45rTPuhE1D7zH9M+feTUPtNm
0z4PudM+n/3VPhDh0j71HdQ+u/vUPvPd0T4u0NE+N/bSPvhm1T7U5dI+yB7TPqd01j4Qf9M+
cwDUPjaP0z5n3tI+7Z7TPl9O1D7aw9M+YjTTPl191D7KCtM+NEnUPqZo1D5KEdU+ArbTPvfz
1T5PotM+TTDTPhb51D6o09E+vrfUPogr1D7qVdQ+ls/UPrRK1T40S9Q+MFfUPql50z5tpdQ+
zs3UPvxK0z7cR9Q+rM7TPoyU1D5GiNM+Sw7UPqk11D7/OdI+rLfSPnwX1D7qq9U+Q9bTPuIO
0z4owNQ+uDnTPuB30z5JCdI+N+nUPjNZ1D4cUtQ+wFLUPh8e1D7CktM+l/3SPlhd0z7CK9Q+
hGnTPo0S0j7TDtM+vMDTPsii1D4XmdY++srTPujg0z43GdQ+rZLSPjAs1D6SlNI+Ey7UPtUn
0z5ju9Q+e/bTPoN61D6cqNI+dLjSPnOH0j4r3NM+QTHSPjuN0z6bpdI+rt3UPmkh1T5+e9E+
wEPSPu/U0j7DS9M+</AssayYData></Step><Step><CommonData><SampleLocation>10</SampleLocation><SampleID></SampleID><SampleGroup></SampleGroup><SampleInfo></SampleInfo><SampleRow>D</SampleRow><SamplePlate>1</SamplePlate><WellType>KSAMPLE</WellType><Concentration>-1</Concentration><ConcentrationUnits>µg/ml</ConcentrationUnits><MolarConcentration>100</MolarConcentration><MolarConcUnits>µM</MolarConcUnits><MolecularWeight>-1</MolecularWeight><Temperature>25.4</Temperature><StartTime>3020446</StartTime><AssayTime>60</AssayTime></CommonData><FlowRate>1000</FlowRate><StepType>ASSOC</StepType><StepName>Association</StepName><StepStatus>OK</StepStatus><ActualTime>60.01</ActualTime><CycleTime>0.2</CycleTime><AssayXData Points="300">JFhBRCJlQUQacUFEWX5BRByMQUQUmEFEAaVBRCCyQUQHvkFE9cpBRPnYQUTx5EFE6fBBRO3+
QUTlCkJE0hdCRPclQkTOMUJExj1CRMRKQkTCV0JEwGRCRL5xQkSrfkJEo4pCRKeYQkSfpEJE
nbFCRKu+QkTKy0JEhthCRI7kQkSC8kJEm/5CRHgLQ0R2GENEbiRDRGwxQ0RfP0NEV0tDRE9X
Q0RTZUNES3FDREl+Q0RHi0NENJhDRD2kQ0QwskNEKL5DRCbLQ0Qq2UNEU+VDRBDyQ0QY/kNE
FgtERAMYREQBJURE/zFERPc9RETrS0RE81dEROBkRETpcERE3H5ERNSKRETSl0RExqVERL6x
RETGvUREustERLHXRESv5ERErfFERKv+RESjCkVElxhFRJ8kRUTOMUVEij5FRIhLRUSAV0VE
hGVFRHxxRUR6fkVEgopFRGaYRURdpEVEW7FFRFm+RURXy0VET9dFRE3kRUQ78UVEOP5FRDYL
RkQ0GEZELCRGRDAyRkQoPkZEJktGRBRYRkQSZUZECXFGRA1/RkQFi0ZEA5hGRAGlRkTvsUZE
971GROvLRkTi10ZEMuVGRN7xRkTc/kZE1ApHRMgYR0TAJEdEvjFHRNY9R0S6S0dEsVdHRKVl
R0StcUdEvH5HRJOKR0SRl0dEjqRHRIyxR0SKvkdEiMtHRIDXR0R05UdEfPFHRGr+R0RoC0hE
ZhhIRF0kSERRMkhEWT5IREdLSERPV0hEPWRIRDtxSEQ/f0hENotIRCSYSEQspEhEKrFIRBi+
SEQWy0hEFNhIRBLlSEQJ8UhEB/5IRPUKSUT5GElE8SRJRO8xSUTnPUlE5EpJROJXSUTgZElE
znFJRMZ9SUTUiklEyJhJRMCkSUS+sUlEq75JRLPKSUSh10lEpeVJRM7xSUSb/klEkwpKRJEX
SkSvJEpExDJKRHo+SkR4S0pEdlhKRG5kSkRscUpEan5KRFeLSkRfl0pETaRKREuxSkRJvkpE
R8tKREXYSkQy5UpEOvFKRCj+SkQmC0tEJBhLRCIlS0QqMUtEST5LRAtMS0QUWEtEAWVLRP9x
S0T3fUtE9YpLRPOXS0TxpEtE77FLRNy+S0TUyktE0tdLROflS0TO8UtEzP5LRMQKTETSF0xE
ryRMRK0xTESrPkxEo0pMRKdYTESlZUxEnXFMRIp+TESIi0xEgJdMRH6kTERyskxEer5MRHLK
TERm2ExEbuRMRGHyTESx/0xEVwtNRFUYTURDJU1ESzFNREk+TUQ2S01ENFhNRCxkTUQwck1E
KH5NRCaLTUQUmE1EEqVNRAmxTUQHvk1EFstNRNjYTUQB5U1E//FNRPf9TUTkCk5E4hdOROAk
TkTeMU5E3D5ORNRKTkTzV05ExmVORL5xTkTGfU5EuotORLGXTkSvpE5EvrFORJu+TkSjyk5E
l9hORI7kTkSM8U5Eiv5ORIgLT0SAF09EdCVPRGwxT0RqPk9EaEtPRGZYT0RdZE9EW3FPRFl+
T0RHi09ET5dPREOlT0Q6sU9EOL5PRCzMT0Q02E9ELORPRCDyT0Q4/k9EFgtQRBoZUEQSJVBE
CTFQRHA/UET7S1BE</AssayXData><AssayYData Points="300">75J2P3AHfj+wSoA/ylWAP+5cgD+QeoA/FwuAP5nTgD+nb4A/+oWAP7SGgD8Z44A/4LGAP5qH
gD+Q2YA/Qv2AP5oVgT/BlYA/bdaAP/7ggD8kCoE/aIGAP26CgD/nyIA/rs+APwuhgT/x3IA/
cByBPyPzgD9bboE/pAeBPwT7gD/w3YA/CM2AP3VZgT/1I4E/oxGBP677gD/o7YA/d4+BP1ZB
gT80FoE/CmmBPwKZgT9RR4E/9UiBP9Y4gT88ToE/kuSAPy38gD+GloE/w4aBP68ogT81bYE/
vymBP/E8gT/IBYE/MFKBP8COgT+aYoE/KziBP9AhgT+bSIE/lhiBP3g2gT+nwoA/ioiBPwwB
gT8WeYE/myqBP5xngT/KOIE/0RuBP+vxgD93aoE/UzmBP4f0gD8gxIE/2zKBP90fgT/lYoE/
vB2BP8JygT93boE/1eGBP4KNgT8qSIE/0UyBP0CdgT/9g4E/X2eBPw+NgT95CYE/uXqBPxI/
gT/S0oE/HOOBP5Y7gT8cGYE/aFKBP7kzgT9hj4E/xKuBP9dagT8/RIE/fueBPy0sgT+QS4E/
lgmBP1x4gT+IVYE/HcCBP6OfgD86kYE/esSBP8ItgT9iGoI/NzmBP7DtgT9ch4E/BbCBPzPc
gT+yr4E/mMiBP1KAgT8OfYE/DM+BPxWdgT/gvoE/NPaBPyHzgT/A8oE/M86BPwKxgT8/HoI/
WJ2BP4ZbgT/dDIE/qKyBPyrygT8Vt4E/NWaBP6EygT/wv4E/o6qBP48XgT/aTIE/OcaBP4jp
gT/KIYI/BM2BP2z9gT8Vh4E/0aGBP51ggT+4poE/jt+BPy+cgT+xLYE/bf+BP01jgT9T54E/
QNuBPzuPgT+cd4E/X5mBP8yngT9HGII/MSeCP0v3gT9U7IE/65OBP4cCgj8qxoE/lymBP7ep
gT9wvYE/eKSBPwGKgj+1ZoE/3KSBP6hpgT/rXoE/Rn6BPxrNgT+KtYE/h1WBPxztgT9Rz4E/
R7+BP0tdgj83sIE/IvCBP7HHgT/kA4I/ibqBPwzzgT/qY4I/iTWBPyHlgT9y4oE/xgyCP4mM
gT+i1YE/LLmBP+WGgT+GooE/xOuBPzzCgT9tq4E/jYWBP1SggT/xv4E/6KuBP6fBgT/Y5oE/
7luBP+uJgT8j8YE/P6aBPxHMgT/t14E/hr6BP5mZgT/D0IE/tLiBP+KLgj9oTYI/op+BP7x0
gT/IOoI/91SCP131gT9amIE/a5GBP3fdgT/Ai4E/2cqBPymPgT8BpoE/FoOBPzOdgT+xlYE/
XW2BP3OHgT9MAII/cWaBP9V9gT96t4E/fkiBPx2vgT+51IE/PeCBP1SBgT8sv4E/GlmBP2mg
gT9AZ4E/7ByBP6cDgj+hUoI/acyBP8cFgj86yoE/XUSCP2wFgj8xB4I///GBP8mvgT+TzoE/
XEOBP00Lgj/kQoI/vm6BP4nQgT/udII/VNKBP0/2gT8Z0oE/rQGCP+v+gT8NoIE/bSaBP/OV
gT96gIE/KmGBP3A4gj8Y6YE/KMCBP4WegT9nxYE/Z9GBP4X+gT8DxYE/immCP+iCgT9B3IE/
BiOCPyUngj9f7YE/</AssayYData></Step><Step><CommonData><SampleLocation>11</SampleLocation><SampleID></SampleID><SampleGroup></SampleGroup><SampleInfo></SampleInfo><SampleRow>D</SampleRow><SamplePlate>1</SamplePlate><WellType>BUFFER</WellType><Concentration>-1</Concentration><ConcentrationUnits>µg/ml</ConcentrationUnits><MolarConcentration>-1</MolarConcentration><MolarConcUnits>µM</MolarConcUnits><MolecularWeight>-1</MolecularWeight><Temperature>25.4</Temperature><StartTime>3091285</StartTime><AssayTime>60</AssayTime></CommonData><FlowRate>1000</FlowRate><StepType>DISASSOC</StepType><StepName>Dissociation</StepName><StepStatus>OK</StepStatus><ActualTime>59.995</ActualTime><CycleTime>0.2</CycleTime><AssayXData Points="300">yFhQRMZlUES+cVBEvH5QRLqLUES4mFBEr6RQRKOyUESrvlBEn8xQRN/ZUESV5VBEjfFQRIv+
UESJC1FEdhhRRHomUURyMlFEaj5RRG5MUURmWFFEZGVRRGJyUUSRf1FER4tRREuZUURDpVFE
QbJRRD+/UUQ9zFFENdhRRCjmUUQg8lFEHv9RRBYLUkQkGFJEEiVSRBAyUkT9PlJE+0tSRPlY
UkT3ZVJE73FSRO1+UkTri1JE2JhSROGkUkTUslJEzL5SRMrLUkTI2FJExuVSRL7xUkSx/1JE
qQtTRKcYU0SlJVNEozJTRJs+U0SZS1NEl1hTRIRlU0SCclNEgH9TRHiLU0R8mVNEdKVTRHKy
U0RqvlNEaMtTRFXYU0RZ5lNEUfJTRE//U0RHC1RERRhUREMlVEQwMlRELj9URCxMVEQkWFRE
KGZURCByVEQef1REDIxURAqZVEQBpVREJrNURP2+VET7y1RE89dURPHkVETv8VRE4/9URNoL
VUTYGFVE9yVVRMQyVUTMPlVEyktVRLhYVUS2ZVVErXFVRKt+VUSpi1VEp5hVRKWlVUSTslVE
i75VRIjLVUSG2FVEhOVVRILyVUR6/lVEeAtWRGwZVkRkJVZEYjJWRGA/VkRXS1ZEVVhWRElm
VkRRclZEP39WREeLVkQ1mFZEMqVWRDCyVkQuv1ZEHMxWRBrZVkQi5VZEIPJWRA7/VkQMDFdE
AxhXRAgmV0T1MldE/T5XROtLV0TpWFdE4WRXRN9xV0TSf1dE2otXRNiYV0TWpVdEvrFXRLy+
V0TAzFdEuNhXRLblV0Sj8ldEq/5XRKkLWESXGFhElSVYRI0xWESRP1hEiEtYRIZYWER6ZlhE
cnJYRGp+WERoi1hEZphYRGSlWERislhET79YRFfLWERF2FhEQ+VYREHyWEQ//1hEPQxZRDUY
WUQyJVlEJjNZRB4/WUQmS1lEGllZRBJlWUQQcllEA4BZRAyMWUQDmFlE96VZRO+xWUTtvllE
68tZROnYWUTh5FlE1PJZRMz+WUTKC1pEyBhaRMYlWkS+MVpEvD5aRKlLWkSnWFpEr2RaRKNy
WkSbflpEmYtaRJeYWkSVpVpEjbFaRIC/WkR4y1pEdthaRHrmWkRy8lpEav5aRF4MW0RmGFtE
UyVbRFczW0RPP1tER0tbREtZW0RDZVtEQXJbRC5/W0QsjFtEJJhbRCKlW0QgsltEHr9bRBbL
W0QK2VtEEuVbRP/xW0T9/ltE+wtcRPMXXET3JVxE7zFcRO0+XEThTFxE2FhcRNBkXETUclxE
zH5cRMqLXETImFxEtqVcRK2xXESyv1xEqctcRKfYXESl5VxEk/JcRJv+XESPDF1EhhhdRIQl
XUSCMl1EgD9dRHhLXURsWV1EZGVdRGJyXURZfl1EXoxdRFWYXURTpV1ER7NdRE+/XURHy11E
O9ldRDLlXUQw8l1ELv9dRCwMXkQkGF5EGCZeRBAyXkQOP15EDExeRApZXkQBZV5E9XJeRP1+
XkTri15E85deROelXkTesV5E479eRNrLXkTY2F5E0OReRM7xXkS8/l5EugtfRLgYX0S2JV9E
rTFfRKs+X0SpS19E</AssayXData><AssayYData Points="300">8cs2P8NFEj/6bvw+cPjjPjNH2j6QRNk+9hvYPqeC1j4O6dY+sNXWPnTa1j7Xsdc+26HWPqC9
1j4Bbtc+jJPVPnA/2D4LBdY+pY7WPkNd2D7SQNU+OsTXPlKn1j7i8NY+ewzWPphH1z4AdtY+
BXrVPiBN1T74ntc+weDUPjk32D7JjdU+CPLVPjOh1D60qNQ+1yfWPuOE1D6GEtQ+IhnVPnpg
1T5C99Y+BKLWPiNH1T4erdU+CLDUPnAJ1T5s/NU+5lzUPpbl0z71Hdc+I/7TPoUf1D7fiNU+
IoPVPhJY1T5mrtQ+4fnVPv1n1D6tLNU+SWHVPsS80j6BwdY+uQ7UPvI+1T72ntU+8oHVPvNT
1j7B6NQ+ZfvTPgow1z7YbdQ+UPbUPkgH1D6mM9M+3OfTPtbD1j5uhNY+UjDUPhA71T5QedU+
XzjVPo+K1T5UvdQ+KAHVPkKg0z4oWNQ+m/rTPlyL0z64ndQ+obfTPp9a1j4vB9U+vlnVPiNL
1D52/NM+HOTUPu5I1T5iktQ+XBTUPrnT1D76vNI+58DTPrJT1D48DtU+Gv7UPiOF1D4J99I+
HQ3VPp5A1D7aYdU+oD/VPgUo0z66NtU+SwPWPryc1D5IOtU+JKvTPn7l0z7TUdQ+8+fUPvKt
1T7lxNI+Fv3TPllP1j6VD9E+UlHUPrNW0z6YhNQ+mMPUPo+L1D6xANQ+HP7TPnrG1D6lZdM+
bzjUPsVm1D7nf9I+/j3TPgEr1D7pP9Q+EpLTPmNH0z5Q99M+4hDWPhUv1T6sI9Q+zDfTPkDK
0z6jlNM+nKzTPs480z5mAdQ+F3jVPl5G1D5J8dI+LnzSPmHv0z4QBtQ+d9jUPmZl1D7B9tQ+
cMjVPihW0j5UCdQ+nNjUPvDB0z6XRNM+/anUPrs00z6c1dI+zFnRPvXU0z5QstQ+7QHTPkjK
0j4BvNM+37zTPrrA1D5b1tM+3obRPkbZ0z7TxNM+TxbUPqNT0z7vdNI+ijjTPgL10z49J9M+
iKHSPgvL0T42X9M+HqHUPl720j6AxtE+HYrVPval1D6p8dM+qADTPoi30j6YJ9M+CZXTPg9v
0z5bldQ+AAnTPksq1T5eo9I+lsvUPqMC0j46bNI+MMfSPlqa0D6mhtQ+u8fTPpfL0T4Nk9Q+
xAjUPvfV0T5YvtE+5g7TPr530z7SKtI+PkLVPqWQ0j5l79E+GmjSPswE0z6aedM+LvPRPss0
0j5ei9Q+Mb7RPosZ1D7+AtM+YsTSPi1E0j6lz9I+3bbTPkUv0j7sNtM+XEvRPjqs0j4autI+
r8TSPqrO0j7xxNQ+jqfSPsG60T7j7NM+qyjSPgm90z5g+NM+V3vRPnEJ0z6EMtI+4/7SPsXr
1D6xnNE+OxjTPv9F0T4LlNE+b2/UPlqq0j6CNdM+XjfVPj8m1D5t9NM+OVrSPvaE0z5H5dM+
51zTPs0y0j7WTdQ+1G/SPtbu0D4yl9I+0ZrTPplF0j6W5NM+eqTTPlef0z5nyNE+YuvSPsHA
0z7spdA+Ky7SPnta1D4cZtA+jZPUPoTC1j7gbdI+bjLUPqFh0j4/PNM+WkTSPtz90j5dpdI+
QQLRPj1I0z6IINE+</AssayYData></Step></KineticsData></ExperimentResults>
